#
# There is insufficient memory for the Java Runtime Environment to continue.
# Native memory allocation (mmap) failed to map 65536 bytes for Failed to commit metaspace.
# Possible reasons:
#   The system is out of physical RAM or swap space
#   The process is running with CompressedOops enabled, and the Java Heap may be blocking the growth of the native heap
# Possible solutions:
#   Reduce memory load on the system
#   Increase physical memory or swap space
#   Check if swap backing store is full
#   Decrease Java heap size (-Xmx/-Xms)
#   Decrease number of Java threads
#   Decrease Java thread stack sizes (-Xss)
#   Set larger code cache with -XX:ReservedCodeCacheSize=
#   JVM is running with Unscaled Compressed Oops mode in which the Java heap is
#     placed in the first 4GB address space. The Java Heap base address is the
#     maximum limit for the native heap growth. Please use -XX:HeapBaseMinAddress
#     to set the Java Heap base and to place the Java Heap above 4GB virtual address.
# This output file may be truncated or incomplete.
#
#  Out of Memory Error (virtualSpaceNode.cpp:110), pid=10140, tid=17044
#
# JRE version: Java(TM) SE Runtime Environment (17.0.12+8) (build 17.0.12+8-LTS-286)
# Java VM: Java HotSpot(TM) 64-Bit Server VM (17.0.12+8-LTS-286, mixed mode, emulated-client, tiered, compressed oops, compressed class ptrs, g1 gc, windows-amd64)
# No core dump will be written. Minidumps are not enabled by default on client versions of Windows
#

---------------  S U M M A R Y ------------

Command Line: -XX:TieredStopAtLevel=1 -Xverify:none -Dspring.output.ansi.enabled=always -javaagent:C:\Program Files\JetBrains\IntelliJ IDEA 2021.2.3\lib\idea_rt.jar=7669:C:\Program Files\JetBrains\IntelliJ IDEA 2021.2.3\bin -Dcom.sun.management.jmxremote -Dspring.jmx.enabled=true -Dspring.liveBeansView.mbeanDomain -Dspring.application.admin.enabled=true -Dfile.encoding=UTF-8 com.employeeConnect.Employee_Service.EmployeeServiceApplication

Host: 11th Gen Intel(R) Core(TM) i3-1115G4 @ 3.00GHz, 4 cores, 3G,  Windows 10 , 64 bit Build 19041 (10.0.19041.3636)
Time: Tue Sep  2 13:22:43 2025 Sri Lanka Standard Time elapsed time: 4.031111 seconds (0d 0h 0m 4s)

---------------  T H R E A D  ---------------

Current thread (0x0000021454676ed0):  JavaThread "main" [_thread_in_vm, id=17044, stack(0x000000958c600000,0x000000958c700000)]

Stack: [0x000000958c600000,0x000000958c700000]
Native frames: (J=compiled Java code, j=interpreted, Vv=VM code, C=native code)
V  [jvm.dll+0x67a04a]
V  [jvm.dll+0x7da4ed]
V  [jvm.dll+0x7dbe33]
V  [jvm.dll+0x7dc4a3]
V  [jvm.dll+0x24508f]
V  [jvm.dll+0x7d60bb]
V  [jvm.dll+0x6206c6]
V  [jvm.dll+0x1bed07]
V  [jvm.dll+0x623022]
V  [jvm.dll+0x621086]
V  [jvm.dll+0x23a821]
V  [jvm.dll+0x1e8e87]
V  [jvm.dll+0x1dea41]
V  [jvm.dll+0x53f78c]
V  [jvm.dll+0x7553b8]
V  [jvm.dll+0x7554a4]
V  [jvm.dll+0x40d1af]
V  [jvm.dll+0x413c39]
C  [java.dll+0x17ec]

Java frames: (J=compiled Java code, j=interpreted, Vv=VM code)
J 1217  java.lang.ClassLoader.defineClass1(Ljava/lang/ClassLoader;Ljava/lang/String;[BIILjava/security/ProtectionDomain;Ljava/lang/String;)Ljava/lang/Class; java.base@17.0.12 (0 bytes) @ 0x000002145c1f685b [0x000002145c1f67a0+0x00000000000000bb]
j  java.lang.ClassLoader.defineClass(Ljava/lang/String;[BIILjava/security/ProtectionDomain;)Ljava/lang/Class;+27 java.base@17.0.12
j  java.security.SecureClassLoader.defineClass(Ljava/lang/String;[BIILjava/security/CodeSource;)Ljava/lang/Class;+12 java.base@17.0.12
j  jdk.internal.loader.BuiltinClassLoader.defineClass(Ljava/lang/String;Ljdk/internal/loader/Resource;)Ljava/lang/Class;+117 java.base@17.0.12
j  jdk.internal.loader.BuiltinClassLoader.findClassOnClassPathOrNull(Ljava/lang/String;)Ljava/lang/Class;+37 java.base@17.0.12
J 1084 c1 jdk.internal.loader.BuiltinClassLoader.loadClassOrNull(Ljava/lang/String;Z)Ljava/lang/Class; java.base@17.0.12 (143 bytes) @ 0x000002145c1b8bc4 [0x000002145c1b8780+0x0000000000000444]
J 1158 c1 jdk.internal.loader.ClassLoaders$AppClassLoader.loadClass(Ljava/lang/String;Z)Ljava/lang/Class; java.base@17.0.12 (40 bytes) @ 0x000002145c1d9d24 [0x000002145c1d9be0+0x0000000000000144]
J 1153 c1 java.lang.ClassLoader.loadClass(Ljava/lang/String;)Ljava/lang/Class; java.base@17.0.12 (7 bytes) @ 0x000002145c1d8b64 [0x000002145c1d8b20+0x0000000000000044]
v  ~StubRoutines::call_stub
j  org.springframework.core.annotation.TypeMappedAnnotations$MergedAnnotationFinder.process(Ljava/lang/Object;ILjava/lang/Object;Ljava/lang/annotation/Annotation;)Lorg/springframework/core/annotation/MergedAnnotation;+105
j  org.springframework.core.annotation.TypeMappedAnnotations$MergedAnnotationFinder.doWithAnnotations(Ljava/lang/Object;ILjava/lang/Object;[Ljava/lang/annotation/Annotation;)Lorg/springframework/core/annotation/MergedAnnotation;+54
j  org.springframework.core.annotation.TypeMappedAnnotations$MergedAnnotationFinder.doWithAnnotations(Ljava/lang/Object;ILjava/lang/Object;[Ljava/lang/annotation/Annotation;)Ljava/lang/Object;+6
j  org.springframework.core.annotation.AnnotationsScanner.processClassHierarchy(Ljava/lang/Object;[ILjava/lang/Class;Lorg/springframework/core/annotation/AnnotationsProcessor;ZZ)Ljava/lang/Object;+44
j  org.springframework.core.annotation.AnnotationsScanner.processClassHierarchy(Ljava/lang/Object;Ljava/lang/Class;Lorg/springframework/core/annotation/AnnotationsProcessor;ZZ)Ljava/lang/Object;+13
j  org.springframework.core.annotation.AnnotationsScanner.processClass(Ljava/lang/Object;Ljava/lang/Class;Lorg/springframework/core/annotation/MergedAnnotations$SearchStrategy;Lorg/springframework/core/annotation/AnnotationsProcessor;)Ljava/lang/Object;+73
j  org.springframework.core.annotation.AnnotationsScanner.process(Ljava/lang/Object;Ljava/lang/reflect/AnnotatedElement;Lorg/springframework/core/annotation/MergedAnnotations$SearchStrategy;Lorg/springframework/core/annotation/AnnotationsProcessor;)Ljava/lang/Object;+14
j  org.springframework.core.annotation.AnnotationsScanner.scan(Ljava/lang/Object;Ljava/lang/reflect/AnnotatedElement;Lorg/springframework/core/annotation/MergedAnnotations$SearchStrategy;Lorg/springframework/core/annotation/AnnotationsProcessor;)Ljava/lang/Object;+4
j  org.springframework.core.annotation.TypeMappedAnnotations.scan(Ljava/lang/Object;Lorg/springframework/core/annotation/AnnotationsProcessor;)Ljava/lang/Object;+56
j  org.springframework.core.annotation.TypeMappedAnnotations.get(Ljava/lang/Class;Ljava/util/function/Predicate;Lorg/springframework/core/annotation/MergedAnnotationSelector;)Lorg/springframework/core/annotation/MergedAnnotation;+30
j  org.springframework.core.annotation.TypeMappedAnnotations.get(Ljava/lang/Class;)Lorg/springframework/core/annotation/MergedAnnotation;+4
j  org.springframework.core.annotation.OrderUtils.findOrder(Lorg/springframework/core/annotation/MergedAnnotations;)Ljava/lang/Integer;+3
j  org.springframework.core.annotation.OrderUtils.getOrderFromAnnotations(Ljava/lang/reflect/AnnotatedElement;Lorg/springframework/core/annotation/MergedAnnotations;)Ljava/lang/Integer;+43
j  org.springframework.core.annotation.AnnotationAwareOrderComparator.findOrderFromAnnotation(Ljava/lang/Object;)Ljava/lang/Integer;+29
j  org.springframework.core.annotation.AnnotationAwareOrderComparator.findOrder(Ljava/lang/Object;)Ljava/lang/Integer;+14
j  org.springframework.core.OrderComparator.getOrder(Ljava/lang/Object;)I+6
j  org.springframework.core.OrderComparator.getOrder(Ljava/lang/Object;Lorg/springframework/core/OrderComparator$OrderSourceProvider;)I+107
j  org.springframework.core.OrderComparator.doCompare(Ljava/lang/Object;Ljava/lang/Object;Lorg/springframework/core/OrderComparator$OrderSourceProvider;)I+39
j  org.springframework.core.OrderComparator.compare(Ljava/lang/Object;Ljava/lang/Object;)I+4
j  java.util.TimSort.binarySort([Ljava/lang/Object;IIILjava/util/Comparator;)V+93 java.base@17.0.12
j  java.util.TimSort.sort([Ljava/lang/Object;IILjava/util/Comparator;[Ljava/lang/Object;II)V+73 java.base@17.0.12
j  java.util.Arrays.sort([Ljava/lang/Object;IILjava/util/Comparator;)V+43 java.base@17.0.12
j  java.util.ArrayList.sort(Ljava/util/Comparator;)V+15 java.base@17.0.12
j  org.springframework.core.annotation.AnnotationAwareOrderComparator.sort(Ljava/util/List;)V+14
j  org.springframework.boot.SpringApplication.getSpringFactoriesInstances(Ljava/lang/Class;[Ljava/lang/Class;[Ljava/lang/Object;)Ljava/util/Collection;+36
j  org.springframework.boot.SpringApplication.getSpringFactoriesInstances(Ljava/lang/Class;)Ljava/util/Collection;+10
j  org.springframework.boot.SpringApplication.<init>(Lorg/springframework/core/io/ResourceLoader;[Ljava/lang/Class;)V+142
j  org.springframework.boot.SpringApplication.<init>([Ljava/lang/Class;)V+3
j  org.springframework.boot.SpringApplication.run([Ljava/lang/Class;[Ljava/lang/String;)Lorg/springframework/context/ConfigurableApplicationContext;+5
j  org.springframework.boot.SpringApplication.run(Ljava/lang/Class;[Ljava/lang/String;)Lorg/springframework/context/ConfigurableApplicationContext;+9
j  com.employeeConnect.Employee_Service.EmployeeServiceApplication.main([Ljava/lang/String;)V+3
v  ~StubRoutines::call_stub

---------------  P R O C E S S  ---------------

Threads class SMR info:
_java_thread_list=0x0000021400cd6d70, length=13, elements={
0x0000021454676ed0, 0x00000214001ae620, 0x000002140015bd30, 0x000002140017bcc0,
0x000002140017c790, 0x000002140017f900, 0x00000214001802c0, 0x00000214001d12b0,
0x00000214001d1bc0, 0x000002145471aed0, 0x0000021400b5ad60, 0x0000021400b643b0,
0x0000021400dc4540
}

Java Threads: ( => current thread )
=>0x0000021454676ed0 JavaThread "main" [_thread_in_vm, id=17044, stack(0x000000958c600000,0x000000958c700000)]
  0x00000214001ae620 JavaThread "Reference Handler" daemon [_thread_blocked, id=8540, stack(0x000000958cd00000,0x000000958ce00000)]
  0x000002140015bd30 JavaThread "Finalizer" daemon [_thread_blocked, id=7344, stack(0x000000958ce00000,0x000000958cf00000)]
  0x000002140017bcc0 JavaThread "Signal Dispatcher" daemon [_thread_blocked, id=11012, stack(0x000000958cf00000,0x000000958d000000)]
  0x000002140017c790 JavaThread "Attach Listener" daemon [_thread_blocked, id=8400, stack(0x000000958d000000,0x000000958d100000)]
  0x000002140017f900 JavaThread "Service Thread" daemon [_thread_blocked, id=15648, stack(0x000000958d100000,0x000000958d200000)]
  0x00000214001802c0 JavaThread "Monitor Deflation Thread" daemon [_thread_blocked, id=16728, stack(0x000000958d200000,0x000000958d300000)]
  0x00000214001d12b0 JavaThread "C1 CompilerThread0" daemon [_thread_blocked, id=18260, stack(0x000000958d300000,0x000000958d400000)]
  0x00000214001d1bc0 JavaThread "Sweeper thread" daemon [_thread_blocked, id=17028, stack(0x000000958d400000,0x000000958d500000)]
  0x000002145471aed0 JavaThread "Common-Cleaner" daemon [_thread_blocked, id=18136, stack(0x000000958d500000,0x000000958d600000)]
  0x0000021400b5ad60 JavaThread "Monitor Ctrl-Break" daemon [_thread_in_native, id=4312, stack(0x000000958d600000,0x000000958d700000)]
  0x0000021400b643b0 JavaThread "Notification Thread" daemon [_thread_blocked, id=17116, stack(0x000000958d700000,0x000000958d800000)]
  0x0000021400dc4540 JavaThread "RMI TCP Accept-0" daemon [_thread_in_native, id=5780, stack(0x000000958dc00000,0x000000958dd00000)]

Other Threads:
  0x000002140019ab20 VMThread "VM Thread" [stack: 0x000000958cc00000,0x000000958cd00000] [id=8988]
  0x0000021400dbd200 WatcherThread [stack: 0x000000958dd00000,0x000000958de00000] [id=15980]
  0x00000214546b13b0 GCTaskThread "GC Thread#0" [stack: 0x000000958c700000,0x000000958c800000] [id=17584]
  0x0000021400ca0550 GCTaskThread "GC Thread#1" [stack: 0x000000958d800000,0x000000958d900000] [id=16296]
  0x0000021400ce8a10 GCTaskThread "GC Thread#2" [stack: 0x000000958d900000,0x000000958da00000] [id=15768]
  0x0000021400ce8cd0 GCTaskThread "GC Thread#3" [stack: 0x000000958da00000,0x000000958db00000] [id=7804]
  0x00000214546b9b80 ConcurrentGCThread "G1 Main Marker" [stack: 0x000000958c800000,0x000000958c900000] [id=17908]
  0x00000214546ba590 ConcurrentGCThread "G1 Conc#0" [stack: 0x000000958c900000,0x000000958ca00000] [id=16580]
  0x0000021454704350 ConcurrentGCThread "G1 Refine#0" [stack: 0x000000958ca00000,0x000000958cb00000] [id=14932]
  0x0000021400cde4d0 ConcurrentGCThread "G1 Refine#1" [stack: 0x000000958db00000,0x000000958dc00000] [id=14012]
  0x0000021454704d80 ConcurrentGCThread "G1 Service" [stack: 0x000000958cb00000,0x000000958cc00000] [id=18092]

Threads with active compile tasks:

VM state: not at safepoint (normal execution)

VM Mutex/Monitor currently owned by a thread:  ([mutex/lock_event])
[0x00000214546703d0] Metaspace_lock - owner thread: 0x0000021454676ed0

Heap address: 0x00000000c3c00000, size: 964 MB, Compressed Oops mode: 32-bit

CDS archive(s) not mapped
Compressed class space mapped at: 0x0000000100000000-0x0000000140000000, reserved size: 1073741824
Narrow klass base: 0x0000000000000000, Narrow klass shift: 3, Narrow klass range: 0x140000000

GC Precious Log:
 CPUs: 4 total, 4 available
 Memory: 3852M
 Large Page Support: Disabled
 NUMA Support: Disabled
 Compressed Oops: Enabled (32-bit)
 Heap Region Size: 1M
 Heap Min Capacity: 8M
 Heap Initial Capacity: 62M
 Heap Max Capacity: 964M
 Pre-touch: Disabled
 Parallel Workers: 4
 Concurrent Workers: 1
 Concurrent Refinement Workers: 4
 Periodic GC: Disabled

Heap:
 garbage-first heap   total 63488K, used 12543K [0x00000000c3c00000, 0x0000000100000000)
  region size 1024K, 5 young (5120K), 2 survivors (2048K)
 Metaspace       used 14769K, committed 14912K, reserved 1114112K
  class space    used 1512K, committed 1600K, reserved 1048576K

Heap Regions: E=young(eden), S=young(survivor), O=old, HS=humongous(starts), HC=humongous(continues), CS=collection set, F=free, OA=open archive, CA=closed archive, TAMS=top-at-mark-start (previous, next)
|   0|0x00000000c3c00000, 0x00000000c3d00000, 0x00000000c3d00000|100%|HS|  |TAMS 0x00000000c3c00000, 0x00000000c3c00000| Complete 
|   1|0x00000000c3d00000, 0x00000000c3e00000, 0x00000000c3e00000|100%| O|  |TAMS 0x00000000c3d00000, 0x00000000c3d00000| Untracked 
|   2|0x00000000c3e00000, 0x00000000c3f00000, 0x00000000c3f00000|100%| O|  |TAMS 0x00000000c3e00000, 0x00000000c3e00000| Untracked 
|   3|0x00000000c3f00000, 0x00000000c4000000, 0x00000000c4000000|100%| O|  |TAMS 0x00000000c3f00000, 0x00000000c3f00000| Untracked 
|   4|0x00000000c4000000, 0x00000000c4100000, 0x00000000c4100000|100%| O|  |TAMS 0x00000000c4000000, 0x00000000c4000000| Untracked 
|   5|0x00000000c4100000, 0x00000000c4200000, 0x00000000c4200000|100%| O|  |TAMS 0x00000000c4100000, 0x00000000c4100000| Untracked 
|   6|0x00000000c4200000, 0x00000000c4300000, 0x00000000c4300000|100%| O|  |TAMS 0x00000000c4200000, 0x00000000c4200000| Untracked 
|   7|0x00000000c4300000, 0x00000000c4400000, 0x00000000c4400000|100%| O|  |TAMS 0x00000000c4300000, 0x00000000c4300000| Untracked 
|   8|0x00000000c4400000, 0x00000000c44b4600, 0x00000000c4500000| 70%| O|  |TAMS 0x00000000c4400000, 0x00000000c4400000| Untracked 
|   9|0x00000000c4500000, 0x00000000c4500000, 0x00000000c4600000|  0%| F|  |TAMS 0x00000000c4500000, 0x00000000c4500000| Untracked 
|  10|0x00000000c4600000, 0x00000000c4600000, 0x00000000c4700000|  0%| F|  |TAMS 0x00000000c4600000, 0x00000000c4600000| Untracked 
|  11|0x00000000c4700000, 0x00000000c4700000, 0x00000000c4800000|  0%| F|  |TAMS 0x00000000c4700000, 0x00000000c4700000| Untracked 
|  12|0x00000000c4800000, 0x00000000c4800000, 0x00000000c4900000|  0%| F|  |TAMS 0x00000000c4800000, 0x00000000c4800000| Untracked 
|  13|0x00000000c4900000, 0x00000000c4900000, 0x00000000c4a00000|  0%| F|  |TAMS 0x00000000c4900000, 0x00000000c4900000| Untracked 
|  14|0x00000000c4a00000, 0x00000000c4a00000, 0x00000000c4b00000|  0%| F|  |TAMS 0x00000000c4a00000, 0x00000000c4a00000| Untracked 
|  15|0x00000000c4b00000, 0x00000000c4b00000, 0x00000000c4c00000|  0%| F|  |TAMS 0x00000000c4b00000, 0x00000000c4b00000| Untracked 
|  16|0x00000000c4c00000, 0x00000000c4c00000, 0x00000000c4d00000|  0%| F|  |TAMS 0x00000000c4c00000, 0x00000000c4c00000| Untracked 
|  17|0x00000000c4d00000, 0x00000000c4d00000, 0x00000000c4e00000|  0%| F|  |TAMS 0x00000000c4d00000, 0x00000000c4d00000| Untracked 
|  18|0x00000000c4e00000, 0x00000000c4e00000, 0x00000000c4f00000|  0%| F|  |TAMS 0x00000000c4e00000, 0x00000000c4e00000| Untracked 
|  19|0x00000000c4f00000, 0x00000000c4f00000, 0x00000000c5000000|  0%| F|  |TAMS 0x00000000c4f00000, 0x00000000c4f00000| Untracked 
|  20|0x00000000c5000000, 0x00000000c5000000, 0x00000000c5100000|  0%| F|  |TAMS 0x00000000c5000000, 0x00000000c5000000| Untracked 
|  21|0x00000000c5100000, 0x00000000c5100000, 0x00000000c5200000|  0%| F|  |TAMS 0x00000000c5100000, 0x00000000c5100000| Untracked 
|  22|0x00000000c5200000, 0x00000000c5200000, 0x00000000c5300000|  0%| F|  |TAMS 0x00000000c5200000, 0x00000000c5200000| Untracked 
|  23|0x00000000c5300000, 0x00000000c5300000, 0x00000000c5400000|  0%| F|  |TAMS 0x00000000c5300000, 0x00000000c5300000| Untracked 
|  24|0x00000000c5400000, 0x00000000c5400000, 0x00000000c5500000|  0%| F|  |TAMS 0x00000000c5400000, 0x00000000c5400000| Untracked 
|  25|0x00000000c5500000, 0x00000000c5500000, 0x00000000c5600000|  0%| F|  |TAMS 0x00000000c5500000, 0x00000000c5500000| Untracked 
|  26|0x00000000c5600000, 0x00000000c5600000, 0x00000000c5700000|  0%| F|  |TAMS 0x00000000c5600000, 0x00000000c5600000| Untracked 
|  27|0x00000000c5700000, 0x00000000c5700000, 0x00000000c5800000|  0%| F|  |TAMS 0x00000000c5700000, 0x00000000c5700000| Untracked 
|  28|0x00000000c5800000, 0x00000000c5800000, 0x00000000c5900000|  0%| F|  |TAMS 0x00000000c5800000, 0x00000000c5800000| Untracked 
|  29|0x00000000c5900000, 0x00000000c5900000, 0x00000000c5a00000|  0%| F|  |TAMS 0x00000000c5900000, 0x00000000c5900000| Untracked 
|  30|0x00000000c5a00000, 0x00000000c5a00000, 0x00000000c5b00000|  0%| F|  |TAMS 0x00000000c5a00000, 0x00000000c5a00000| Untracked 
|  31|0x00000000c5b00000, 0x00000000c5b00000, 0x00000000c5c00000|  0%| F|  |TAMS 0x00000000c5b00000, 0x00000000c5b00000| Untracked 
|  32|0x00000000c5c00000, 0x00000000c5c00000, 0x00000000c5d00000|  0%| F|  |TAMS 0x00000000c5c00000, 0x00000000c5c00000| Untracked 
|  33|0x00000000c5d00000, 0x00000000c5d00000, 0x00000000c5e00000|  0%| F|  |TAMS 0x00000000c5d00000, 0x00000000c5d00000| Untracked 
|  34|0x00000000c5e00000, 0x00000000c5e00000, 0x00000000c5f00000|  0%| F|  |TAMS 0x00000000c5e00000, 0x00000000c5e00000| Untracked 
|  35|0x00000000c5f00000, 0x00000000c5f00000, 0x00000000c6000000|  0%| F|  |TAMS 0x00000000c5f00000, 0x00000000c5f00000| Untracked 
|  36|0x00000000c6000000, 0x00000000c6000000, 0x00000000c6100000|  0%| F|  |TAMS 0x00000000c6000000, 0x00000000c6000000| Untracked 
|  37|0x00000000c6100000, 0x00000000c6100000, 0x00000000c6200000|  0%| F|  |TAMS 0x00000000c6100000, 0x00000000c6100000| Untracked 
|  38|0x00000000c6200000, 0x00000000c6200000, 0x00000000c6300000|  0%| F|  |TAMS 0x00000000c6200000, 0x00000000c6200000| Untracked 
|  39|0x00000000c6300000, 0x00000000c6300000, 0x00000000c6400000|  0%| F|  |TAMS 0x00000000c6300000, 0x00000000c6300000| Untracked 
|  40|0x00000000c6400000, 0x00000000c6400000, 0x00000000c6500000|  0%| F|  |TAMS 0x00000000c6400000, 0x00000000c6400000| Untracked 
|  41|0x00000000c6500000, 0x00000000c6500000, 0x00000000c6600000|  0%| F|  |TAMS 0x00000000c6500000, 0x00000000c6500000| Untracked 
|  42|0x00000000c6600000, 0x00000000c6600000, 0x00000000c6700000|  0%| F|  |TAMS 0x00000000c6600000, 0x00000000c6600000| Untracked 
|  43|0x00000000c6700000, 0x00000000c6700000, 0x00000000c6800000|  0%| F|  |TAMS 0x00000000c6700000, 0x00000000c6700000| Untracked 
|  44|0x00000000c6800000, 0x00000000c6800000, 0x00000000c6900000|  0%| F|  |TAMS 0x00000000c6800000, 0x00000000c6800000| Untracked 
|  45|0x00000000c6900000, 0x00000000c6900000, 0x00000000c6a00000|  0%| F|  |TAMS 0x00000000c6900000, 0x00000000c6900000| Untracked 
|  46|0x00000000c6a00000, 0x00000000c6a00000, 0x00000000c6b00000|  0%| F|  |TAMS 0x00000000c6a00000, 0x00000000c6a00000| Untracked 
|  47|0x00000000c6b00000, 0x00000000c6b00000, 0x00000000c6c00000|  0%| F|  |TAMS 0x00000000c6b00000, 0x00000000c6b00000| Untracked 
|  48|0x00000000c6c00000, 0x00000000c6c00000, 0x00000000c6d00000|  0%| F|  |TAMS 0x00000000c6c00000, 0x00000000c6c00000| Untracked 
|  49|0x00000000c6d00000, 0x00000000c6d00000, 0x00000000c6e00000|  0%| F|  |TAMS 0x00000000c6d00000, 0x00000000c6d00000| Untracked 
|  50|0x00000000c6e00000, 0x00000000c6e00000, 0x00000000c6f00000|  0%| F|  |TAMS 0x00000000c6e00000, 0x00000000c6e00000| Untracked 
|  51|0x00000000c6f00000, 0x00000000c6f00000, 0x00000000c7000000|  0%| F|  |TAMS 0x00000000c6f00000, 0x00000000c6f00000| Untracked 
|  52|0x00000000c7000000, 0x00000000c7000000, 0x00000000c7100000|  0%| F|  |TAMS 0x00000000c7000000, 0x00000000c7000000| Untracked 
|  53|0x00000000c7100000, 0x00000000c718b880, 0x00000000c7200000| 54%| S|CS|TAMS 0x00000000c7100000, 0x00000000c7100000| Complete 
|  54|0x00000000c7200000, 0x00000000c7300000, 0x00000000c7300000|100%| S|CS|TAMS 0x00000000c7200000, 0x00000000c7200000| Complete 
|  55|0x00000000c7300000, 0x00000000c7300000, 0x00000000c7400000|  0%| F|  |TAMS 0x00000000c7300000, 0x00000000c7300000| Untracked 
|  56|0x00000000c7400000, 0x00000000c7400000, 0x00000000c7500000|  0%| F|  |TAMS 0x00000000c7400000, 0x00000000c7400000| Untracked 
|  57|0x00000000c7500000, 0x00000000c7500000, 0x00000000c7600000|  0%| F|  |TAMS 0x00000000c7500000, 0x00000000c7500000| Untracked 
|  58|0x00000000c7600000, 0x00000000c7600000, 0x00000000c7700000|  0%| F|  |TAMS 0x00000000c7600000, 0x00000000c7600000| Untracked 
|  59|0x00000000c7700000, 0x00000000c7752388, 0x00000000c7800000| 32%| E|  |TAMS 0x00000000c7700000, 0x00000000c7700000| Complete 
|  60|0x00000000c7800000, 0x00000000c7900000, 0x00000000c7900000|100%| E|CS|TAMS 0x00000000c7800000, 0x00000000c7800000| Complete 
|  61|0x00000000c7900000, 0x00000000c7a00000, 0x00000000c7a00000|100%| E|CS|TAMS 0x00000000c7900000, 0x00000000c7900000| Complete 

Card table byte_map: [0x000002145ef20000,0x000002145f110000] _byte_map_base: 0x000002145e902000

Marking Bits (Prev, Next): (CMBitMap*) 0x00000214546b19d0, (CMBitMap*) 0x00000214546b1a10
 Prev Bits: [0x000002145f300000, 0x0000021460210000)
 Next Bits: [0x0000021460210000, 0x0000021461120000)

Polling page: 0x0000021452510000

Metaspace:

Usage:
  Non-class:     12.95 MB used.
      Class:      1.48 MB used.
       Both:     14.42 MB used.

Virtual space:
  Non-class space:       64.00 MB reserved,      13.00 MB ( 20%) committed,  1 nodes.
      Class space:        1.00 GB reserved,       1.56 MB ( <1%) committed,  1 nodes.
             Both:        1.06 GB reserved,      14.56 MB (  1%) committed. 

Chunk freelists:
   Non-Class:  2.11 MB
       Class:  14.44 MB
        Both:  16.56 MB

MaxMetaspaceSize: unlimited
CompressedClassSpaceSize: 1.00 GB
Initial GC threshold: 21.00 MB
Current GC threshold: 21.00 MB
CDS: off
MetaspaceReclaimPolicy: balanced
 - commit_granule_bytes: 65536.
 - commit_granule_words: 8192.
 - virtual_space_node_default_size: 8388608.
 - enlarge_chunks_in_place: 1.
 - new_chunks_are_fully_committed: 0.
 - uncommit_free_chunks: 1.
 - use_allocation_guard: 0.
 - handle_deallocations: 1.


Internal statistics:

num_allocs_failed_limit: 0.
num_arena_births: 98.
num_arena_deaths: 0.
num_vsnodes_births: 2.
num_vsnodes_deaths: 0.
num_space_committed: 233.
num_space_uncommitted: 0.
num_chunks_returned_to_freelist: 0.
num_chunks_taken_from_freelist: 221.
num_chunk_merges: 0.
num_chunk_splits: 128.
num_chunks_enlarged: 78.
num_inconsistent_stats: 0.

CodeCache: size=49152Kb used=2938Kb max_used=2938Kb free=46213Kb
 bounds [0x000002145bf20000, 0x000002145c200000, 0x000002145ef20000]
 total_blobs=1684 nmethods=1236 adapters=376
 compilation: enabled
              stopped_count=0, restarted_count=0
 full_count=0

Compilation events (20 events):
Event: 3.694 Thread 0x00000214001d12b0 nmethod 1220 0x000002145c1f8090 code [0x000002145c1f8280, 0x000002145c1f8708]
Event: 3.694 Thread 0x00000214001d12b0 1221       1       jdk.internal.org.objectweb.asm.SymbolTable::addConstantFieldref (10 bytes)
Event: 3.694 Thread 0x00000214001d12b0 nmethod 1221 0x000002145c1f8a10 code [0x000002145c1f8ba0, 0x000002145c1f8c88]
Event: 3.696 Thread 0x00000214001d12b0 1222   !   1       jdk.internal.loader.BuiltinClassLoader::findClassOnClassPathOrNull (64 bytes)
Event: 3.697 Thread 0x00000214001d12b0 nmethod 1222 0x000002145c1f8d10 code [0x000002145c1f8f80, 0x000002145c1f9608]
Event: 3.699 Thread 0x00000214001d12b0 1225       1       java.util.HashMap::computeIfAbsent (330 bytes)
Event: 3.700 Thread 0x00000214001d12b0 nmethod 1225 0x000002145c1fa090 code [0x000002145c1fa320, 0x000002145c1fac48]
Event: 3.700 Thread 0x00000214001d12b0 1226       1       java.lang.PublicMethods$Key::matches (31 bytes)
Event: 3.700 Thread 0x00000214001d12b0 nmethod 1226 0x000002145c1fb190 code [0x000002145c1fb340, 0x000002145c1fb4b8]
Event: 3.700 Thread 0x00000214001d12b0 1227       1       jdk.internal.org.objectweb.asm.Frame::getInputStackSize (6 bytes)
Event: 3.700 Thread 0x00000214001d12b0 nmethod 1227 0x000002145c1fb610 code [0x000002145c1fb7a0, 0x000002145c1fb878]
Event: 3.701 Thread 0x00000214001d12b0 1228       1       java.lang.Class::newReflectionData (66 bytes)
Event: 3.701 Thread 0x00000214001d12b0 nmethod 1228 0x000002145c1fb910 code [0x000002145c1fbac0, 0x000002145c1fbeb8]
Event: 3.701 Thread 0x00000214001d12b0 1229       1       java.lang.Class$ReflectionData::<init> (10 bytes)
Event: 3.702 Thread 0x00000214001d12b0 nmethod 1229 0x000002145c1fc010 code [0x000002145c1fc1a0, 0x000002145c1fc278]
Event: 3.702 Thread 0x00000214001d12b0 1230       1       java.lang.Class$Atomic::casReflectionData (13 bytes)
Event: 3.702 Thread 0x00000214001d12b0 nmethod 1230 0x000002145c1fc310 code [0x000002145c1fc4a0, 0x000002145c1fc5b8]
Event: 3.702 Thread 0x00000214001d12b0 1231       1       java.security.CodeSource::<init> (52 bytes)
Event: 3.702 Thread 0x00000214001d12b0 nmethod 1231 0x000002145c1fc610 code [0x000002145c1fc7e0, 0x000002145c1fcb38]
Event: 3.703 Thread 0x00000214001d12b0 1232       1       java.security.SecureClassLoader::getProtectionDomain (38 bytes)

GC Heap History (4 events):
Event: 2.880 GC heap before
{Heap before GC invocations=0 (full 0):
 garbage-first heap   total 63488K, used 14336K [0x00000000c3c00000, 0x0000000100000000)
  region size 1024K, 13 young (13312K), 0 survivors (0K)
 Metaspace       used 10335K, committed 10432K, reserved 1114112K
  class space    used 1002K, committed 1024K, reserved 1048576K
}
Event: 2.891 GC heap after
{Heap after GC invocations=1 (full 0):
 garbage-first heap   total 63488K, used 8913K [0x00000000c3c00000, 0x0000000100000000)
  region size 1024K, 2 young (2048K), 2 survivors (2048K)
 Metaspace       used 10335K, committed 10432K, reserved 1114112K
  class space    used 1002K, committed 1024K, reserved 1048576K
}
Event: 3.614 GC heap before
{Heap before GC invocations=1 (full 0):
 garbage-first heap   total 63488K, used 16081K [0x00000000c3c00000, 0x0000000100000000)
  region size 1024K, 9 young (9216K), 2 survivors (2048K)
 Metaspace       used 14295K, committed 14464K, reserved 1114112K
  class space    used 1450K, committed 1536K, reserved 1048576K
}
Event: 3.620 GC heap after
{Heap after GC invocations=2 (full 0):
 garbage-first heap   total 63488K, used 10495K [0x00000000c3c00000, 0x0000000100000000)
  region size 1024K, 2 young (2048K), 2 survivors (2048K)
 Metaspace       used 14295K, committed 14464K, reserved 1114112K
  class space    used 1450K, committed 1536K, reserved 1048576K
}

Deoptimization events (0 events):
No events

Classes unloaded (0 events):
No events

Classes redefined (0 events):
No events

Internal exceptions (16 events):
Event: 2.513 Thread 0x0000021400b5ad60 Exception <a 'java/lang/NoSuchMethodError'{0x00000000c6fa6718}: 'java.lang.Object java.lang.invoke.DirectMethodHandle$Holder.invokeStaticInit(java.lang.Object)'> (0x00000000c6fa6718) 
thrown [s\open\src\hotspot\share\interpreter\linkResolver.cpp, line 759]
Event: 2.539 Thread 0x0000021400b5ad60 Exception <a 'java/lang/NoSuchMethodError'{0x00000000c6fb3ba8}: 'void java.lang.invoke.DirectMethodHandle$Holder.invokeStatic(java.lang.Object, java.lang.Object)'> (0x00000000c6fb3ba8) 
thrown [s\open\src\hotspot\share\interpreter\linkResolver.cpp, line 759]
Event: 2.674 Thread 0x0000021454676ed0 Exception <a 'java/lang/NoSuchMethodError'{0x00000000c6fe70d0}: 'int java.lang.invoke.DirectMethodHandle$Holder.invokeInterface(java.lang.Object, java.lang.Object)'> (0x00000000c6fe70d0) 
thrown [s\open\src\hotspot\share\interpreter\linkResolver.cpp, line 759]
Event: 2.675 Thread 0x0000021454676ed0 Exception <a 'java/lang/IncompatibleClassChangeError'{0x00000000c6fea6d0}: Found class java.lang.Object, but interface was expected> (0x00000000c6fea6d0) 
thrown [s\open\src\hotspot\share\interpreter\linkResolver.cpp, line 826]
Event: 2.772 Thread 0x0000021454676ed0 Exception <a 'java/lang/NoSuchMethodError'{0x00000000c6eb74f0}: 'int java.lang.invoke.DirectMethodHandle$Holder.invokeSpecial(java.lang.Object, java.lang.Object, java.lang.Object)'> (0x00000000c6eb74f0) 
thrown [s\open\src\hotspot\share\interpreter\linkResolver.cpp, line 759]
Event: 2.852 Thread 0x0000021454676ed0 Exception <a 'java/lang/NoSuchMethodError'{0x00000000c6dbc6b8}: 'void java.lang.invoke.DirectMethodHandle$Holder.invokeStatic(java.lang.Object, java.lang.Object, java.lang.Object)'> (0x00000000c6dbc6b8) 
thrown [s\open\src\hotspot\share\interpreter\linkResolver.cpp, line 759]
Event: 2.878 Thread 0x0000021454676ed0 Exception <a 'java/lang/NoSuchMethodError'{0x00000000c6dff770}: 'int java.lang.invoke.DirectMethodHandle$Holder.invokeSpecialIFC(java.lang.Object, java.lang.Object, java.lang.Object)'> (0x00000000c6dff770) 
thrown [s\open\src\hotspot\share\interpreter\linkResolver.cpp, line 759]
Event: 2.949 Thread 0x0000021454676ed0 Exception <a 'java/lang/NoSuchMethodError'{0x00000000c798cc28}: 'java.lang.Object java.lang.invoke.DirectMethodHandle$Holder.invokeStaticInit(java.lang.Object, int, int, int, int)'> (0x00000000c798cc28) 
thrown [s\open\src\hotspot\share\interpreter\linkResolver.cpp, line 759]
Event: 3.171 Thread 0x0000021454676ed0 Exception <a 'java/lang/NoSuchMethodError'{0x00000000c79e8bf8}: 'java.lang.Object java.lang.invoke.DirectMethodHandle$Holder.invokeStaticInit(java.lang.Object, java.lang.Object, int, int, int, int)'> (0x00000000c79e8bf8) 
thrown [s\open\src\hotspot\share\interpreter\linkResolver.cpp, line 759]
Event: 3.215 Thread 0x0000021454676ed0 Exception <a 'java/lang/ClassNotFoundException'{0x00000000c7806ee0}: javax/management/remote/rmi/RMIServerImpl_Skel> (0x00000000c7806ee0) 
thrown [s\open\src\hotspot\share\classfile\systemDictionary.cpp, line 256]
Event: 3.347 Thread 0x0000021454676ed0 Exception <a 'java/lang/ClassNotFoundException'{0x00000000c775b1e0}: javax/smartcardio/CardPermission> (0x00000000c775b1e0) 
thrown [s\open\src\hotspot\share\classfile\systemDictionary.cpp, line 256]
Event: 3.353 Thread 0x0000021454676ed0 Exception <a 'java/io/FileNotFoundException'{0x00000000c7769788}> (0x00000000c7769788) 
thrown [s\open\src\hotspot\share\prims\jni.cpp, line 516]
Event: 3.573 Thread 0x0000021454676ed0 Exception <a 'java/lang/NoSuchMethodError'{0x00000000c74edd08}: 'java.lang.Object java.lang.invoke.DirectMethodHandle$Holder.invokeSpecialIFC(java.lang.Object, java.lang.Object, java.lang.Object, java.lang.Object)'> (0x00000000c74edd08) 
thrown [s\open\src\hotspot\share\interpreter\linkResolver.cpp, line 759]
Event: 3.597 Thread 0x0000021454676ed0 Exception <a 'java/lang/NoSuchMethodError'{0x00000000c7378768}: 'int java.lang.invoke.DirectMethodHandle$Holder.invokeStaticInit(java.lang.Object, java.lang.Object)'> (0x00000000c7378768) 
thrown [s\open\src\hotspot\share\interpreter\linkResolver.cpp, line 759]
Event: 3.689 Thread 0x0000021454676ed0 Exception <a 'java/lang/NoSuchMethodError'{0x00000000c78bfbd0}: 'int java.lang.invoke.DirectMethodHandle$Holder.invokeStaticInit(java.lang.Object, java.lang.Object, java.lang.Object)'> (0x00000000c78bfbd0) 
thrown [s\open\src\hotspot\share\interpreter\linkResolver.cpp, line 759]
Event: 3.698 Thread 0x0000021454676ed0 Exception <a 'java/lang/NoSuchMethodError'{0x00000000c7716a78}: 'java.lang.Object java.lang.invoke.DirectMethodHandle$Holder.newInvokeSpecial(java.lang.Object, java.lang.Object, java.lang.Object, java.lang.Object, java.lang.Object)'> (0x00000000c7716a78) 
thrown [s\open\src\hotspot\share\interpreter\linkResolver.cpp, line 759]

VM Operations (20 events):
Event: 1.582 Executing VM operation: HandshakeAllThreads
Event: 1.582 Executing VM operation: HandshakeAllThreads done
Event: 2.485 Executing VM operation: HandshakeAllThreads
Event: 2.499 Executing VM operation: HandshakeAllThreads done
Event: 2.499 Executing VM operation: Cleanup
Event: 2.500 Executing VM operation: Cleanup done
Event: 2.684 Executing VM operation: HandshakeAllThreads
Event: 2.684 Executing VM operation: HandshakeAllThreads done
Event: 2.686 Executing VM operation: HandshakeAllThreads
Event: 2.686 Executing VM operation: HandshakeAllThreads done
Event: 2.878 Executing VM operation: G1CollectForAllocation
Event: 2.892 Executing VM operation: G1CollectForAllocation done
Event: 2.924 Executing VM operation: HandshakeAllThreads
Event: 2.924 Executing VM operation: HandshakeAllThreads done
Event: 3.271 Executing VM operation: HandshakeAllThreads
Event: 3.271 Executing VM operation: HandshakeAllThreads done
Event: 3.553 Executing VM operation: HandshakeAllThreads
Event: 3.553 Executing VM operation: HandshakeAllThreads done
Event: 3.614 Executing VM operation: G1CollectForAllocation
Event: 3.620 Executing VM operation: G1CollectForAllocation done

Events (20 events):
Event: 3.574 loading class java/util/stream/DistinctOps$1$2
Event: 3.574 loading class java/util/stream/DistinctOps$1$2 done
Event: 3.582 loading class java/lang/invoke/DirectMethodHandle$Special
Event: 3.583 loading class java/lang/invoke/DirectMethodHandle$Special done
Event: 3.593 loading class java/util/AbstractMap$1
Event: 3.594 loading class java/util/AbstractMap$1 done
Event: 3.594 loading class java/lang/Byte$ByteCache
Event: 3.594 loading class java/lang/Byte$ByteCache done
Event: 3.594 loading class java/lang/Short$ShortCache
Event: 3.594 loading class java/lang/Short$ShortCache done
Event: 3.594 loading class java/lang/Character$CharacterCache
Event: 3.595 loading class java/lang/Character$CharacterCache done
Event: 3.625 loading class java/lang/FunctionalInterface
Event: 3.626 loading class java/lang/FunctionalInterface done
Event: 3.662 loading class java/lang/reflect/WildcardType
Event: 3.662 loading class java/lang/reflect/WildcardType done
Event: 3.675 loading class java/util/concurrent/CountDownLatch
Event: 3.675 loading class java/util/concurrent/CountDownLatch done
Event: 3.675 loading class java/util/concurrent/CountDownLatch$Sync
Event: 3.676 loading class java/util/concurrent/CountDownLatch$Sync done


Dynamic libraries:
0x00007ff64e470000 - 0x00007ff64e480000 	C:\Program Files\Java\jdk-17\bin\java.exe
0x00007ff8a9430000 - 0x00007ff8a9628000 	C:\Windows\SYSTEM32\ntdll.dll
0x00007ff86b270000 - 0x00007ff86b290000 	C:\Program Files\Avast Software\Avast\aswhook.dll
0x00007ff8a9330000 - 0x00007ff8a93ed000 	C:\Windows\System32\KERNEL32.DLL
0x00007ff8a7010000 - 0x00007ff8a7306000 	C:\Windows\System32\KERNELBASE.dll
0x00007ff8a6af0000 - 0x00007ff8a6bf0000 	C:\Windows\System32\ucrtbase.dll
0x00007ff89f830000 - 0x00007ff89f849000 	C:\Program Files\Java\jdk-17\bin\jli.dll
0x00007ff893d50000 - 0x00007ff893d6b000 	C:\Program Files\Java\jdk-17\bin\VCRUNTIME140.dll
0x00007ff8a74d0000 - 0x00007ff8a7583000 	C:\Windows\System32\ADVAPI32.dll
0x00007ff8a7590000 - 0x00007ff8a762e000 	C:\Windows\System32\msvcrt.dll
0x00007ff8a8c00000 - 0x00007ff8a8c9f000 	C:\Windows\System32\sechost.dll
0x00007ff8a7e90000 - 0x00007ff8a7fb6000 	C:\Windows\System32\RPCRT4.dll
0x00007ff8a7340000 - 0x00007ff8a7367000 	C:\Windows\System32\bcrypt.dll
0x00007ff8a8ca0000 - 0x00007ff8a8e3e000 	C:\Windows\System32\USER32.dll
0x00007ff8a7310000 - 0x00007ff8a7332000 	C:\Windows\System32\win32u.dll
0x00007ff8a7fc0000 - 0x00007ff8a7feb000 	C:\Windows\System32\GDI32.dll
0x00007ff87b8c0000 - 0x00007ff87bb5a000 	C:\Windows\WinSxS\amd64_microsoft.windows.common-controls_6595b64144ccf1df_6.0.19041.3636_none_60b6a03d71f818d5\COMCTL32.dll
0x00007ff8a6bf0000 - 0x00007ff8a6d07000 	C:\Windows\System32\gdi32full.dll
0x00007ff8a6f20000 - 0x00007ff8a6fbd000 	C:\Windows\System32\msvcp_win.dll
0x00007ff89bf40000 - 0x00007ff89bf4a000 	C:\Windows\SYSTEM32\VERSION.dll
0x00007ff8a8070000 - 0x00007ff8a80a2000 	C:\Windows\System32\IMM32.DLL
0x00007ff88dbb0000 - 0x00007ff88dbbc000 	C:\Program Files\Java\jdk-17\bin\vcruntime140_1.dll
0x00007ff880af0000 - 0x00007ff880b7e000 	C:\Program Files\Java\jdk-17\bin\msvcp140.dll
0x00007fffff410000 - 0x00007fffffff0000 	C:\Program Files\Java\jdk-17\bin\server\jvm.dll
0x00007ff8a91f0000 - 0x00007ff8a91f8000 	C:\Windows\System32\PSAPI.DLL
0x00007ff87bb60000 - 0x00007ff87bb87000 	C:\Windows\SYSTEM32\WINMM.dll
0x00007ff8896f0000 - 0x00007ff8896f9000 	C:\Windows\SYSTEM32\WSOCK32.dll
0x00007ff8a8b90000 - 0x00007ff8a8bfb000 	C:\Windows\System32\ws2_32.DLL
0x00007ff8a4b40000 - 0x00007ff8a4b52000 	C:\Windows\SYSTEM32\kernel.appcore.dll
0x00007ff889b30000 - 0x00007ff889b3a000 	C:\Program Files\Java\jdk-17\bin\jimage.dll
0x00007ff8a4850000 - 0x00007ff8a4a34000 	C:\Windows\SYSTEM32\DBGHELP.DLL
0x00007ff88d660000 - 0x00007ff88d694000 	C:\Windows\SYSTEM32\dbgcore.DLL
0x00007ff8a73e0000 - 0x00007ff8a7462000 	C:\Windows\System32\bcryptPrimitives.dll
0x00007ff880ab0000 - 0x00007ff880abe000 	C:\Program Files\Java\jdk-17\bin\instrument.dll
0x00007ff889b00000 - 0x00007ff889b25000 	C:\Program Files\Java\jdk-17\bin\java.dll
0x00007ff87d480000 - 0x00007ff87d557000 	C:\Program Files\Java\jdk-17\bin\jsvml.dll
0x00007ff8a80b0000 - 0x00007ff8a87f5000 	C:\Windows\System32\SHELL32.dll
0x00007ff8a4b60000 - 0x00007ff8a52fc000 	C:\Windows\SYSTEM32\windows.storage.dll
0x00007ff8a8830000 - 0x00007ff8a8b84000 	C:\Windows\System32\combase.dll
0x00007ff8a63d0000 - 0x00007ff8a63fe000 	C:\Windows\SYSTEM32\Wldp.dll
0x00007ff8a7630000 - 0x00007ff8a76fd000 	C:\Windows\System32\OLEAUT32.dll
0x00007ff8a7cc0000 - 0x00007ff8a7d6d000 	C:\Windows\System32\SHCORE.dll
0x00007ff8a7700000 - 0x00007ff8a7755000 	C:\Windows\System32\shlwapi.dll
0x00007ff8a6a20000 - 0x00007ff8a6a45000 	C:\Windows\SYSTEM32\profapi.dll
0x00007ff880d00000 - 0x00007ff880d18000 	C:\Program Files\Java\jdk-17\bin\zip.dll
0x00007ff889930000 - 0x00007ff889949000 	C:\Program Files\Java\jdk-17\bin\net.dll
0x00007ff8a0d60000 - 0x00007ff8a0e6a000 	C:\Windows\SYSTEM32\WINHTTP.dll
0x00007ff8a61b0000 - 0x00007ff8a621a000 	C:\Windows\system32\mswsock.dll
0x00007ff883280000 - 0x00007ff883296000 	C:\Program Files\Java\jdk-17\bin\nio.dll
0x00007ff87f820000 - 0x00007ff87f83a000 	C:\Program Files\JetBrains\IntelliJ IDEA 2021.2.3\bin\breakgen64.dll
0x00007ff8a5f00000 - 0x00007ff8a5fcb000 	C:\Windows\SYSTEM32\DNSAPI.dll
0x00007ff8a5ec0000 - 0x00007ff8a5efb000 	C:\Windows\SYSTEM32\IPHLPAPI.DLL
0x00007ff8a8800000 - 0x00007ff8a8808000 	C:\Windows\System32\NSI.dll
0x00007ff8938c0000 - 0x00007ff8938ca000 	C:\Windows\System32\rasadhlp.dll
0x00007ff8935f0000 - 0x00007ff893670000 	C:\Windows\System32\fwpuclnt.dll
0x00007ff884420000 - 0x00007ff88442a000 	C:\Program Files\Java\jdk-17\bin\management.dll
0x00007ff880cf0000 - 0x00007ff880cfb000 	C:\Program Files\Java\jdk-17\bin\management_ext.dll
0x00007ff8a6480000 - 0x00007ff8a6498000 	C:\Windows\SYSTEM32\CRYPTSP.dll
0x00007ff8a5aa0000 - 0x00007ff8a5ad4000 	C:\Windows\system32\rsaenh.dll
0x00007ff8a69a0000 - 0x00007ff8a69ce000 	C:\Windows\SYSTEM32\USERENV.dll
0x00007ff8a6340000 - 0x00007ff8a634c000 	C:\Windows\SYSTEM32\CRYPTBASE.dll
0x00007ff8938d0000 - 0x00007ff8938e7000 	C:\Windows\SYSTEM32\dhcpcsvc6.DLL
0x00007ff8943a0000 - 0x00007ff8943bd000 	C:\Windows\SYSTEM32\dhcpcsvc.DLL
0x00007ff87ce50000 - 0x00007ff87ce67000 	C:\Windows\system32\napinsp.dll
0x00007ff87ce30000 - 0x00007ff87ce4b000 	C:\Windows\system32\pnrpnsp.dll
0x00007ff89d570000 - 0x00007ff89d585000 	C:\Windows\system32\wshbth.dll
0x00007ff8a1ee0000 - 0x00007ff8a1efd000 	C:\Windows\system32\NLAapi.dll
0x00007ff87ce10000 - 0x00007ff87ce22000 	C:\Windows\System32\winrnr.dll

dbghelp: loaded successfully - version: 4.0.5 - missing functions: none
symbol engine: initialized successfully - sym options: 0x614 - pdb path: .;C:\Program Files\Java\jdk-17\bin;C:\Windows\SYSTEM32;C:\Program Files\Avast Software\Avast;C:\Windows\WinSxS\amd64_microsoft.windows.common-controls_6595b64144ccf1df_6.0.19041.3636_none_60b6a03d71f818d5;C:\Program Files\Java\jdk-17\bin\server;C:\Program Files\JetBrains\IntelliJ IDEA 2021.2.3\bin

VM Arguments:
jvm_args: -XX:TieredStopAtLevel=1 -Xverify:none -Dspring.output.ansi.enabled=always -javaagent:C:\Program Files\JetBrains\IntelliJ IDEA 2021.2.3\lib\idea_rt.jar=7669:C:\Program Files\JetBrains\IntelliJ IDEA 2021.2.3\bin -Dcom.sun.management.jmxremote -Dspring.jmx.enabled=true -Dspring.liveBeansView.mbeanDomain -Dspring.application.admin.enabled=true -Dfile.encoding=UTF-8 
java_command: com.employeeConnect.Employee_Service.EmployeeServiceApplication
java_class_path (initial): E:\Employee-Connect\Employee-Service\target\classes;C:\Users\MANOJ\.m2\repository\org\springframework\boot\spring-boot-starter-data-jpa\2.7.14\spring-boot-starter-data-jpa-2.7.14.jar;C:\Users\MANOJ\.m2\repository\org\springframework\boot\spring-boot-starter-aop\2.7.14\spring-boot-starter-aop-2.7.14.jar;C:\Users\MANOJ\.m2\repository\org\springframework\spring-aop\5.3.29\spring-aop-5.3.29.jar;C:\Users\MANOJ\.m2\repository\org\aspectj\aspectjweaver\1.9.7\aspectjweaver-1.9.7.jar;C:\Users\MANOJ\.m2\repository\org\springframework\boot\spring-boot-starter-jdbc\2.7.14\spring-boot-starter-jdbc-2.7.14.jar;C:\Users\MANOJ\.m2\repository\com\zaxxer\HikariCP\4.0.3\HikariCP-4.0.3.jar;C:\Users\MANOJ\.m2\repository\org\springframework\spring-jdbc\5.3.29\spring-jdbc-5.3.29.jar;C:\Users\MANOJ\.m2\repository\jakarta\transaction\jakarta.transaction-api\1.3.3\jakarta.transaction-api-1.3.3.jar;C:\Users\MANOJ\.m2\repository\jakarta\persistence\jakarta.persistence-api\2.2.3\jakarta.persistence-api-2.2.3.jar;C:\Users\MANOJ\.m2\repository\org\hibernate\hibernate-core\5.6.15.Final\hibernate-core-5.6.15.Final.jar;C:\Users\MANOJ\.m2\repository\org\jboss\logging\jboss-logging\3.4.3.Final\jboss-logging-3.4.3.Final.jar;C:\Users\MANOJ\.m2\repository\net\bytebuddy\byte-buddy\1.12.23\byte-buddy-1.12.23.jar;C:\Users\MANOJ\.m2\repository\antlr\antlr\2.7.7\antlr-2.7.7.jar;C:\Users\MANOJ\.m2\repository\org\jboss\jandex\2.4.2.Final\jandex-2.4.2.Final.jar;C:\Users\MANOJ\.m2\repository\com\fasterxml\classmate\1.5.1\classmate-1.5.1.jar;C:\Users\MANOJ\.m2\repository\org\hibernate\common\hibernate-commons-annotations\5.1.2.Final\hibernate-commons-annotations-5.1.2.Final.jar;C:\Users\MANOJ\.m2\repository\org\glassfish\jaxb\jaxb-runtime\2.3.8\jaxb-runtime-2.3.8.jar;C:\Users\MANOJ\.m2\repository\org\glassfish\jaxb\txw2\2.3.8\txw2-2.3.8.jar;C:\Users\MANOJ\.m2\repository\com\sun\istack\istack-commons-runtime\3.0.12\istack-commons-runtime-3.0.12.jar;C:\Users\MANOJ\.m2\repository\com\sun\a
Launcher Type: SUN_STANDARD

[Global flags]
     intx CICompilerCount                          = 3                                         {product} {ergonomic}
     uint ConcGCThreads                            = 1                                         {product} {ergonomic}
     uint G1ConcRefinementThreads                  = 4                                         {product} {ergonomic}
   size_t G1HeapRegionSize                         = 1048576                                   {product} {ergonomic}
    uintx GCDrainStackTargetSize                   = 64                                        {product} {ergonomic}
   size_t InitialHeapSize                          = 65011712                                  {product} {ergonomic}
     bool ManagementServer                         = true                                      {product} {command line}
   size_t MarkStackSize                            = 4194304                                   {product} {ergonomic}
   size_t MaxHeapSize                              = 1010827264                                {product} {ergonomic}
   size_t MaxNewSize                               = 606076928                                 {product} {ergonomic}
   size_t MinHeapDeltaBytes                        = 1048576                                   {product} {ergonomic}
   size_t MinHeapSize                              = 8388608                                   {product} {ergonomic}
    uintx NonProfiledCodeHeapSize                  = 0                                      {pd product} {ergonomic}
     bool ProfileInterpreter                       = false                                  {pd product} {command line}
    uintx ProfiledCodeHeapSize                     = 0                                      {pd product} {ergonomic}
   size_t SoftMaxHeapSize                          = 1010827264                             {manageable} {ergonomic}
     intx TieredStopAtLevel                        = 1                                         {product} {command line}
     bool UseCompressedClassPointers               = true                           {product lp64_product} {ergonomic}
     bool UseCompressedOops                        = true                           {product lp64_product} {ergonomic}
     bool UseG1GC                                  = true                                      {product} {ergonomic}
     bool UseLargePagesIndividualAllocation        = false                                  {pd product} {ergonomic}

Logging:
Log output configuration:
 #0: stdout all=warning uptime,level,tags
 #1: stderr all=off uptime,level,tags

Environment Variables:
JAVA_HOME=C:\Users\MANOJ\java\jdk-17
PATH=C:\Program Files\Common Files\Oracle\Java\javapath;C:\Program Files (x86)\Common Files\Oracle\Java\javapath;C:\Windows\system32;C:\Windows;C:\Windows\System32\Wbem;C:\Windows\System32\WindowsPowerShell\v1.0\;C:\Windows\System32\OpenSSH\;C:\Program Files\dotnet\;C:\Program Files (x86)\Microsoft SQL Server\160\Tools\Binn\;C:\Program Files\Microsoft SQL Server\160\Tools\Binn\;C:\Program Files\Microsoft SQL Server\Client SDK\ODBC\170\Tools\Binn\;C:\Program Files\Microsoft SQL Server\160\DTS\Binn\;C:\Program Files (x86)\Microsoft SQL Server\160\DTS\Binn\;C:\Program Files\Microsoft SQL Server\150\Tools\Binn\;C:\Program Files\Java\jdk-17\bin;C:\Program Files\nodejs\;C:\Program Files\Git\cmd;C:\Program Files\Docker\Docker\resources\bin;C:\Program Files\MySQL\MySQL Shell 8.0\bin\;C:\Users\MANOJ\AppData\Local\Microsoft\WindowsApps;C:\Users\MANOJ\.dotnet\tools;C:\Users\MANOJ\Java\jdk-21\bin;;C:\Program Files\JetBrains\IntelliJ IDEA 2021.2.3\bin;;C:\Users\MANOJ\AppData\Roaming\npm;C:\Users\MANOJ\AppData\Local\Programs\Microsoft VS Code\bin
USERNAME=PC Solutions
OS=Windows_NT
PROCESSOR_IDENTIFIER=Intel64 Family 6 Model 140 Stepping 1, GenuineIntel



---------------  S Y S T E M  ---------------

OS:
 Windows 10 , 64 bit Build 19041 (10.0.19041.3636)
OS uptime: 0 days 1:31 hours
Hyper-V role detected

CPU: total 4 (initial active 4) (2 cores per cpu, 2 threads per core) family 6 model 140 stepping 1 microcode 0x86, cx8, cmov, fxsr, ht, mmx, 3dnowpref, sse, sse2, sse3, ssse3, sse4.1, sse4.2, popcnt, lzcnt, tsc, tscinvbit, avx, avx2, aes, erms, clmul, bmi1, bmi2, adx, avx512f, avx512dq, avx512cd, avx512bw, avx512vl, sha, fma, vzeroupper, avx512_vpopcntdq, avx512_vpclmulqdq, avx512_vaes, avx512_vnni, clflush, clflushopt, clwb, avx512_vbmi2, avx512_vbmi, hv

Memory: 4k page, system-wide physical 3852M (39M free)
TotalPageFile size 15628M (AvailPageFile size 0M)
current process WorkingSet (physical memory assigned to process): 71M, peak: 71M
current process commit charge ("private bytes"): 144M, peak: 144M

vm_info: Java HotSpot(TM) 64-Bit Server VM (17.0.12+8-LTS-286) for windows-amd64 JRE (17.0.12+8-LTS-286), built on Jun  5 2024 06:46:59 by "mach5one" with MS VC++ 17.6 (VS2022)

END.
