#
# There is insufficient memory for the Java Runtime Environment to continue.
# Native memory allocation (mmap) failed to map 65536 bytes for Failed to commit metaspace.
# Possible reasons:
#   The system is out of physical RAM or swap space
#   The process is running with CompressedOops enabled, and the Java Heap may be blocking the growth of the native heap
# Possible solutions:
#   Reduce memory load on the system
#   Increase physical memory or swap space
#   Check if swap backing store is full
#   Decrease Java heap size (-Xmx/-Xms)
#   Decrease number of Java threads
#   Decrease Java thread stack sizes (-Xss)
#   Set larger code cache with -XX:ReservedCodeCacheSize=
#   JVM is running with Unscaled Compressed Oops mode in which the Java heap is
#     placed in the first 4GB address space. The Java Heap base address is the
#     maximum limit for the native heap growth. Please use -XX:HeapBaseMinAddress
#     to set the Java Heap base and to place the Java Heap above 4GB virtual address.
# This output file may be truncated or incomplete.
#
#  Out of Memory Error (virtualSpaceNode.cpp:110), pid=3320, tid=6568
#
# JRE version: Java(TM) SE Runtime Environment (17.0.12+8) (build 17.0.12+8-LTS-286)
# Java VM: Java HotSpot(TM) 64-Bit Server VM (17.0.12+8-LTS-286, mixed mode, emulated-client, sharing, tiered, compressed oops, compressed class ptrs, g1 gc, windows-amd64)
# No core dump will be written. Minidumps are not enabled by default on client versions of Windows
#

---------------  S U M M A R Y ------------

Command Line: -XX:TieredStopAtLevel=1 -Xverify:none -Dspring.output.ansi.enabled=always -javaagent:C:\Program Files\JetBrains\IntelliJ IDEA 2021.2.3\lib\idea_rt.jar=10227:C:\Program Files\JetBrains\IntelliJ IDEA 2021.2.3\bin -Dcom.sun.management.jmxremote -Dspring.jmx.enabled=true -Dspring.liveBeansView.mbeanDomain -Dspring.application.admin.enabled=true -Dfile.encoding=UTF-8 com.employeeConnect.Employee_Service.EmployeeServiceApplication

Host: 11th Gen Intel(R) Core(TM) i3-1115G4 @ 3.00GHz, 4 cores, 3G,  Windows 10 , 64 bit Build 19041 (10.0.19041.3636)
Time: Fri Sep  5 00:42:04 2025 Sri Lanka Standard Time elapsed time: 816.143630 seconds (0d 0h 13m 36s)

---------------  T H R E A D  ---------------

Current thread (0x000001e1f463e9d0):  JavaThread "http-nio-8087-Acceptor" daemon [_thread_in_vm, id=6568, stack(0x000000dfc5d00000,0x000000dfc5e00000)]

Stack: [0x000000dfc5d00000,0x000000dfc5e00000]
Native frames: (J=compiled Java code, j=interpreted, Vv=VM code, C=native code)
V  [jvm.dll+0x67a04a]
V  [jvm.dll+0x7da4ed]
V  [jvm.dll+0x7dbe33]
V  [jvm.dll+0x7dc4a3]
V  [jvm.dll+0x24508f]
V  [jvm.dll+0x7d60bb]
V  [jvm.dll+0x6206c6]
V  [jvm.dll+0x1bed07]
V  [jvm.dll+0x623022]
V  [jvm.dll+0x621086]
V  [jvm.dll+0x23a821]
V  [jvm.dll+0x1e8e87]
V  [jvm.dll+0x1dea41]
V  [jvm.dll+0x53f78c]
V  [jvm.dll+0x7553b8]
V  [jvm.dll+0x7554a4]
V  [jvm.dll+0x40d1af]
V  [jvm.dll+0x413c39]
C  [java.dll+0x17ec]

Java frames: (J=compiled Java code, j=interpreted, Vv=VM code)
J 1231  java.lang.ClassLoader.defineClass1(Ljava/lang/ClassLoader;Ljava/lang/String;[BIILjava/security/ProtectionDomain;Ljava/lang/String;)Ljava/lang/Class; java.base@17.0.12 (0 bytes) @ 0x000001e1e5c65b63 [0x000001e1e5c65aa0+0x00000000000000c3]
J 1311 c1 java.lang.ClassLoader.defineClass(Ljava/lang/String;[BIILjava/security/ProtectionDomain;)Ljava/lang/Class; java.base@17.0.12 (43 bytes) @ 0x000001e1e5c8525c [0x000001e1e5c85160+0x00000000000000fc]
J 1250 c1 jdk.internal.loader.BuiltinClassLoader.defineClass(Ljava/lang/String;Ljdk/internal/loader/Resource;)Ljava/lang/Class; java.base@17.0.12 (121 bytes) @ 0x000001e1e5c6cee4 [0x000001e1e5c6ca20+0x00000000000004c4]
J 1234 c1 jdk.internal.loader.BuiltinClassLoader.findClassOnClassPathOrNull(Ljava/lang/String;)Ljava/lang/Class; java.base@17.0.12 (64 bytes) @ 0x000001e1e5c678b4 [0x000001e1e5c67600+0x00000000000002b4]
J 1102 c1 jdk.internal.loader.BuiltinClassLoader.loadClassOrNull(Ljava/lang/String;Z)Ljava/lang/Class; java.base@17.0.12 (143 bytes) @ 0x000001e1e5c2515c [0x000001e1e5c24d00+0x000000000000045c]
J 1168 c1 jdk.internal.loader.ClassLoaders$AppClassLoader.loadClass(Ljava/lang/String;Z)Ljava/lang/Class; java.base@17.0.12 (40 bytes) @ 0x000001e1e5c44ca4 [0x000001e1e5c44b60+0x0000000000000144]
J 1163 c1 java.lang.ClassLoader.loadClass(Ljava/lang/String;)Ljava/lang/Class; java.base@17.0.12 (7 bytes) @ 0x000001e1e5c438e4 [0x000001e1e5c438a0+0x0000000000000044]
v  ~StubRoutines::call_stub
j  org.apache.tomcat.util.net.SocketWrapperBase.<init>(Ljava/lang/Object;Lorg/apache/tomcat/util/net/AbstractEndpoint;)V+114
j  org.apache.tomcat.util.net.NioEndpoint$NioSocketWrapper.<init>(Lorg/apache/tomcat/util/net/NioChannel;Lorg/apache/tomcat/util/net/NioEndpoint;)V+3
j  org.apache.tomcat.util.net.NioEndpoint.setSocketOptions(Ljava/nio/channels/SocketChannel;)Z+93
j  org.apache.tomcat.util.net.NioEndpoint.setSocketOptions(Ljava/lang/Object;)Z+5
j  org.apache.tomcat.util.net.Acceptor.run()V+203
j  java.lang.Thread.run()V+11 java.base@17.0.12
v  ~StubRoutines::call_stub

---------------  P R O C E S S  ---------------

Threads class SMR info:
_java_thread_list=0x000001e1f444abd0, length=44, elements={
0x000001e1ed009ed0, 0x000001e1ed00aa90, 0x000001e1ed019bf0, 0x000001e1ed01a7b0,
0x000001e1ed01d280, 0x000001e1ed021c60, 0x000001e1ed0226d0, 0x000001e1ed04c000,
0x000001e1ed2c5fa0, 0x000001e1ed2c6ed0, 0x000001e1ed2c4b60, 0x000001e1ed2c5070,
0x000001e1ed2c5a90, 0x000001e1ed2c7e00, 0x000001e1ed2c5580, 0x000001e1ed2c73e0,
0x000001e1f34dd560, 0x000001e1f34d7020, 0x000001e1f34dda70, 0x000001e1f34da7d0,
0x000001e1f34d7530, 0x000001e1f34dbc10, 0x000001e1f34dd050, 0x000001e1f34dc120,
0x000001e1f34d9390, 0x000001e1f34d7f50, 0x000001e1f34dace0, 0x000001e1f34db1f0,
0x000001e1f34d8e80, 0x000001e1f34db700, 0x000001e1f34dc630, 0x000001e1f34dcb40,
0x000001e1f34d8970, 0x000001e1f34de490, 0x000001e1f34de9a0, 0x000001e1f34d8460,
0x000001e1f34d98a0, 0x000001e1f34d9db0, 0x000001e1f34da2c0, 0x000001e1f463e9d0,
0x000001e1f463f3f0, 0x000001e1f4640830, 0x000001e1f4640d40, 0x000001e1f4641250
}

Java Threads: ( => current thread )
  0x000001e1ed009ed0 JavaThread "Reference Handler" daemon [_thread_blocked, id=17444, stack(0x000000dfc3000000,0x000000dfc3100000)]
  0x000001e1ed00aa90 JavaThread "Finalizer" daemon [_thread_blocked, id=17772, stack(0x000000dfc3100000,0x000000dfc3200000)]
  0x000001e1ed019bf0 JavaThread "Signal Dispatcher" daemon [_thread_blocked, id=14112, stack(0x000000dfc3200000,0x000000dfc3300000)]
  0x000001e1ed01a7b0 JavaThread "Attach Listener" daemon [_thread_blocked, id=13452, stack(0x000000dfc3300000,0x000000dfc3400000)]
  0x000001e1ed01d280 JavaThread "Service Thread" daemon [_thread_blocked, id=18236, stack(0x000000dfc3400000,0x000000dfc3500000)]
  0x000001e1ed021c60 JavaThread "Monitor Deflation Thread" daemon [_thread_blocked, id=16104, stack(0x000000dfc3500000,0x000000dfc3600000)]
  0x000001e1ed0226d0 JavaThread "C1 CompilerThread0" daemon [_thread_blocked, id=12896, stack(0x000000dfc3600000,0x000000dfc3700000)]
  0x000001e1ed04c000 JavaThread "Sweeper thread" daemon [_thread_blocked, id=740, stack(0x000000dfc3700000,0x000000dfc3800000)]
  0x000001e1ed2c5fa0 JavaThread "Common-Cleaner" daemon [_thread_blocked, id=10544, stack(0x000000dfc3800000,0x000000dfc3900000)]
  0x000001e1ed2c6ed0 JavaThread "Monitor Ctrl-Break" daemon [_thread_in_native, id=9092, stack(0x000000dfc3900000,0x000000dfc3a00000)]
  0x000001e1ed2c4b60 JavaThread "Notification Thread" daemon [_thread_blocked, id=13792, stack(0x000000dfc3a00000,0x000000dfc3b00000)]
  0x000001e1ed2c5070 JavaThread "RMI TCP Accept-0" daemon [_thread_in_native, id=17556, stack(0x000000dfc3e00000,0x000000dfc3f00000)]
  0x000001e1ed2c5a90 JavaThread "mysql-cj-abandoned-connection-cleanup" daemon [_thread_blocked, id=17796, stack(0x000000dfc4200000,0x000000dfc4300000)]
  0x000001e1ed2c7e00 JavaThread "pool-1-thread-1" [_thread_blocked, id=6476, stack(0x000000dfc4300000,0x000000dfc4400000)]
  0x000001e1ed2c5580 JavaThread "RMI Scheduler(0)" daemon [_thread_blocked, id=17244, stack(0x000000dfc4500000,0x000000dfc4600000)]
  0x000001e1ed2c73e0 JavaThread "spring.cloud.inetutils" daemon [_thread_blocked, id=13720, stack(0x000000dfc4600000,0x000000dfc4700000)]
  0x000001e1f34dd560 JavaThread "Catalina-utility-1" [_thread_blocked, id=10904, stack(0x000000dfc4900000,0x000000dfc4a00000)]
  0x000001e1f34d7020 JavaThread "Catalina-utility-2" [_thread_blocked, id=16868, stack(0x000000dfc4a00000,0x000000dfc4b00000)]
  0x000001e1f34dda70 JavaThread "container-0" [_thread_blocked, id=13256, stack(0x000000dfc4b00000,0x000000dfc4c00000)]
  0x000001e1f34da7d0 JavaThread "HikariPool-1 housekeeper" daemon [_thread_blocked, id=17116, stack(0x000000dfc4c00000,0x000000dfc4d00000)]
  0x000001e1f34d7530 JavaThread "AsyncResolver-bootstrap-0" daemon [_thread_blocked, id=17024, stack(0x000000dfc4d00000,0x000000dfc4e00000)]
  0x000001e1f34dbc10 JavaThread "DiscoveryClient-0" daemon [_thread_blocked, id=3544, stack(0x000000dfc4e00000,0x000000dfc4f00000)]
  0x000001e1f34dd050 JavaThread "DiscoveryClient-1" daemon [_thread_blocked, id=8392, stack(0x000000dfc4f00000,0x000000dfc5000000)]
  0x000001e1f34dc120 JavaThread "DiscoveryClient-InstanceInfoReplicator-0" daemon [_thread_blocked, id=1372, stack(0x000000dfc5000000,0x000000dfc5100000)]
  0x000001e1f34d9390 JavaThread "AMQP Connection 127.0.0.1:5672" [_thread_in_native, id=1332, stack(0x000000dfc5100000,0x000000dfc5200000)]
  0x000001e1f34d7f50 JavaThread "pool-3-thread-2" [_thread_blocked, id=17728, stack(0x000000dfc5200000,0x000000dfc5300000)]
  0x000001e1f34dace0 JavaThread "springCloudBus.anonymous.MMMM4KRwSDWYzx82WM_P6Q-1" [_thread_blocked, id=16932, stack(0x000000dfc2600000,0x000000dfc2700000)]
  0x000001e1f34db1f0 JavaThread "pool-3-thread-3" [_thread_blocked, id=8928, stack(0x000000dfc2700000,0x000000dfc2800000)]
  0x000001e1f34d8e80 JavaThread "http-nio-8087-exec-1" daemon [_thread_blocked, id=16596, stack(0x000000dfc2800000,0x000000dfc2900000)]
  0x000001e1f34db700 JavaThread "http-nio-8087-exec-2" daemon [_thread_blocked, id=11900, stack(0x000000dfc5300000,0x000000dfc5400000)]
  0x000001e1f34dc630 JavaThread "http-nio-8087-exec-3" daemon [_thread_blocked, id=124, stack(0x000000dfc5400000,0x000000dfc5500000)]
  0x000001e1f34dcb40 JavaThread "http-nio-8087-exec-4" daemon [_thread_blocked, id=2484, stack(0x000000dfc5500000,0x000000dfc5600000)]
  0x000001e1f34d8970 JavaThread "http-nio-8087-exec-5" daemon [_thread_blocked, id=19376, stack(0x000000dfc5600000,0x000000dfc5700000)]
  0x000001e1f34de490 JavaThread "http-nio-8087-exec-6" daemon [_thread_blocked, id=18340, stack(0x000000dfc5700000,0x000000dfc5800000)]
  0x000001e1f34de9a0 JavaThread "http-nio-8087-exec-7" daemon [_thread_blocked, id=8844, stack(0x000000dfc5800000,0x000000dfc5900000)]
  0x000001e1f34d8460 JavaThread "http-nio-8087-exec-8" daemon [_thread_blocked, id=1872, stack(0x000000dfc5900000,0x000000dfc5a00000)]
  0x000001e1f34d98a0 JavaThread "http-nio-8087-exec-9" daemon [_thread_blocked, id=17996, stack(0x000000dfc5a00000,0x000000dfc5b00000)]
  0x000001e1f34d9db0 JavaThread "http-nio-8087-exec-10" daemon [_thread_blocked, id=19068, stack(0x000000dfc5b00000,0x000000dfc5c00000)]
  0x000001e1f34da2c0 JavaThread "http-nio-8087-Poller" daemon [_thread_in_native, id=18912, stack(0x000000dfc5c00000,0x000000dfc5d00000)]
=>0x000001e1f463e9d0 JavaThread "http-nio-8087-Acceptor" daemon [_thread_in_vm, id=6568, stack(0x000000dfc5d00000,0x000000dfc5e00000)]
  0x000001e1f463f3f0 JavaThread "DiscoveryClient-CacheRefreshExecutor-0" daemon [_thread_blocked, id=4384, stack(0x000000dfc4100000,0x000000dfc4200000)]
  0x000001e1f4640830 JavaThread "DiscoveryClient-HeartbeatExecutor-0" daemon [_thread_blocked, id=17068, stack(0x000000dfc5e00000,0x000000dfc5f00000)]
  0x000001e1f4640d40 JavaThread "DestroyJavaVM" [_thread_blocked, id=3296, stack(0x000000dfc2900000,0x000000dfc2a00000)]
  0x000001e1f4641250 JavaThread "AsyncResolver-bootstrap-executor-0" daemon [_thread_blocked, id=16636, stack(0x000000dfc4700000,0x000000dfc4800000)]

Other Threads:
  0x000001e1ed0025a0 VMThread "VM Thread" [stack: 0x000000dfc2f00000,0x000000dfc3000000] [id=17920]
  0x000001e1de0e0ea0 WatcherThread [stack: 0x000000dfc3f00000,0x000000dfc4000000] [id=7928]
  0x000001e1de11b050 GCTaskThread "GC Thread#0" [stack: 0x000000dfc2a00000,0x000000dfc2b00000] [id=10772]
  0x000001e1edb2bfc0 GCTaskThread "GC Thread#1" [stack: 0x000000dfc3b00000,0x000000dfc3c00000] [id=9016]
  0x000001e1edb37920 GCTaskThread "GC Thread#2" [stack: 0x000000dfc3c00000,0x000000dfc3d00000] [id=9652]
  0x000001e1edb37be0 GCTaskThread "GC Thread#3" [stack: 0x000000dfc3d00000,0x000000dfc3e00000] [id=9796]
  0x000001e1de123820 ConcurrentGCThread "G1 Main Marker" [stack: 0x000000dfc2b00000,0x000000dfc2c00000] [id=6648]
  0x000001e1de124230 ConcurrentGCThread "G1 Conc#0" [stack: 0x000000dfc2c00000,0x000000dfc2d00000] [id=11300]
  0x000001e1de16f740 ConcurrentGCThread "G1 Refine#0" [stack: 0x000000dfc2d00000,0x000000dfc2e00000] [id=19312]
  0x000001e1de170170 ConcurrentGCThread "G1 Service" [stack: 0x000000dfc2e00000,0x000000dfc2f00000] [id=2476]

Threads with active compile tasks:

VM state: not at safepoint (normal execution)

VM Mutex/Monitor currently owned by a thread:  ([mutex/lock_event])
[0x000001e1de0da7c0] Metaspace_lock - owner thread: 0x000001e1f463e9d0

Heap address: 0x00000000c3c00000, size: 964 MB, Compressed Oops mode: 32-bit

CDS archive(s) mapped at: [0x000001e180000000-0x000001e180bd0000-0x000001e180bd0000), size 12386304, SharedBaseAddress: 0x000001e180000000, ArchiveRelocationMode: 1.
Compressed class space mapped at: 0x000001e181000000-0x000001e1c1000000, reserved size: 1073741824
Narrow klass base: 0x000001e180000000, Narrow klass shift: 0, Narrow klass range: 0x100000000

GC Precious Log:
 CPUs: 4 total, 4 available
 Memory: 3852M
 Large Page Support: Disabled
 NUMA Support: Disabled
 Compressed Oops: Enabled (32-bit)
 Heap Region Size: 1M
 Heap Min Capacity: 8M
 Heap Initial Capacity: 62M
 Heap Max Capacity: 964M
 Pre-touch: Disabled
 Parallel Workers: 4
 Concurrent Workers: 1
 Concurrent Refinement Workers: 4
 Periodic GC: Disabled

Heap:
 garbage-first heap   total 326656K, used 113111K [0x00000000c3c00000, 0x0000000100000000)
  region size 1024K, 55 young (56320K), 8 survivors (8192K)
 Metaspace       used 77576K, committed 78016K, reserved 1179648K
  class space    used 10980K, committed 11200K, reserved 1048576K

Heap Regions: E=young(eden), S=young(survivor), O=old, HS=humongous(starts), HC=humongous(continues), CS=collection set, F=free, OA=open archive, CA=closed archive, TAMS=top-at-mark-start (previous, next)
|   0|0x00000000c3c00000, 0x00000000c3d00000, 0x00000000c3d00000|100%|HS|  |TAMS 0x00000000c3d00000, 0x00000000c3c00000| Complete 
|   1|0x00000000c3d00000, 0x00000000c3e00000, 0x00000000c3e00000|100%| O|  |TAMS 0x00000000c3e00000, 0x00000000c3d00000| Untracked 
|   2|0x00000000c3e00000, 0x00000000c3f00000, 0x00000000c3f00000|100%| O|  |TAMS 0x00000000c3f00000, 0x00000000c3e00000| Untracked 
|   3|0x00000000c3f00000, 0x00000000c4000000, 0x00000000c4000000|100%| O|  |TAMS 0x00000000c4000000, 0x00000000c3f00000| Untracked 
|   4|0x00000000c4000000, 0x00000000c4100000, 0x00000000c4100000|100%| O|  |TAMS 0x00000000c4100000, 0x00000000c4000000| Untracked 
|   5|0x00000000c4100000, 0x00000000c4200000, 0x00000000c4200000|100%| O|  |TAMS 0x00000000c4200000, 0x00000000c4100000| Untracked 
|   6|0x00000000c4200000, 0x00000000c4300000, 0x00000000c4300000|100%| O|  |TAMS 0x00000000c4300000, 0x00000000c4200000| Untracked 
|   7|0x00000000c4300000, 0x00000000c4400000, 0x00000000c4400000|100%| O|  |TAMS 0x00000000c4400000, 0x00000000c4300000| Untracked 
|   8|0x00000000c4400000, 0x00000000c4500000, 0x00000000c4500000|100%| O|  |TAMS 0x00000000c4500000, 0x00000000c4400000| Untracked 
|   9|0x00000000c4500000, 0x00000000c4600000, 0x00000000c4600000|100%| O|  |TAMS 0x00000000c4600000, 0x00000000c4500000| Untracked 
|  10|0x00000000c4600000, 0x00000000c4700000, 0x00000000c4700000|100%| O|  |TAMS 0x00000000c4700000, 0x00000000c4600000| Untracked 
|  11|0x00000000c4700000, 0x00000000c4800000, 0x00000000c4800000|100%| O|  |TAMS 0x00000000c4800000, 0x00000000c4700000| Untracked 
|  12|0x00000000c4800000, 0x00000000c4900000, 0x00000000c4900000|100%| O|  |TAMS 0x00000000c4900000, 0x00000000c4800000| Untracked 
|  13|0x00000000c4900000, 0x00000000c4a00000, 0x00000000c4a00000|100%| O|  |TAMS 0x00000000c4a00000, 0x00000000c4900000| Untracked 
|  14|0x00000000c4a00000, 0x00000000c4b00000, 0x00000000c4b00000|100%| O|  |TAMS 0x00000000c4b00000, 0x00000000c4a00000| Untracked 
|  15|0x00000000c4b00000, 0x00000000c4c00000, 0x00000000c4c00000|100%| O|  |TAMS 0x00000000c4c00000, 0x00000000c4b00000| Untracked 
|  16|0x00000000c4c00000, 0x00000000c4d00000, 0x00000000c4d00000|100%| O|  |TAMS 0x00000000c4d00000, 0x00000000c4c00000| Untracked 
|  17|0x00000000c4d00000, 0x00000000c4d00000, 0x00000000c4e00000|  0%| F|  |TAMS 0x00000000c4d00000, 0x00000000c4d00000| Untracked 
|  18|0x00000000c4e00000, 0x00000000c4e00000, 0x00000000c4f00000|  0%| F|  |TAMS 0x00000000c4e00000, 0x00000000c4e00000| Untracked 
|  19|0x00000000c4f00000, 0x00000000c5000000, 0x00000000c5000000|100%| O|  |TAMS 0x00000000c4f00000, 0x00000000c4f00000| Untracked 
|  20|0x00000000c5000000, 0x00000000c5100000, 0x00000000c5100000|100%| O|  |TAMS 0x00000000c5100000, 0x00000000c5000000| Untracked 
|  21|0x00000000c5100000, 0x00000000c5200000, 0x00000000c5200000|100%| O|  |TAMS 0x00000000c5200000, 0x00000000c5100000| Untracked 
|  22|0x00000000c5200000, 0x00000000c5300000, 0x00000000c5300000|100%| O|  |TAMS 0x00000000c5300000, 0x00000000c5200000| Untracked 
|  23|0x00000000c5300000, 0x00000000c5400000, 0x00000000c5400000|100%| O|  |TAMS 0x00000000c5400000, 0x00000000c5300000| Untracked 
|  24|0x00000000c5400000, 0x00000000c5500000, 0x00000000c5500000|100%| O|  |TAMS 0x00000000c5500000, 0x00000000c5400000| Untracked 
|  25|0x00000000c5500000, 0x00000000c5600000, 0x00000000c5600000|100%| O|  |TAMS 0x00000000c5500000, 0x00000000c5500000| Untracked 
|  26|0x00000000c5600000, 0x00000000c5700000, 0x00000000c5700000|100%| O|  |TAMS 0x00000000c5700000, 0x00000000c5600000| Untracked 
|  27|0x00000000c5700000, 0x00000000c5800000, 0x00000000c5800000|100%| O|  |TAMS 0x00000000c5800000, 0x00000000c5700000| Untracked 
|  28|0x00000000c5800000, 0x00000000c5900000, 0x00000000c5900000|100%| O|  |TAMS 0x00000000c5900000, 0x00000000c5800000| Untracked 
|  29|0x00000000c5900000, 0x00000000c5a00000, 0x00000000c5a00000|100%| O|  |TAMS 0x00000000c5a00000, 0x00000000c5900000| Untracked 
|  30|0x00000000c5a00000, 0x00000000c5b00000, 0x00000000c5b00000|100%| O|  |TAMS 0x00000000c5b00000, 0x00000000c5a00000| Untracked 
|  31|0x00000000c5b00000, 0x00000000c5c00000, 0x00000000c5c00000|100%| O|  |TAMS 0x00000000c5c00000, 0x00000000c5b00000| Untracked 
|  32|0x00000000c5c00000, 0x00000000c5d00000, 0x00000000c5d00000|100%| O|  |TAMS 0x00000000c5d00000, 0x00000000c5c00000| Untracked 
|  33|0x00000000c5d00000, 0x00000000c5e00000, 0x00000000c5e00000|100%| O|  |TAMS 0x00000000c5e00000, 0x00000000c5d00000| Untracked 
|  34|0x00000000c5e00000, 0x00000000c5f00000, 0x00000000c5f00000|100%| O|  |TAMS 0x00000000c5f00000, 0x00000000c5e00000| Untracked 
|  35|0x00000000c5f00000, 0x00000000c6000000, 0x00000000c6000000|100%| O|  |TAMS 0x00000000c6000000, 0x00000000c5f00000| Untracked 
|  36|0x00000000c6000000, 0x00000000c6100000, 0x00000000c6100000|100%| O|  |TAMS 0x00000000c6100000, 0x00000000c6000000| Untracked 
|  37|0x00000000c6100000, 0x00000000c6200000, 0x00000000c6200000|100%| O|  |TAMS 0x00000000c6200000, 0x00000000c6100000| Untracked 
|  38|0x00000000c6200000, 0x00000000c6300000, 0x00000000c6300000|100%| O|  |TAMS 0x00000000c6300000, 0x00000000c6200000| Untracked 
|  39|0x00000000c6300000, 0x00000000c6400000, 0x00000000c6400000|100%| O|  |TAMS 0x00000000c6400000, 0x00000000c6300000| Untracked 
|  40|0x00000000c6400000, 0x00000000c6500000, 0x00000000c6500000|100%| O|  |TAMS 0x00000000c6500000, 0x00000000c6400000| Untracked 
|  41|0x00000000c6500000, 0x00000000c6600000, 0x00000000c6600000|100%| O|  |TAMS 0x00000000c6600000, 0x00000000c6500000| Untracked 
|  42|0x00000000c6600000, 0x00000000c6700000, 0x00000000c6700000|100%| O|  |TAMS 0x00000000c6700000, 0x00000000c6600000| Untracked 
|  43|0x00000000c6700000, 0x00000000c6800000, 0x00000000c6800000|100%| O|  |TAMS 0x00000000c6800000, 0x00000000c6700000| Untracked 
|  44|0x00000000c6800000, 0x00000000c6900000, 0x00000000c6900000|100%| O|  |TAMS 0x00000000c6900000, 0x00000000c6800000| Untracked 
|  45|0x00000000c6900000, 0x00000000c6a00000, 0x00000000c6a00000|100%| O|  |TAMS 0x00000000c6a00000, 0x00000000c6900000| Untracked 
|  46|0x00000000c6a00000, 0x00000000c6b00000, 0x00000000c6b00000|100%| O|  |TAMS 0x00000000c6b00000, 0x00000000c6a00000| Untracked 
|  47|0x00000000c6b00000, 0x00000000c6c00000, 0x00000000c6c00000|100%| O|  |TAMS 0x00000000c6c00000, 0x00000000c6b00000| Untracked 
|  48|0x00000000c6c00000, 0x00000000c6d00000, 0x00000000c6d00000|100%| O|  |TAMS 0x00000000c6d00000, 0x00000000c6c00000| Untracked 
|  49|0x00000000c6d00000, 0x00000000c6e00000, 0x00000000c6e00000|100%| O|  |TAMS 0x00000000c6e00000, 0x00000000c6d00000| Untracked 
|  50|0x00000000c6e00000, 0x00000000c6f00000, 0x00000000c6f00000|100%| O|  |TAMS 0x00000000c6f00000, 0x00000000c6e00000| Untracked 
|  51|0x00000000c6f00000, 0x00000000c7000000, 0x00000000c7000000|100%| O|  |TAMS 0x00000000c7000000, 0x00000000c6f00000| Untracked 
|  52|0x00000000c7000000, 0x00000000c7100000, 0x00000000c7100000|100%| O|  |TAMS 0x00000000c7100000, 0x00000000c7000000| Untracked 
|  53|0x00000000c7100000, 0x00000000c7200000, 0x00000000c7200000|100%| O|  |TAMS 0x00000000c7200000, 0x00000000c7100000| Untracked 
|  54|0x00000000c7200000, 0x00000000c7300000, 0x00000000c7300000|100%| O|  |TAMS 0x00000000c7300000, 0x00000000c7200000| Untracked 
|  55|0x00000000c7300000, 0x00000000c7400000, 0x00000000c7400000|100%| O|  |TAMS 0x00000000c7400000, 0x00000000c7300000| Untracked 
|  56|0x00000000c7400000, 0x00000000c7500000, 0x00000000c7500000|100%| O|  |TAMS 0x00000000c7500000, 0x00000000c7400000| Untracked 
|  57|0x00000000c7500000, 0x00000000c7600000, 0x00000000c7600000|100%| O|  |TAMS 0x00000000c7535800, 0x00000000c7500000| Untracked 
|  58|0x00000000c7600000, 0x00000000c7700000, 0x00000000c7700000|100%| O|  |TAMS 0x00000000c7600000, 0x00000000c7600000| Untracked 
|  59|0x00000000c7700000, 0x00000000c7753400, 0x00000000c7800000| 32%| O|  |TAMS 0x00000000c7700000, 0x00000000c7700000| Untracked 
|  60|0x00000000c7800000, 0x00000000c7800000, 0x00000000c7900000|  0%| F|  |TAMS 0x00000000c7800000, 0x00000000c7800000| Untracked 
|  61|0x00000000c7900000, 0x00000000c7900000, 0x00000000c7a00000|  0%| F|  |TAMS 0x00000000c7900000, 0x00000000c7900000| Untracked 
|  62|0x00000000c7a00000, 0x00000000c7a00000, 0x00000000c7b00000|  0%| F|  |TAMS 0x00000000c7a00000, 0x00000000c7a00000| Untracked 
|  63|0x00000000c7b00000, 0x00000000c7b00000, 0x00000000c7c00000|  0%| F|  |TAMS 0x00000000c7b00000, 0x00000000c7b00000| Untracked 
|  64|0x00000000c7c00000, 0x00000000c7c00000, 0x00000000c7d00000|  0%| F|  |TAMS 0x00000000c7c00000, 0x00000000c7c00000| Untracked 
|  65|0x00000000c7d00000, 0x00000000c7d00000, 0x00000000c7e00000|  0%| F|  |TAMS 0x00000000c7d00000, 0x00000000c7d00000| Untracked 
|  66|0x00000000c7e00000, 0x00000000c7e00000, 0x00000000c7f00000|  0%| F|  |TAMS 0x00000000c7e00000, 0x00000000c7e00000| Untracked 
|  67|0x00000000c7f00000, 0x00000000c7f00000, 0x00000000c8000000|  0%| F|  |TAMS 0x00000000c7f00000, 0x00000000c7f00000| Untracked 
|  68|0x00000000c8000000, 0x00000000c8000000, 0x00000000c8100000|  0%| F|  |TAMS 0x00000000c8000000, 0x00000000c8000000| Untracked 
|  69|0x00000000c8100000, 0x00000000c8100000, 0x00000000c8200000|  0%| F|  |TAMS 0x00000000c8100000, 0x00000000c8100000| Untracked 
|  70|0x00000000c8200000, 0x00000000c8200000, 0x00000000c8300000|  0%| F|  |TAMS 0x00000000c8200000, 0x00000000c8200000| Untracked 
|  71|0x00000000c8300000, 0x00000000c8300000, 0x00000000c8400000|  0%| F|  |TAMS 0x00000000c8300000, 0x00000000c8300000| Untracked 
|  72|0x00000000c8400000, 0x00000000c8400000, 0x00000000c8500000|  0%| F|  |TAMS 0x00000000c8400000, 0x00000000c8400000| Untracked 
|  73|0x00000000c8500000, 0x00000000c8500000, 0x00000000c8600000|  0%| F|  |TAMS 0x00000000c8500000, 0x00000000c8500000| Untracked 
|  74|0x00000000c8600000, 0x00000000c8600000, 0x00000000c8700000|  0%| F|  |TAMS 0x00000000c8600000, 0x00000000c8600000| Untracked 
|  75|0x00000000c8700000, 0x00000000c8700000, 0x00000000c8800000|  0%| F|  |TAMS 0x00000000c8700000, 0x00000000c8700000| Untracked 
|  76|0x00000000c8800000, 0x00000000c8800000, 0x00000000c8900000|  0%| F|  |TAMS 0x00000000c8800000, 0x00000000c8800000| Untracked 
|  77|0x00000000c8900000, 0x00000000c8900000, 0x00000000c8a00000|  0%| F|  |TAMS 0x00000000c8900000, 0x00000000c8900000| Untracked 
|  78|0x00000000c8a00000, 0x00000000c8a00000, 0x00000000c8b00000|  0%| F|  |TAMS 0x00000000c8a00000, 0x00000000c8a00000| Untracked 
|  79|0x00000000c8b00000, 0x00000000c8b00000, 0x00000000c8c00000|  0%| F|  |TAMS 0x00000000c8b00000, 0x00000000c8b00000| Untracked 
|  80|0x00000000c8c00000, 0x00000000c8c00000, 0x00000000c8d00000|  0%| F|  |TAMS 0x00000000c8c00000, 0x00000000c8c00000| Untracked 
|  81|0x00000000c8d00000, 0x00000000c8d00000, 0x00000000c8e00000|  0%| F|  |TAMS 0x00000000c8d00000, 0x00000000c8d00000| Untracked 
|  82|0x00000000c8e00000, 0x00000000c8e00000, 0x00000000c8f00000|  0%| F|  |TAMS 0x00000000c8e00000, 0x00000000c8e00000| Untracked 
|  83|0x00000000c8f00000, 0x00000000c8f00000, 0x00000000c9000000|  0%| F|  |TAMS 0x00000000c8f00000, 0x00000000c8f00000| Untracked 
|  84|0x00000000c9000000, 0x00000000c9000000, 0x00000000c9100000|  0%| F|  |TAMS 0x00000000c9000000, 0x00000000c9000000| Untracked 
|  85|0x00000000c9100000, 0x00000000c9100000, 0x00000000c9200000|  0%| F|  |TAMS 0x00000000c9100000, 0x00000000c9100000| Untracked 
|  86|0x00000000c9200000, 0x00000000c9200000, 0x00000000c9300000|  0%| F|  |TAMS 0x00000000c9200000, 0x00000000c9200000| Untracked 
|  87|0x00000000c9300000, 0x00000000c9300000, 0x00000000c9400000|  0%| F|  |TAMS 0x00000000c9300000, 0x00000000c9300000| Untracked 
|  88|0x00000000c9400000, 0x00000000c9400000, 0x00000000c9500000|  0%| F|  |TAMS 0x00000000c9400000, 0x00000000c9400000| Untracked 
|  89|0x00000000c9500000, 0x00000000c9500000, 0x00000000c9600000|  0%| F|  |TAMS 0x00000000c9500000, 0x00000000c9500000| Untracked 
|  90|0x00000000c9600000, 0x00000000c9600000, 0x00000000c9700000|  0%| F|  |TAMS 0x00000000c9600000, 0x00000000c9600000| Untracked 
|  91|0x00000000c9700000, 0x00000000c9700000, 0x00000000c9800000|  0%| F|  |TAMS 0x00000000c9700000, 0x00000000c9700000| Untracked 
|  92|0x00000000c9800000, 0x00000000c9800000, 0x00000000c9900000|  0%| F|  |TAMS 0x00000000c9800000, 0x00000000c9800000| Untracked 
|  93|0x00000000c9900000, 0x00000000c9900000, 0x00000000c9a00000|  0%| F|  |TAMS 0x00000000c9900000, 0x00000000c9900000| Untracked 
|  94|0x00000000c9a00000, 0x00000000c9a00000, 0x00000000c9b00000|  0%| F|  |TAMS 0x00000000c9a00000, 0x00000000c9a00000| Untracked 
|  95|0x00000000c9b00000, 0x00000000c9b00000, 0x00000000c9c00000|  0%| F|  |TAMS 0x00000000c9b00000, 0x00000000c9b00000| Untracked 
|  96|0x00000000c9c00000, 0x00000000c9c00000, 0x00000000c9d00000|  0%| F|  |TAMS 0x00000000c9c00000, 0x00000000c9c00000| Untracked 
|  97|0x00000000c9d00000, 0x00000000c9d00000, 0x00000000c9e00000|  0%| F|  |TAMS 0x00000000c9d00000, 0x00000000c9d00000| Untracked 
|  98|0x00000000c9e00000, 0x00000000c9e00000, 0x00000000c9f00000|  0%| F|  |TAMS 0x00000000c9e00000, 0x00000000c9e00000| Untracked 
|  99|0x00000000c9f00000, 0x00000000c9f00000, 0x00000000ca000000|  0%| F|  |TAMS 0x00000000c9f00000, 0x00000000c9f00000| Untracked 
| 100|0x00000000ca000000, 0x00000000ca000000, 0x00000000ca100000|  0%| F|  |TAMS 0x00000000ca000000, 0x00000000ca000000| Untracked 
| 101|0x00000000ca100000, 0x00000000ca100000, 0x00000000ca200000|  0%| F|  |TAMS 0x00000000ca100000, 0x00000000ca100000| Untracked 
| 102|0x00000000ca200000, 0x00000000ca200000, 0x00000000ca300000|  0%| F|  |TAMS 0x00000000ca200000, 0x00000000ca200000| Untracked 
| 103|0x00000000ca300000, 0x00000000ca300000, 0x00000000ca400000|  0%| F|  |TAMS 0x00000000ca300000, 0x00000000ca300000| Untracked 
| 104|0x00000000ca400000, 0x00000000ca400000, 0x00000000ca500000|  0%| F|  |TAMS 0x00000000ca400000, 0x00000000ca400000| Untracked 
| 105|0x00000000ca500000, 0x00000000ca500000, 0x00000000ca600000|  0%| F|  |TAMS 0x00000000ca500000, 0x00000000ca500000| Untracked 
| 106|0x00000000ca600000, 0x00000000ca600000, 0x00000000ca700000|  0%| F|  |TAMS 0x00000000ca600000, 0x00000000ca600000| Untracked 
| 107|0x00000000ca700000, 0x00000000ca700000, 0x00000000ca800000|  0%| F|  |TAMS 0x00000000ca700000, 0x00000000ca700000| Untracked 
| 108|0x00000000ca800000, 0x00000000ca800000, 0x00000000ca900000|  0%| F|  |TAMS 0x00000000ca800000, 0x00000000ca800000| Untracked 
| 109|0x00000000ca900000, 0x00000000ca900000, 0x00000000caa00000|  0%| F|  |TAMS 0x00000000ca900000, 0x00000000ca900000| Untracked 
| 110|0x00000000caa00000, 0x00000000caa00000, 0x00000000cab00000|  0%| F|  |TAMS 0x00000000caa00000, 0x00000000caa00000| Untracked 
| 111|0x00000000cab00000, 0x00000000cab00000, 0x00000000cac00000|  0%| F|  |TAMS 0x00000000cab00000, 0x00000000cab00000| Untracked 
| 112|0x00000000cac00000, 0x00000000cac00000, 0x00000000cad00000|  0%| F|  |TAMS 0x00000000cac00000, 0x00000000cac00000| Untracked 
| 113|0x00000000cad00000, 0x00000000cad00000, 0x00000000cae00000|  0%| F|  |TAMS 0x00000000cad00000, 0x00000000cad00000| Untracked 
| 114|0x00000000cae00000, 0x00000000cae00000, 0x00000000caf00000|  0%| F|  |TAMS 0x00000000cae00000, 0x00000000cae00000| Untracked 
| 115|0x00000000caf00000, 0x00000000caf00000, 0x00000000cb000000|  0%| F|  |TAMS 0x00000000caf00000, 0x00000000caf00000| Untracked 
| 116|0x00000000cb000000, 0x00000000cb000000, 0x00000000cb100000|  0%| F|  |TAMS 0x00000000cb000000, 0x00000000cb000000| Untracked 
| 117|0x00000000cb100000, 0x00000000cb100000, 0x00000000cb200000|  0%| F|  |TAMS 0x00000000cb100000, 0x00000000cb100000| Untracked 
| 118|0x00000000cb200000, 0x00000000cb200000, 0x00000000cb300000|  0%| F|  |TAMS 0x00000000cb200000, 0x00000000cb200000| Untracked 
| 119|0x00000000cb300000, 0x00000000cb300000, 0x00000000cb400000|  0%| F|  |TAMS 0x00000000cb300000, 0x00000000cb300000| Untracked 
| 120|0x00000000cb400000, 0x00000000cb400000, 0x00000000cb500000|  0%| F|  |TAMS 0x00000000cb400000, 0x00000000cb400000| Untracked 
| 121|0x00000000cb500000, 0x00000000cb522970, 0x00000000cb600000| 13%| S|CS|TAMS 0x00000000cb500000, 0x00000000cb500000| Complete 
| 122|0x00000000cb600000, 0x00000000cb700000, 0x00000000cb700000|100%| S|CS|TAMS 0x00000000cb600000, 0x00000000cb600000| Complete 
| 123|0x00000000cb700000, 0x00000000cb800000, 0x00000000cb800000|100%| S|CS|TAMS 0x00000000cb700000, 0x00000000cb700000| Complete 
| 124|0x00000000cb800000, 0x00000000cb900000, 0x00000000cb900000|100%| S|CS|TAMS 0x00000000cb800000, 0x00000000cb800000| Complete 
| 125|0x00000000cb900000, 0x00000000cba00000, 0x00000000cba00000|100%| S|CS|TAMS 0x00000000cb900000, 0x00000000cb900000| Complete 
| 126|0x00000000cba00000, 0x00000000cbb00000, 0x00000000cbb00000|100%| S|CS|TAMS 0x00000000cba00000, 0x00000000cba00000| Complete 
| 127|0x00000000cbb00000, 0x00000000cbc00000, 0x00000000cbc00000|100%| S|CS|TAMS 0x00000000cbb00000, 0x00000000cbb00000| Complete 
| 128|0x00000000cbc00000, 0x00000000cbd00000, 0x00000000cbd00000|100%| S|CS|TAMS 0x00000000cbc00000, 0x00000000cbc00000| Complete 
| 129|0x00000000cbd00000, 0x00000000cbd00000, 0x00000000cbe00000|  0%| F|  |TAMS 0x00000000cbd00000, 0x00000000cbd00000| Untracked 
| 130|0x00000000cbe00000, 0x00000000cbe00000, 0x00000000cbf00000|  0%| F|  |TAMS 0x00000000cbe00000, 0x00000000cbe00000| Untracked 
| 131|0x00000000cbf00000, 0x00000000cbf00000, 0x00000000cc000000|  0%| F|  |TAMS 0x00000000cbf00000, 0x00000000cbf00000| Untracked 
| 132|0x00000000cc000000, 0x00000000cc000000, 0x00000000cc100000|  0%| F|  |TAMS 0x00000000cc000000, 0x00000000cc000000| Untracked 
| 133|0x00000000cc100000, 0x00000000cc100000, 0x00000000cc200000|  0%| F|  |TAMS 0x00000000cc100000, 0x00000000cc100000| Untracked 
| 134|0x00000000cc200000, 0x00000000cc200000, 0x00000000cc300000|  0%| F|  |TAMS 0x00000000cc200000, 0x00000000cc200000| Untracked 
| 135|0x00000000cc300000, 0x00000000cc300000, 0x00000000cc400000|  0%| F|  |TAMS 0x00000000cc300000, 0x00000000cc300000| Untracked 
| 136|0x00000000cc400000, 0x00000000cc400000, 0x00000000cc500000|  0%| F|  |TAMS 0x00000000cc400000, 0x00000000cc400000| Untracked 
| 137|0x00000000cc500000, 0x00000000cc500000, 0x00000000cc600000|  0%| F|  |TAMS 0x00000000cc500000, 0x00000000cc500000| Untracked 
| 138|0x00000000cc600000, 0x00000000cc600000, 0x00000000cc700000|  0%| F|  |TAMS 0x00000000cc600000, 0x00000000cc600000| Untracked 
| 139|0x00000000cc700000, 0x00000000cc700000, 0x00000000cc800000|  0%| F|  |TAMS 0x00000000cc700000, 0x00000000cc700000| Untracked 
| 140|0x00000000cc800000, 0x00000000cc800000, 0x00000000cc900000|  0%| F|  |TAMS 0x00000000cc800000, 0x00000000cc800000| Untracked 
| 141|0x00000000cc900000, 0x00000000cc900000, 0x00000000cca00000|  0%| F|  |TAMS 0x00000000cc900000, 0x00000000cc900000| Untracked 
| 142|0x00000000cca00000, 0x00000000cca00000, 0x00000000ccb00000|  0%| F|  |TAMS 0x00000000cca00000, 0x00000000cca00000| Untracked 
| 143|0x00000000ccb00000, 0x00000000ccb00000, 0x00000000ccc00000|  0%| F|  |TAMS 0x00000000ccb00000, 0x00000000ccb00000| Untracked 
| 144|0x00000000ccc00000, 0x00000000ccc00000, 0x00000000ccd00000|  0%| F|  |TAMS 0x00000000ccc00000, 0x00000000ccc00000| Untracked 
| 145|0x00000000ccd00000, 0x00000000ccd00000, 0x00000000cce00000|  0%| F|  |TAMS 0x00000000ccd00000, 0x00000000ccd00000| Untracked 
| 146|0x00000000cce00000, 0x00000000cce00000, 0x00000000ccf00000|  0%| F|  |TAMS 0x00000000cce00000, 0x00000000cce00000| Untracked 
| 147|0x00000000ccf00000, 0x00000000ccf00000, 0x00000000cd000000|  0%| F|  |TAMS 0x00000000ccf00000, 0x00000000ccf00000| Untracked 
| 148|0x00000000cd000000, 0x00000000cd000000, 0x00000000cd100000|  0%| F|  |TAMS 0x00000000cd000000, 0x00000000cd000000| Untracked 
| 149|0x00000000cd100000, 0x00000000cd100000, 0x00000000cd200000|  0%| F|  |TAMS 0x00000000cd100000, 0x00000000cd100000| Untracked 
| 150|0x00000000cd200000, 0x00000000cd200000, 0x00000000cd300000|  0%| F|  |TAMS 0x00000000cd200000, 0x00000000cd200000| Untracked 
| 151|0x00000000cd300000, 0x00000000cd300000, 0x00000000cd400000|  0%| F|  |TAMS 0x00000000cd300000, 0x00000000cd300000| Untracked 
| 152|0x00000000cd400000, 0x00000000cd400000, 0x00000000cd500000|  0%| F|  |TAMS 0x00000000cd400000, 0x00000000cd400000| Untracked 
| 153|0x00000000cd500000, 0x00000000cd500000, 0x00000000cd600000|  0%| F|  |TAMS 0x00000000cd500000, 0x00000000cd500000| Untracked 
| 154|0x00000000cd600000, 0x00000000cd600000, 0x00000000cd700000|  0%| F|  |TAMS 0x00000000cd600000, 0x00000000cd600000| Untracked 
| 155|0x00000000cd700000, 0x00000000cd700000, 0x00000000cd800000|  0%| F|  |TAMS 0x00000000cd700000, 0x00000000cd700000| Untracked 
| 156|0x00000000cd800000, 0x00000000cd800000, 0x00000000cd900000|  0%| F|  |TAMS 0x00000000cd800000, 0x00000000cd800000| Untracked 
| 157|0x00000000cd900000, 0x00000000cd900000, 0x00000000cda00000|  0%| F|  |TAMS 0x00000000cd900000, 0x00000000cd900000| Untracked 
| 158|0x00000000cda00000, 0x00000000cda00000, 0x00000000cdb00000|  0%| F|  |TAMS 0x00000000cda00000, 0x00000000cda00000| Untracked 
| 159|0x00000000cdb00000, 0x00000000cdb00000, 0x00000000cdc00000|  0%| F|  |TAMS 0x00000000cdb00000, 0x00000000cdb00000| Untracked 
| 160|0x00000000cdc00000, 0x00000000cdc00000, 0x00000000cdd00000|  0%| F|  |TAMS 0x00000000cdc00000, 0x00000000cdc00000| Untracked 
| 161|0x00000000cdd00000, 0x00000000cdd00000, 0x00000000cde00000|  0%| F|  |TAMS 0x00000000cdd00000, 0x00000000cdd00000| Untracked 
| 162|0x00000000cde00000, 0x00000000cde00000, 0x00000000cdf00000|  0%| F|  |TAMS 0x00000000cde00000, 0x00000000cde00000| Untracked 
| 163|0x00000000cdf00000, 0x00000000cdf00000, 0x00000000ce000000|  0%| F|  |TAMS 0x00000000cdf00000, 0x00000000cdf00000| Untracked 
| 164|0x00000000ce000000, 0x00000000ce000000, 0x00000000ce100000|  0%| F|  |TAMS 0x00000000ce000000, 0x00000000ce000000| Untracked 
| 165|0x00000000ce100000, 0x00000000ce100000, 0x00000000ce200000|  0%| F|  |TAMS 0x00000000ce100000, 0x00000000ce100000| Untracked 
| 166|0x00000000ce200000, 0x00000000ce200000, 0x00000000ce300000|  0%| F|  |TAMS 0x00000000ce200000, 0x00000000ce200000| Untracked 
| 167|0x00000000ce300000, 0x00000000ce300000, 0x00000000ce400000|  0%| F|  |TAMS 0x00000000ce300000, 0x00000000ce300000| Untracked 
| 168|0x00000000ce400000, 0x00000000ce400000, 0x00000000ce500000|  0%| F|  |TAMS 0x00000000ce400000, 0x00000000ce400000| Untracked 
| 169|0x00000000ce500000, 0x00000000ce500000, 0x00000000ce600000|  0%| F|  |TAMS 0x00000000ce500000, 0x00000000ce500000| Untracked 
| 170|0x00000000ce600000, 0x00000000ce600000, 0x00000000ce700000|  0%| F|  |TAMS 0x00000000ce600000, 0x00000000ce600000| Untracked 
| 171|0x00000000ce700000, 0x00000000ce700000, 0x00000000ce800000|  0%| F|  |TAMS 0x00000000ce700000, 0x00000000ce700000| Untracked 
| 172|0x00000000ce800000, 0x00000000ce800000, 0x00000000ce900000|  0%| F|  |TAMS 0x00000000ce800000, 0x00000000ce800000| Untracked 
| 173|0x00000000ce900000, 0x00000000ce900000, 0x00000000cea00000|  0%| F|  |TAMS 0x00000000ce900000, 0x00000000ce900000| Untracked 
| 174|0x00000000cea00000, 0x00000000cea00000, 0x00000000ceb00000|  0%| F|  |TAMS 0x00000000cea00000, 0x00000000cea00000| Untracked 
| 175|0x00000000ceb00000, 0x00000000ceb00000, 0x00000000cec00000|  0%| F|  |TAMS 0x00000000ceb00000, 0x00000000ceb00000| Untracked 
| 176|0x00000000cec00000, 0x00000000cec00000, 0x00000000ced00000|  0%| F|  |TAMS 0x00000000cec00000, 0x00000000cec00000| Untracked 
| 177|0x00000000ced00000, 0x00000000ced00000, 0x00000000cee00000|  0%| F|  |TAMS 0x00000000ced00000, 0x00000000ced00000| Untracked 
| 178|0x00000000cee00000, 0x00000000cee00000, 0x00000000cef00000|  0%| F|  |TAMS 0x00000000cee00000, 0x00000000cee00000| Untracked 
| 179|0x00000000cef00000, 0x00000000cef00000, 0x00000000cf000000|  0%| F|  |TAMS 0x00000000cef00000, 0x00000000cef00000| Untracked 
| 180|0x00000000cf000000, 0x00000000cf000000, 0x00000000cf100000|  0%| F|  |TAMS 0x00000000cf000000, 0x00000000cf000000| Untracked 
| 181|0x00000000cf100000, 0x00000000cf100000, 0x00000000cf200000|  0%| F|  |TAMS 0x00000000cf100000, 0x00000000cf100000| Untracked 
| 182|0x00000000cf200000, 0x00000000cf200000, 0x00000000cf300000|  0%| F|  |TAMS 0x00000000cf200000, 0x00000000cf200000| Untracked 
| 183|0x00000000cf300000, 0x00000000cf300000, 0x00000000cf400000|  0%| F|  |TAMS 0x00000000cf300000, 0x00000000cf300000| Untracked 
| 184|0x00000000cf400000, 0x00000000cf400000, 0x00000000cf500000|  0%| F|  |TAMS 0x00000000cf400000, 0x00000000cf400000| Untracked 
| 185|0x00000000cf500000, 0x00000000cf500000, 0x00000000cf600000|  0%| F|  |TAMS 0x00000000cf500000, 0x00000000cf500000| Untracked 
| 186|0x00000000cf600000, 0x00000000cf600000, 0x00000000cf700000|  0%| F|  |TAMS 0x00000000cf600000, 0x00000000cf600000| Untracked 
| 187|0x00000000cf700000, 0x00000000cf700000, 0x00000000cf800000|  0%| F|  |TAMS 0x00000000cf700000, 0x00000000cf700000| Untracked 
| 188|0x00000000cf800000, 0x00000000cf800000, 0x00000000cf900000|  0%| F|  |TAMS 0x00000000cf800000, 0x00000000cf800000| Untracked 
| 189|0x00000000cf900000, 0x00000000cf900000, 0x00000000cfa00000|  0%| F|  |TAMS 0x00000000cf900000, 0x00000000cf900000| Untracked 
| 190|0x00000000cfa00000, 0x00000000cfa00000, 0x00000000cfb00000|  0%| F|  |TAMS 0x00000000cfa00000, 0x00000000cfa00000| Untracked 
| 191|0x00000000cfb00000, 0x00000000cfb00000, 0x00000000cfc00000|  0%| F|  |TAMS 0x00000000cfb00000, 0x00000000cfb00000| Untracked 
| 192|0x00000000cfc00000, 0x00000000cfc00000, 0x00000000cfd00000|  0%| F|  |TAMS 0x00000000cfc00000, 0x00000000cfc00000| Untracked 
| 193|0x00000000cfd00000, 0x00000000cfd00000, 0x00000000cfe00000|  0%| F|  |TAMS 0x00000000cfd00000, 0x00000000cfd00000| Untracked 
| 194|0x00000000cfe00000, 0x00000000cfe00000, 0x00000000cff00000|  0%| F|  |TAMS 0x00000000cfe00000, 0x00000000cfe00000| Untracked 
| 195|0x00000000cff00000, 0x00000000cff00000, 0x00000000d0000000|  0%| F|  |TAMS 0x00000000cff00000, 0x00000000cff00000| Untracked 
| 196|0x00000000d0000000, 0x00000000d0000000, 0x00000000d0100000|  0%| F|  |TAMS 0x00000000d0000000, 0x00000000d0000000| Untracked 
| 197|0x00000000d0100000, 0x00000000d0100000, 0x00000000d0200000|  0%| F|  |TAMS 0x00000000d0100000, 0x00000000d0100000| Untracked 
| 198|0x00000000d0200000, 0x00000000d0200000, 0x00000000d0300000|  0%| F|  |TAMS 0x00000000d0200000, 0x00000000d0200000| Untracked 
| 199|0x00000000d0300000, 0x00000000d0300000, 0x00000000d0400000|  0%| F|  |TAMS 0x00000000d0300000, 0x00000000d0300000| Untracked 
| 200|0x00000000d0400000, 0x00000000d0400000, 0x00000000d0500000|  0%| F|  |TAMS 0x00000000d0400000, 0x00000000d0400000| Untracked 
| 201|0x00000000d0500000, 0x00000000d0500000, 0x00000000d0600000|  0%| F|  |TAMS 0x00000000d0500000, 0x00000000d0500000| Untracked 
| 202|0x00000000d0600000, 0x00000000d0600000, 0x00000000d0700000|  0%| F|  |TAMS 0x00000000d0600000, 0x00000000d0600000| Untracked 
| 203|0x00000000d0700000, 0x00000000d0700000, 0x00000000d0800000|  0%| F|  |TAMS 0x00000000d0700000, 0x00000000d0700000| Untracked 
| 204|0x00000000d0800000, 0x00000000d0800000, 0x00000000d0900000|  0%| F|  |TAMS 0x00000000d0800000, 0x00000000d0800000| Untracked 
| 205|0x00000000d0900000, 0x00000000d0900000, 0x00000000d0a00000|  0%| F|  |TAMS 0x00000000d0900000, 0x00000000d0900000| Untracked 
| 206|0x00000000d0a00000, 0x00000000d0a00000, 0x00000000d0b00000|  0%| F|  |TAMS 0x00000000d0a00000, 0x00000000d0a00000| Untracked 
| 207|0x00000000d0b00000, 0x00000000d0b00000, 0x00000000d0c00000|  0%| F|  |TAMS 0x00000000d0b00000, 0x00000000d0b00000| Untracked 
| 208|0x00000000d0c00000, 0x00000000d0c00000, 0x00000000d0d00000|  0%| F|  |TAMS 0x00000000d0c00000, 0x00000000d0c00000| Untracked 
| 209|0x00000000d0d00000, 0x00000000d0d00000, 0x00000000d0e00000|  0%| F|  |TAMS 0x00000000d0d00000, 0x00000000d0d00000| Untracked 
| 210|0x00000000d0e00000, 0x00000000d0e00000, 0x00000000d0f00000|  0%| F|  |TAMS 0x00000000d0e00000, 0x00000000d0e00000| Untracked 
| 211|0x00000000d0f00000, 0x00000000d0f00000, 0x00000000d1000000|  0%| F|  |TAMS 0x00000000d0f00000, 0x00000000d0f00000| Untracked 
| 212|0x00000000d1000000, 0x00000000d1000000, 0x00000000d1100000|  0%| F|  |TAMS 0x00000000d1000000, 0x00000000d1000000| Untracked 
| 213|0x00000000d1100000, 0x00000000d1100000, 0x00000000d1200000|  0%| F|  |TAMS 0x00000000d1100000, 0x00000000d1100000| Untracked 
| 214|0x00000000d1200000, 0x00000000d1200000, 0x00000000d1300000|  0%| F|  |TAMS 0x00000000d1200000, 0x00000000d1200000| Untracked 
| 215|0x00000000d1300000, 0x00000000d1300000, 0x00000000d1400000|  0%| F|  |TAMS 0x00000000d1300000, 0x00000000d1300000| Untracked 
| 216|0x00000000d1400000, 0x00000000d1400000, 0x00000000d1500000|  0%| F|  |TAMS 0x00000000d1400000, 0x00000000d1400000| Untracked 
| 217|0x00000000d1500000, 0x00000000d1500000, 0x00000000d1600000|  0%| F|  |TAMS 0x00000000d1500000, 0x00000000d1500000| Untracked 
| 218|0x00000000d1600000, 0x00000000d1600000, 0x00000000d1700000|  0%| F|  |TAMS 0x00000000d1600000, 0x00000000d1600000| Untracked 
| 219|0x00000000d1700000, 0x00000000d1700000, 0x00000000d1800000|  0%| F|  |TAMS 0x00000000d1700000, 0x00000000d1700000| Untracked 
| 220|0x00000000d1800000, 0x00000000d1800000, 0x00000000d1900000|  0%| F|  |TAMS 0x00000000d1800000, 0x00000000d1800000| Untracked 
| 221|0x00000000d1900000, 0x00000000d1900000, 0x00000000d1a00000|  0%| F|  |TAMS 0x00000000d1900000, 0x00000000d1900000| Untracked 
| 222|0x00000000d1a00000, 0x00000000d1a00000, 0x00000000d1b00000|  0%| F|  |TAMS 0x00000000d1a00000, 0x00000000d1a00000| Untracked 
| 223|0x00000000d1b00000, 0x00000000d1b00000, 0x00000000d1c00000|  0%| F|  |TAMS 0x00000000d1b00000, 0x00000000d1b00000| Untracked 
| 224|0x00000000d1c00000, 0x00000000d1c00000, 0x00000000d1d00000|  0%| F|  |TAMS 0x00000000d1c00000, 0x00000000d1c00000| Untracked 
| 225|0x00000000d1d00000, 0x00000000d1d00000, 0x00000000d1e00000|  0%| F|  |TAMS 0x00000000d1d00000, 0x00000000d1d00000| Untracked 
| 226|0x00000000d1e00000, 0x00000000d1e00000, 0x00000000d1f00000|  0%| F|  |TAMS 0x00000000d1e00000, 0x00000000d1e00000| Untracked 
| 227|0x00000000d1f00000, 0x00000000d1f00000, 0x00000000d2000000|  0%| F|  |TAMS 0x00000000d1f00000, 0x00000000d1f00000| Untracked 
| 228|0x00000000d2000000, 0x00000000d2000000, 0x00000000d2100000|  0%| F|  |TAMS 0x00000000d2000000, 0x00000000d2000000| Untracked 
| 229|0x00000000d2100000, 0x00000000d2100000, 0x00000000d2200000|  0%| F|  |TAMS 0x00000000d2100000, 0x00000000d2100000| Untracked 
| 230|0x00000000d2200000, 0x00000000d2200000, 0x00000000d2300000|  0%| F|  |TAMS 0x00000000d2200000, 0x00000000d2200000| Untracked 
| 231|0x00000000d2300000, 0x00000000d2300000, 0x00000000d2400000|  0%| F|  |TAMS 0x00000000d2300000, 0x00000000d2300000| Untracked 
| 232|0x00000000d2400000, 0x00000000d2400000, 0x00000000d2500000|  0%| F|  |TAMS 0x00000000d2400000, 0x00000000d2400000| Untracked 
| 233|0x00000000d2500000, 0x00000000d2500000, 0x00000000d2600000|  0%| F|  |TAMS 0x00000000d2500000, 0x00000000d2500000| Untracked 
| 234|0x00000000d2600000, 0x00000000d2600000, 0x00000000d2700000|  0%| F|  |TAMS 0x00000000d2600000, 0x00000000d2600000| Untracked 
| 235|0x00000000d2700000, 0x00000000d2700000, 0x00000000d2800000|  0%| F|  |TAMS 0x00000000d2700000, 0x00000000d2700000| Untracked 
| 236|0x00000000d2800000, 0x00000000d2800000, 0x00000000d2900000|  0%| F|  |TAMS 0x00000000d2800000, 0x00000000d2800000| Untracked 
| 237|0x00000000d2900000, 0x00000000d2900000, 0x00000000d2a00000|  0%| F|  |TAMS 0x00000000d2900000, 0x00000000d2900000| Untracked 
| 238|0x00000000d2a00000, 0x00000000d2a00000, 0x00000000d2b00000|  0%| F|  |TAMS 0x00000000d2a00000, 0x00000000d2a00000| Untracked 
| 239|0x00000000d2b00000, 0x00000000d2b00000, 0x00000000d2c00000|  0%| F|  |TAMS 0x00000000d2b00000, 0x00000000d2b00000| Untracked 
| 240|0x00000000d2c00000, 0x00000000d2c00000, 0x00000000d2d00000|  0%| F|  |TAMS 0x00000000d2c00000, 0x00000000d2c00000| Untracked 
| 241|0x00000000d2d00000, 0x00000000d2d00000, 0x00000000d2e00000|  0%| F|  |TAMS 0x00000000d2d00000, 0x00000000d2d00000| Untracked 
| 242|0x00000000d2e00000, 0x00000000d2e00000, 0x00000000d2f00000|  0%| F|  |TAMS 0x00000000d2e00000, 0x00000000d2e00000| Untracked 
| 243|0x00000000d2f00000, 0x00000000d2f00000, 0x00000000d3000000|  0%| F|  |TAMS 0x00000000d2f00000, 0x00000000d2f00000| Untracked 
| 244|0x00000000d3000000, 0x00000000d3000000, 0x00000000d3100000|  0%| F|  |TAMS 0x00000000d3000000, 0x00000000d3000000| Untracked 
| 245|0x00000000d3100000, 0x00000000d3100000, 0x00000000d3200000|  0%| F|  |TAMS 0x00000000d3100000, 0x00000000d3100000| Untracked 
| 246|0x00000000d3200000, 0x00000000d3200000, 0x00000000d3300000|  0%| F|  |TAMS 0x00000000d3200000, 0x00000000d3200000| Untracked 
| 247|0x00000000d3300000, 0x00000000d3300000, 0x00000000d3400000|  0%| F|  |TAMS 0x00000000d3300000, 0x00000000d3300000| Untracked 
| 248|0x00000000d3400000, 0x00000000d3400000, 0x00000000d3500000|  0%| F|  |TAMS 0x00000000d3400000, 0x00000000d3400000| Untracked 
| 249|0x00000000d3500000, 0x00000000d3500000, 0x00000000d3600000|  0%| F|  |TAMS 0x00000000d3500000, 0x00000000d3500000| Untracked 
| 250|0x00000000d3600000, 0x00000000d3600000, 0x00000000d3700000|  0%| F|  |TAMS 0x00000000d3600000, 0x00000000d3600000| Untracked 
| 251|0x00000000d3700000, 0x00000000d3700000, 0x00000000d3800000|  0%| F|  |TAMS 0x00000000d3700000, 0x00000000d3700000| Untracked 
| 252|0x00000000d3800000, 0x00000000d3800000, 0x00000000d3900000|  0%| F|  |TAMS 0x00000000d3800000, 0x00000000d3800000| Untracked 
| 253|0x00000000d3900000, 0x00000000d3900000, 0x00000000d3a00000|  0%| F|  |TAMS 0x00000000d3900000, 0x00000000d3900000| Untracked 
| 254|0x00000000d3a00000, 0x00000000d3a00000, 0x00000000d3b00000|  0%| F|  |TAMS 0x00000000d3a00000, 0x00000000d3a00000| Untracked 
| 255|0x00000000d3b00000, 0x00000000d3b00000, 0x00000000d3c00000|  0%| F|  |TAMS 0x00000000d3b00000, 0x00000000d3b00000| Untracked 
| 256|0x00000000d3c00000, 0x00000000d3c00000, 0x00000000d3d00000|  0%| F|  |TAMS 0x00000000d3c00000, 0x00000000d3c00000| Untracked 
| 257|0x00000000d3d00000, 0x00000000d3d00000, 0x00000000d3e00000|  0%| F|  |TAMS 0x00000000d3d00000, 0x00000000d3d00000| Untracked 
| 258|0x00000000d3e00000, 0x00000000d3e00000, 0x00000000d3f00000|  0%| F|  |TAMS 0x00000000d3e00000, 0x00000000d3e00000| Untracked 
| 259|0x00000000d3f00000, 0x00000000d3f00000, 0x00000000d4000000|  0%| F|  |TAMS 0x00000000d3f00000, 0x00000000d3f00000| Untracked 
| 260|0x00000000d4000000, 0x00000000d4000000, 0x00000000d4100000|  0%| F|  |TAMS 0x00000000d4000000, 0x00000000d4000000| Untracked 
| 261|0x00000000d4100000, 0x00000000d4100000, 0x00000000d4200000|  0%| F|  |TAMS 0x00000000d4100000, 0x00000000d4100000| Untracked 
| 262|0x00000000d4200000, 0x00000000d4200000, 0x00000000d4300000|  0%| F|  |TAMS 0x00000000d4200000, 0x00000000d4200000| Untracked 
| 263|0x00000000d4300000, 0x00000000d4300000, 0x00000000d4400000|  0%| F|  |TAMS 0x00000000d4300000, 0x00000000d4300000| Untracked 
| 264|0x00000000d4400000, 0x00000000d4400000, 0x00000000d4500000|  0%| F|  |TAMS 0x00000000d4400000, 0x00000000d4400000| Untracked 
| 265|0x00000000d4500000, 0x00000000d4500000, 0x00000000d4600000|  0%| F|  |TAMS 0x00000000d4500000, 0x00000000d4500000| Untracked 
| 266|0x00000000d4600000, 0x00000000d4600000, 0x00000000d4700000|  0%| F|  |TAMS 0x00000000d4600000, 0x00000000d4600000| Untracked 
| 267|0x00000000d4700000, 0x00000000d4700000, 0x00000000d4800000|  0%| F|  |TAMS 0x00000000d4700000, 0x00000000d4700000| Untracked 
| 268|0x00000000d4800000, 0x00000000d4800000, 0x00000000d4900000|  0%| F|  |TAMS 0x00000000d4800000, 0x00000000d4800000| Untracked 
| 269|0x00000000d4900000, 0x00000000d4900000, 0x00000000d4a00000|  0%| F|  |TAMS 0x00000000d4900000, 0x00000000d4900000| Untracked 
| 270|0x00000000d4a00000, 0x00000000d4a00000, 0x00000000d4b00000|  0%| F|  |TAMS 0x00000000d4a00000, 0x00000000d4a00000| Untracked 
| 271|0x00000000d4b00000, 0x00000000d4b00000, 0x00000000d4c00000|  0%| F|  |TAMS 0x00000000d4b00000, 0x00000000d4b00000| Untracked 
| 272|0x00000000d4c00000, 0x00000000d4c92b70, 0x00000000d4d00000| 57%| E|  |TAMS 0x00000000d4c00000, 0x00000000d4c00000| Complete 
| 273|0x00000000d4d00000, 0x00000000d4e00000, 0x00000000d4e00000|100%| E|CS|TAMS 0x00000000d4d00000, 0x00000000d4d00000| Complete 
| 274|0x00000000d4e00000, 0x00000000d4f00000, 0x00000000d4f00000|100%| E|CS|TAMS 0x00000000d4e00000, 0x00000000d4e00000| Complete 
| 275|0x00000000d4f00000, 0x00000000d5000000, 0x00000000d5000000|100%| E|CS|TAMS 0x00000000d4f00000, 0x00000000d4f00000| Complete 
| 276|0x00000000d5000000, 0x00000000d5100000, 0x00000000d5100000|100%| E|CS|TAMS 0x00000000d5000000, 0x00000000d5000000| Complete 
| 277|0x00000000d5100000, 0x00000000d5200000, 0x00000000d5200000|100%| E|CS|TAMS 0x00000000d5100000, 0x00000000d5100000| Complete 
| 278|0x00000000d5200000, 0x00000000d5300000, 0x00000000d5300000|100%| E|CS|TAMS 0x00000000d5200000, 0x00000000d5200000| Complete 
| 279|0x00000000d5300000, 0x00000000d5400000, 0x00000000d5400000|100%| E|CS|TAMS 0x00000000d5300000, 0x00000000d5300000| Complete 
| 280|0x00000000d5400000, 0x00000000d5500000, 0x00000000d5500000|100%| E|CS|TAMS 0x00000000d5400000, 0x00000000d5400000| Complete 
| 281|0x00000000d5500000, 0x00000000d5600000, 0x00000000d5600000|100%| E|CS|TAMS 0x00000000d5500000, 0x00000000d5500000| Complete 
| 282|0x00000000d5600000, 0x00000000d5700000, 0x00000000d5700000|100%| E|CS|TAMS 0x00000000d5600000, 0x00000000d5600000| Complete 
| 283|0x00000000d5700000, 0x00000000d5800000, 0x00000000d5800000|100%| E|CS|TAMS 0x00000000d5700000, 0x00000000d5700000| Complete 
| 284|0x00000000d5800000, 0x00000000d5900000, 0x00000000d5900000|100%| E|CS|TAMS 0x00000000d5800000, 0x00000000d5800000| Complete 
| 285|0x00000000d5900000, 0x00000000d5a00000, 0x00000000d5a00000|100%| E|CS|TAMS 0x00000000d5900000, 0x00000000d5900000| Complete 
| 286|0x00000000d5a00000, 0x00000000d5b00000, 0x00000000d5b00000|100%| E|CS|TAMS 0x00000000d5a00000, 0x00000000d5a00000| Complete 
| 287|0x00000000d5b00000, 0x00000000d5c00000, 0x00000000d5c00000|100%| E|CS|TAMS 0x00000000d5b00000, 0x00000000d5b00000| Complete 
| 288|0x00000000d5c00000, 0x00000000d5d00000, 0x00000000d5d00000|100%| E|CS|TAMS 0x00000000d5c00000, 0x00000000d5c00000| Complete 
| 289|0x00000000d5d00000, 0x00000000d5e00000, 0x00000000d5e00000|100%| E|CS|TAMS 0x00000000d5d00000, 0x00000000d5d00000| Complete 
| 290|0x00000000d5e00000, 0x00000000d5f00000, 0x00000000d5f00000|100%| E|CS|TAMS 0x00000000d5e00000, 0x00000000d5e00000| Complete 
| 291|0x00000000d5f00000, 0x00000000d6000000, 0x00000000d6000000|100%| E|CS|TAMS 0x00000000d5f00000, 0x00000000d5f00000| Complete 
| 292|0x00000000d6000000, 0x00000000d6100000, 0x00000000d6100000|100%| E|CS|TAMS 0x00000000d6000000, 0x00000000d6000000| Complete 
| 293|0x00000000d6100000, 0x00000000d6200000, 0x00000000d6200000|100%| E|CS|TAMS 0x00000000d6100000, 0x00000000d6100000| Complete 
| 294|0x00000000d6200000, 0x00000000d6300000, 0x00000000d6300000|100%| E|CS|TAMS 0x00000000d6200000, 0x00000000d6200000| Complete 
| 295|0x00000000d6300000, 0x00000000d6400000, 0x00000000d6400000|100%| E|CS|TAMS 0x00000000d6300000, 0x00000000d6300000| Complete 
| 296|0x00000000d6400000, 0x00000000d6500000, 0x00000000d6500000|100%| E|CS|TAMS 0x00000000d6400000, 0x00000000d6400000| Complete 
| 297|0x00000000d6500000, 0x00000000d6600000, 0x00000000d6600000|100%| E|CS|TAMS 0x00000000d6500000, 0x00000000d6500000| Complete 
| 298|0x00000000d6600000, 0x00000000d6700000, 0x00000000d6700000|100%| E|CS|TAMS 0x00000000d6600000, 0x00000000d6600000| Complete 
| 299|0x00000000d6700000, 0x00000000d6800000, 0x00000000d6800000|100%| E|CS|TAMS 0x00000000d6700000, 0x00000000d6700000| Complete 
| 300|0x00000000d6800000, 0x00000000d6900000, 0x00000000d6900000|100%| E|CS|TAMS 0x00000000d6800000, 0x00000000d6800000| Complete 
| 301|0x00000000d6900000, 0x00000000d6a00000, 0x00000000d6a00000|100%| E|CS|TAMS 0x00000000d6900000, 0x00000000d6900000| Complete 
| 302|0x00000000d6a00000, 0x00000000d6b00000, 0x00000000d6b00000|100%| E|CS|TAMS 0x00000000d6a00000, 0x00000000d6a00000| Complete 
| 303|0x00000000d6b00000, 0x00000000d6c00000, 0x00000000d6c00000|100%| E|CS|TAMS 0x00000000d6b00000, 0x00000000d6b00000| Complete 
| 304|0x00000000d6c00000, 0x00000000d6d00000, 0x00000000d6d00000|100%| E|CS|TAMS 0x00000000d6c00000, 0x00000000d6c00000| Complete 
| 305|0x00000000d6d00000, 0x00000000d6e00000, 0x00000000d6e00000|100%| E|CS|TAMS 0x00000000d6d00000, 0x00000000d6d00000| Complete 
| 306|0x00000000d6e00000, 0x00000000d6f00000, 0x00000000d6f00000|100%| E|CS|TAMS 0x00000000d6e00000, 0x00000000d6e00000| Complete 
| 307|0x00000000d6f00000, 0x00000000d7000000, 0x00000000d7000000|100%| E|CS|TAMS 0x00000000d6f00000, 0x00000000d6f00000| Complete 
| 308|0x00000000d7000000, 0x00000000d7100000, 0x00000000d7100000|100%| E|CS|TAMS 0x00000000d7000000, 0x00000000d7000000| Complete 
| 309|0x00000000d7100000, 0x00000000d7200000, 0x00000000d7200000|100%| E|CS|TAMS 0x00000000d7100000, 0x00000000d7100000| Complete 
| 310|0x00000000d7200000, 0x00000000d7300000, 0x00000000d7300000|100%| E|CS|TAMS 0x00000000d7200000, 0x00000000d7200000| Complete 
| 311|0x00000000d7300000, 0x00000000d7400000, 0x00000000d7400000|100%| E|CS|TAMS 0x00000000d7300000, 0x00000000d7300000| Complete 
| 312|0x00000000d7400000, 0x00000000d7500000, 0x00000000d7500000|100%| E|CS|TAMS 0x00000000d7400000, 0x00000000d7400000| Complete 
| 313|0x00000000d7500000, 0x00000000d7600000, 0x00000000d7600000|100%| E|CS|TAMS 0x00000000d7500000, 0x00000000d7500000| Complete 
| 314|0x00000000d7600000, 0x00000000d7700000, 0x00000000d7700000|100%| E|CS|TAMS 0x00000000d7600000, 0x00000000d7600000| Complete 
| 315|0x00000000d7700000, 0x00000000d7800000, 0x00000000d7800000|100%| E|CS|TAMS 0x00000000d7700000, 0x00000000d7700000| Complete 
| 316|0x00000000d7800000, 0x00000000d7900000, 0x00000000d7900000|100%| E|CS|TAMS 0x00000000d7800000, 0x00000000d7800000| Complete 
| 317|0x00000000d7900000, 0x00000000d7a00000, 0x00000000d7a00000|100%| E|CS|TAMS 0x00000000d7900000, 0x00000000d7900000| Complete 
| 318|0x00000000d7a00000, 0x00000000d7b00000, 0x00000000d7b00000|100%| E|CS|TAMS 0x00000000d7a00000, 0x00000000d7a00000| Complete 

Card table byte_map: [0x000001e1e8980000,0x000001e1e8b70000] _byte_map_base: 0x000001e1e8362000

Marking Bits (Prev, Next): (CMBitMap*) 0x000001e1de11b6b0, (CMBitMap*) 0x000001e1de11b670
 Prev Bits: [0x000001e1e9c70000, 0x000001e1eab80000)
 Next Bits: [0x000001e1e8d60000, 0x000001e1e9c70000)

Polling page: 0x000001e1dd890000

Metaspace:

Usage:
  Non-class:     65.04 MB used.
      Class:     10.72 MB used.
       Both:     75.76 MB used.

Virtual space:
  Non-class space:      128.00 MB reserved,      65.25 MB ( 51%) committed,  2 nodes.
      Class space:        1.00 GB reserved,      10.94 MB (  1%) committed,  1 nodes.
             Both:        1.12 GB reserved,      76.19 MB (  7%) committed. 

Chunk freelists:
   Non-Class:  13.86 MB
       Class:  5.01 MB
        Both:  18.87 MB

MaxMetaspaceSize: unlimited
CompressedClassSpaceSize: 1.00 GB
Initial GC threshold: 21.00 MB
Current GC threshold: 114.19 MB
CDS: on
MetaspaceReclaimPolicy: balanced
 - commit_granule_bytes: 65536.
 - commit_granule_words: 8192.
 - virtual_space_node_default_size: 8388608.
 - enlarge_chunks_in_place: 1.
 - new_chunks_are_fully_committed: 0.
 - uncommit_free_chunks: 1.
 - use_allocation_guard: 0.
 - handle_deallocations: 1.


Internal statistics:

num_allocs_failed_limit: 8.
num_arena_births: 738.
num_arena_deaths: 0.
num_vsnodes_births: 3.
num_vsnodes_deaths: 0.
num_space_committed: 1219.
num_space_uncommitted: 0.
num_chunks_returned_to_freelist: 8.
num_chunks_taken_from_freelist: 3662.
num_chunk_merges: 8.
num_chunk_splits: 2537.
num_chunks_enlarged: 1953.
num_inconsistent_stats: 0.

CodeCache: size=49152Kb used=14706Kb max_used=14706Kb free=34445Kb
 bounds [0x000001e1e5980000, 0x000001e1e67e0000, 0x000001e1e8980000]
 total_blobs=8917 nmethods=8211 adapters=632
 compilation: enabled
              stopped_count=0, restarted_count=0
 full_count=0

Compilation events (20 events):
Event: 752.539 Thread 0x000001e1ed0226d0 8382       1       org.apache.http.message.BasicLineParser::parseHeader (9 bytes)
Event: 752.540 Thread 0x000001e1ed0226d0 nmethod 8382 0x000001e1e67d6e10 code [0x000001e1e67d6fa0, 0x000001e1e67d70e8]
Event: 752.540 Thread 0x000001e1ed0226d0 8383       1       org.apache.http.util.CharArrayBuffer::indexOf (11 bytes)
Event: 752.542 Thread 0x000001e1ed0226d0 nmethod 8383 0x000001e1e67d7190 code [0x000001e1e67d7320, 0x000001e1e67d7408]
Event: 752.542 Thread 0x000001e1ed0226d0 8380       1       org.apache.http.util.Asserts::check (14 bytes)
Event: 752.551 Thread 0x000001e1ed0226d0 nmethod 8380 0x000001e1e67d7490 code [0x000001e1e67d7620, 0x000001e1e67d7728]
Event: 752.551 Thread 0x000001e1ed0226d0 8379       1       java.net.DelegatingSocketImpl::setOption (10 bytes)
Event: 752.556 Thread 0x000001e1ed0226d0 nmethod 8379 0x000001e1e67d7810 code [0x000001e1e67d79a0, 0x000001e1e67d7a88]
Event: 783.502 Thread 0x000001e1ed0226d0 8384       1       java.nio.StringCharBuffer::<init> (41 bytes)
Event: 783.712 Thread 0x000001e1ed0226d0 nmethod 8384 0x000001e1e67d7b10 code [0x000001e1e67d7ce0, 0x000001e1e67d7f78]
Event: 783.715 Thread 0x000001e1ed0226d0 8385       1       sun.nio.cs.ThreadLocalCoders$Cache::forName (108 bytes)
Event: 783.733 Thread 0x000001e1ed0226d0 nmethod 8385 0x000001e1e67d8110 code [0x000001e1e67d8320, 0x000001e1e67d8b58]
Event: 783.733 Thread 0x000001e1ed0226d0 8386       1       sun.nio.cs.ThreadLocalCoders$1::hasName (43 bytes)
Event: 783.737 Thread 0x000001e1ed0226d0 nmethod 8386 0x000001e1e67d8f10 code [0x000001e1e67d90e0, 0x000001e1e67d9438]
Event: 786.081 Thread 0x000001e1ed0226d0 8387       1       org.apache.http.message.BufferedHeader::<init> (115 bytes)
Event: 786.315 Thread 0x000001e1ed0226d0 nmethod 8387 0x000001e1e67d9610 code [0x000001e1e67d9900, 0x000001e1e67da408]
Event: 787.131 Thread 0x000001e1ed0226d0 8389       1       java.util.concurrent.ConcurrentLinkedQueue::offer (120 bytes)
Event: 787.314 Thread 0x000001e1ed0226d0 nmethod 8389 0x000001e1e67daa90 code [0x000001e1e67dace0, 0x000001e1e67db5f8]
Event: 787.318 Thread 0x000001e1ed0226d0 8391       1       org.springframework.context.event.SimpleApplicationEventMulticaster::getErrorHandler (5 bytes)
Event: 787.350 Thread 0x000001e1ed0226d0 nmethod 8391 0x000001e1e67dba10 code [0x000001e1e67dbba0, 0x000001e1e67dbc78]

GC Heap History (20 events):
Event: 45.898 GC heap before
{Heap before GC invocations=32 (full 0):
 garbage-first heap   total 110592K, used 92413K [0x00000000c3c00000, 0x0000000100000000)
  region size 1024K, 43 young (44032K), 1 survivors (1024K)
 Metaspace       used 63936K, committed 64384K, reserved 1114112K
  class space    used 8918K, committed 9152K, reserved 1048576K
}
Event: 45.910 GC heap after
{Heap after GC invocations=33 (full 0):
 garbage-first heap   total 110592K, used 50973K [0x00000000c3c00000, 0x0000000100000000)
  region size 1024K, 3 young (3072K), 3 survivors (3072K)
 Metaspace       used 63936K, committed 64384K, reserved 1114112K
  class space    used 8918K, committed 9152K, reserved 1048576K
}
Event: 46.915 GC heap before
{Heap before GC invocations=33 (full 0):
 garbage-first heap   total 110592K, used 91933K [0x00000000c3c00000, 0x0000000100000000)
  region size 1024K, 43 young (44032K), 3 survivors (3072K)
 Metaspace       used 66751K, committed 67264K, reserved 1114112K
  class space    used 9366K, committed 9600K, reserved 1048576K
}
Event: 46.928 GC heap after
{Heap after GC invocations=34 (full 0):
 garbage-first heap   total 110592K, used 52983K [0x00000000c3c00000, 0x0000000100000000)
  region size 1024K, 5 young (5120K), 5 survivors (5120K)
 Metaspace       used 66751K, committed 67264K, reserved 1114112K
  class space    used 9366K, committed 9600K, reserved 1048576K
}
Event: 47.861 GC heap before
{Heap before GC invocations=34 (full 0):
 garbage-first heap   total 110592K, used 91895K [0x00000000c3c00000, 0x0000000100000000)
  region size 1024K, 43 young (44032K), 5 survivors (5120K)
 Metaspace       used 67506K, committed 67904K, reserved 1114112K
  class space    used 9481K, committed 9664K, reserved 1048576K
}
Event: 47.880 GC heap after
{Heap after GC invocations=35 (full 0):
 garbage-first heap   total 110592K, used 54304K [0x00000000c3c00000, 0x0000000100000000)
  region size 1024K, 4 young (4096K), 4 survivors (4096K)
 Metaspace       used 67506K, committed 67904K, reserved 1114112K
  class space    used 9481K, committed 9664K, reserved 1048576K
}
Event: 48.403 GC heap before
{Heap before GC invocations=35 (full 0):
 garbage-first heap   total 110592K, used 92192K [0x00000000c3c00000, 0x0000000100000000)
  region size 1024K, 41 young (41984K), 4 survivors (4096K)
 Metaspace       used 68314K, committed 68736K, reserved 1114112K
  class space    used 9595K, committed 9792K, reserved 1048576K
}
Event: 48.423 GC heap after
{Heap after GC invocations=36 (full 0):
 garbage-first heap   total 110592K, used 56131K [0x00000000c3c00000, 0x0000000100000000)
  region size 1024K, 4 young (4096K), 4 survivors (4096K)
 Metaspace       used 68314K, committed 68736K, reserved 1114112K
  class space    used 9595K, committed 9792K, reserved 1048576K
}
Event: 49.604 GC heap before
{Heap before GC invocations=37 (full 0):
 garbage-first heap   total 112640K, used 92995K [0x00000000c3c00000, 0x0000000100000000)
  region size 1024K, 40 young (40960K), 4 survivors (4096K)
 Metaspace       used 68862K, committed 69312K, reserved 1114112K
  class space    used 9690K, committed 9920K, reserved 1048576K
}
Event: 49.615 GC heap after
{Heap after GC invocations=38 (full 0):
 garbage-first heap   total 112640K, used 57472K [0x00000000c3c00000, 0x0000000100000000)
  region size 1024K, 4 young (4096K), 4 survivors (4096K)
 Metaspace       used 68862K, committed 69312K, reserved 1114112K
  class space    used 9690K, committed 9920K, reserved 1048576K
}
Event: 49.624 GC heap before
{Heap before GC invocations=38 (full 0):
 garbage-first heap   total 112640K, used 58496K [0x00000000c3c00000, 0x0000000100000000)
  region size 1024K, 5 young (5120K), 4 survivors (4096K)
 Metaspace       used 68862K, committed 69312K, reserved 1114112K
  class space    used 9690K, committed 9920K, reserved 1048576K
}
Event: 49.638 GC heap after
{Heap after GC invocations=39 (full 0):
 garbage-first heap   total 112640K, used 57151K [0x00000000c3c00000, 0x0000000100000000)
  region size 1024K, 1 young (1024K), 1 survivors (1024K)
 Metaspace       used 68862K, committed 69312K, reserved 1114112K
  class space    used 9690K, committed 9920K, reserved 1048576K
}
Event: 50.220 GC heap before
{Heap before GC invocations=39 (full 0):
 garbage-first heap   total 112640K, used 95039K [0x00000000c3c00000, 0x0000000100000000)
  region size 1024K, 38 young (38912K), 1 survivors (1024K)
 Metaspace       used 69353K, committed 69824K, reserved 1114112K
  class space    used 9762K, committed 9984K, reserved 1048576K
}
Event: 50.225 GC heap after
{Heap after GC invocations=40 (full 0):
 garbage-first heap   total 112640K, used 58701K [0x00000000c3c00000, 0x0000000100000000)
  region size 1024K, 3 young (3072K), 3 survivors (3072K)
 Metaspace       used 69353K, committed 69824K, reserved 1114112K
  class space    used 9762K, committed 9984K, reserved 1048576K
}
Event: 50.676 GC heap before
{Heap before GC invocations=41 (full 0):
 garbage-first heap   total 116736K, used 93517K [0x00000000c3c00000, 0x0000000100000000)
  region size 1024K, 37 young (37888K), 3 survivors (3072K)
 Metaspace       used 70047K, committed 70528K, reserved 1114112K
  class space    used 9871K, committed 10048K, reserved 1048576K
}
Event: 50.683 GC heap after
{Heap after GC invocations=42 (full 0):
 garbage-first heap   total 116736K, used 59670K [0x00000000c3c00000, 0x0000000100000000)
  region size 1024K, 4 young (4096K), 4 survivors (4096K)
 Metaspace       used 70047K, committed 70528K, reserved 1114112K
  class space    used 9871K, committed 10048K, reserved 1048576K
}
Event: 50.692 GC heap before
{Heap before GC invocations=42 (full 0):
 garbage-first heap   total 116736K, used 60694K [0x00000000c3c00000, 0x0000000100000000)
  region size 1024K, 5 young (5120K), 4 survivors (4096K)
 Metaspace       used 70047K, committed 70528K, reserved 1114112K
  class space    used 9871K, committed 10048K, reserved 1048576K
}
Event: 50.715 GC heap after
{Heap after GC invocations=43 (full 0):
 garbage-first heap   total 326656K, used 59113K [0x00000000c3c00000, 0x0000000100000000)
  region size 1024K, 1 young (1024K), 1 survivors (1024K)
 Metaspace       used 70047K, committed 70528K, reserved 1114112K
  class space    used 9871K, committed 10048K, reserved 1048576K
}
Event: 56.641 GC heap before
{Heap before GC invocations=43 (full 0):
 garbage-first heap   total 326656K, used 253673K [0x00000000c3c00000, 0x0000000100000000)
  region size 1024K, 191 young (195584K), 1 survivors (1024K)
 Metaspace       used 74793K, committed 75328K, reserved 1114112K
  class space    used 10587K, committed 10880K, reserved 1048576K
}
Event: 56.831 GC heap after
{Heap after GC invocations=44 (full 0):
 garbage-first heap   total 326656K, used 66007K [0x00000000c3c00000, 0x0000000100000000)
  region size 1024K, 8 young (8192K), 8 survivors (8192K)
 Metaspace       used 74793K, committed 75328K, reserved 1114112K
  class space    used 10587K, committed 10880K, reserved 1048576K
}

Deoptimization events (16 events):
Event: 11.895 Thread 0x000001e1de0dfcd0 DEOPT PACKING pc=0x000001e1e5e29d24 sp=0x000000dfc29fd990
Event: 11.895 Thread 0x000001e1de0dfcd0 DEOPT UNPACKING pc=0x000001e1e59d66e3 sp=0x000000dfc29fcee8 mode 0
Event: 13.571 Thread 0x000001e1de0dfcd0 DEOPT PACKING pc=0x000001e1e60fb77e sp=0x000000dfc29fdd90
Event: 13.571 Thread 0x000001e1de0dfcd0 DEOPT UNPACKING pc=0x000001e1e59d66e3 sp=0x000000dfc29fd328 mode 0
Event: 23.585 Thread 0x000001e1de0dfcd0 DEOPT PACKING pc=0x000001e1e5d78ca2 sp=0x000000dfc29f8df0
Event: 23.585 Thread 0x000001e1de0dfcd0 DEOPT UNPACKING pc=0x000001e1e59d66e3 sp=0x000000dfc29f82f8 mode 3
Event: 23.586 Thread 0x000001e1de0dfcd0 DEOPT PACKING pc=0x000001e1e5d70ba5 sp=0x000000dfc29f8db0
Event: 23.586 Thread 0x000001e1de0dfcd0 DEOPT UNPACKING pc=0x000001e1e59d66e3 sp=0x000000dfc29f82f8 mode 3
Event: 42.355 Thread 0x000001e1f34da7d0 DEOPT PACKING pc=0x000001e1e5ca6897 sp=0x000000dfc4cff220
Event: 42.356 Thread 0x000001e1f34da7d0 DEOPT UNPACKING pc=0x000001e1e59d66e3 sp=0x000000dfc4cfe678 mode 3
Event: 46.610 Thread 0x000001e1de0dfcd0 DEOPT PACKING pc=0x000001e1e65870c8 sp=0x000000dfc29fb710
Event: 46.611 Thread 0x000001e1de0dfcd0 DEOPT UNPACKING pc=0x000001e1e59d66e3 sp=0x000000dfc29fabc8 mode 3
Event: 50.293 Thread 0x000001e1de0dfcd0 DEOPT PACKING pc=0x000001e1e605a4f5 sp=0x000000dfc29fc580
Event: 50.294 Thread 0x000001e1de0dfcd0 DEOPT UNPACKING pc=0x000001e1e59d66e3 sp=0x000000dfc29fba28 mode 0
Event: 50.304 Thread 0x000001e1de0dfcd0 DEOPT PACKING pc=0x000001e1e6058d14 sp=0x000000dfc29fc770
Event: 50.304 Thread 0x000001e1de0dfcd0 DEOPT UNPACKING pc=0x000001e1e59d66e3 sp=0x000000dfc29fbc70 mode 0

Classes unloaded (0 events):
No events

Classes redefined (0 events):
No events

Internal exceptions (20 events):
Event: 95.179 Thread 0x000001e1de0dfcd0 Exception <a 'java/lang/ClassNotFoundException'{0x00000000d5c43fd0}: java/lang/ObjectCustomizer> (0x00000000d5c43fd0) 
thrown [s\open\src\hotspot\share\classfile\systemDictionary.cpp, line 256]
Event: 95.180 Thread 0x000001e1de0dfcd0 Exception <a 'java/lang/ClassNotFoundException'{0x00000000d5c4dd78}: org/springframework/jmx/export/metadata/AbstractJmxAttributeCustomizer> (0x00000000d5c4dd78) 
thrown [s\open\src\hotspot\share\classfile\systemDictionary.cpp, line 256]
Event: 95.183 Thread 0x000001e1de0dfcd0 Exception <a 'java/lang/ClassNotFoundException'{0x00000000d5c57028}: org/springframework/jmx/export/metadata/ManagedOperationCustomizer> (0x00000000d5c57028) 
thrown [s\open\src\hotspot\share\classfile\systemDictionary.cpp, line 256]
Event: 95.186 Thread 0x000001e1de0dfcd0 Exception <a 'java/lang/ClassNotFoundException'{0x00000000d5c63560}: java/lang/ObjectCustomizer> (0x00000000d5c63560) 
thrown [s\open\src\hotspot\share\classfile\systemDictionary.cpp, line 256]
Event: 95.187 Thread 0x000001e1de0dfcd0 Exception <a 'java/lang/ClassNotFoundException'{0x00000000d5c6cd90}: org/springframework/integration/context/IntegrationObjectSupportCustomizer> (0x00000000d5c6cd90) 
thrown [s\open\src\hotspot\share\classfile\systemDictionary.cpp, line 256]
Event: 95.191 Thread 0x000001e1de0dfcd0 Exception <a 'java/lang/ClassNotFoundException'{0x00000000d5c8ab38}: org/springframework/beans/factory/BeanNameAwareCustomizer> (0x00000000d5c8ab38) 
thrown [s\open\src\hotspot\share\classfile\systemDictionary.cpp, line 256]
Event: 95.192 Thread 0x000001e1de0dfcd0 Exception <a 'java/lang/ClassNotFoundException'{0x00000000d5c913d0}: org/springframework/beans/factory/AwareCustomizer> (0x00000000d5c913d0) 
thrown [s\open\src\hotspot\share\classfile\systemDictionary.cpp, line 256]
Event: 95.193 Thread 0x000001e1de0dfcd0 Exception <a 'java/lang/ClassNotFoundException'{0x00000000d5c978a8}: org/springframework/integration/support/context/NamedComponentCustomizer> (0x00000000d5c978a8) 
thrown [s\open\src\hotspot\share\classfile\systemDictionary.cpp, line 256]
Event: 95.194 Thread 0x000001e1de0dfcd0 Exception <a 'java/lang/ClassNotFoundException'{0x00000000d5c9fb28}: org/springframework/context/ApplicationContextAwareCustomizer> (0x00000000d5c9fb28) 
thrown [s\open\src\hotspot\share\classfile\systemDictionary.cpp, line 256]
Event: 95.194 Thread 0x000001e1de0dfcd0 Exception <a 'java/lang/ClassNotFoundException'{0x00000000d5ca6ae8}: org/springframework/beans/factory/AwareCustomizer> (0x00000000d5ca6ae8) 
thrown [s\open\src\hotspot\share\classfile\systemDictionary.cpp, line 256]
Event: 95.195 Thread 0x000001e1de0dfcd0 Exception <a 'java/lang/ClassNotFoundException'{0x00000000d5cac8d8}: org/springframework/beans/factory/BeanFactoryAwareCustomizer> (0x00000000d5cac8d8) 
thrown [s\open\src\hotspot\share\classfile\systemDictionary.cpp, line 256]
Event: 95.196 Thread 0x000001e1de0dfcd0 Exception <a 'java/lang/ClassNotFoundException'{0x00000000d5cb3898}: org/springframework/beans/factory/AwareCustomizer> (0x00000000d5cb3898) 
thrown [s\open\src\hotspot\share\classfile\systemDictionary.cpp, line 256]
Event: 95.198 Thread 0x000001e1de0dfcd0 Exception <a 'java/lang/ClassNotFoundException'{0x00000000d5cb9688}: org/springframework/beans/factory/InitializingBeanCustomizer> (0x00000000d5cb9688) 
thrown [s\open\src\hotspot\share\classfile\systemDictionary.cpp, line 256]
Event: 95.198 Thread 0x000001e1de0dfcd0 Exception <a 'java/lang/ClassNotFoundException'{0x00000000d5cc0040}: org/springframework/integration/context/ExpressionCapableCustomizer> (0x00000000d5cc0040) 
thrown [s\open\src\hotspot\share\classfile\systemDictionary.cpp, line 256]
Event: 95.200 Thread 0x000001e1de0dfcd0 Exception <a 'java/lang/ClassNotFoundException'{0x00000000d5cce708}: org/springframework/integration/support/management/IntegrationManagementCustomizer> (0x00000000d5cce708) 
thrown [s\open\src\hotspot\share\classfile\systemDictionary.cpp, line 256]
Event: 95.201 Thread 0x000001e1de0dfcd0 Exception <a 'java/lang/ClassNotFoundException'{0x00000000d5cdcc68}: org/springframework/integration/support/context/NamedComponentCustomizer> (0x00000000d5cdcc68) 
thrown [s\open\src\hotspot\share\classfile\systemDictionary.cpp, line 256]
Event: 95.202 Thread 0x000001e1de0dfcd0 Exception <a 'java/lang/ClassNotFoundException'{0x00000000d5ce6830}: org/springframework/beans/factory/DisposableBeanCustomizer> (0x00000000d5ce6830) 
thrown [s\open\src\hotspot\share\classfile\systemDictionary.cpp, line 256]
Event: 95.202 Thread 0x000001e1de0dfcd0 Exception <a 'java/lang/ClassNotFoundException'{0x00000000d5cef3e0}: org/springframework/integration/channel/BroadcastCapableChannelCustomizer> (0x00000000d5cef3e0) 
thrown [s\open\src\hotspot\share\classfile\systemDictionary.cpp, line 256]
Event: 95.203 Thread 0x000001e1de0dfcd0 Exception <a 'java/lang/ClassNotFoundException'{0x00000000d5cf6680}: org/springframework/messaging/SubscribableChannelCustomizer> (0x00000000d5cf6680) 
thrown [s\open\src\hotspot\share\classfile\systemDictionary.cpp, line 256]
Event: 95.204 Thread 0x000001e1de0dfcd0 Exception <a 'java/lang/ClassNotFoundException'{0x00000000d5cfce88}: org/springframework/messaging/MessageChannelCustomizer> (0x00000000d5cfce88) 
thrown [s\open\src\hotspot\share\classfile\systemDictionary.cpp, line 256]

VM Operations (20 events):
Event: 472.278 Executing VM operation: Cleanup
Event: 472.280 Executing VM operation: Cleanup done
Event: 481.350 Executing VM operation: Cleanup
Event: 481.350 Executing VM operation: Cleanup done
Event: 511.576 Executing VM operation: Cleanup
Event: 511.587 Executing VM operation: Cleanup done
Event: 541.842 Executing VM operation: Cleanup
Event: 541.842 Executing VM operation: Cleanup done
Event: 572.105 Executing VM operation: Cleanup
Event: 572.105 Executing VM operation: Cleanup done
Event: 577.143 Executing VM operation: Cleanup
Event: 577.143 Executing VM operation: Cleanup done
Event: 602.345 Executing VM operation: Cleanup
Event: 602.345 Executing VM operation: Cleanup done
Event: 692.011 Executing VM operation: Cleanup
Event: 692.012 Executing VM operation: Cleanup done
Event: 722.259 Executing VM operation: Cleanup
Event: 722.259 Executing VM operation: Cleanup done
Event: 752.489 Executing VM operation: Cleanup
Event: 752.507 Executing VM operation: Cleanup done

Events (20 events):
Event: 96.898 Thread 0x000001e1f463eee0 Thread added: 0x000001e1f463eee0
Event: 96.930 Thread 0x000001e1f4641c70 Thread added: 0x000001e1f4641c70
Event: 96.952 Thread 0x000001e1f463eee0 Thread exited: 0x000001e1f463eee0
Event: 96.962 Thread 0x000001e1f4641250 Thread added: 0x000001e1f4641250
Event: 96.971 loading class java/util/concurrent/locks/ReentrantReadWriteLock$Sync$HoldCounter
Event: 96.972 loading class java/util/concurrent/locks/ReentrantReadWriteLock$Sync$HoldCounter done
Event: 96.975 Thread 0x000001e1f4641c70 Thread exited: 0x000001e1f4641c70
Event: 96.982 Thread 0x000001e1f46430b0 Thread added: 0x000001e1f46430b0
Event: 97.231 loading class java/time/Instant$1
Event: 97.233 loading class java/time/Instant$1 done
Event: 98.225 Thread 0x000001e1f46430b0 Thread exited: 0x000001e1f46430b0
Event: 98.288 Thread 0x000001e1f4641250 Thread exited: 0x000001e1f4641250
Event: 183.709 Thread 0x000001e1f463dfb0 Thread exited: 0x000001e1f463dfb0
Event: 183.709 Thread 0x000001e1ed2c64b0 Thread exited: 0x000001e1ed2c64b0
Event: 183.709 Thread 0x000001e1f463d080 Thread exited: 0x000001e1f463d080
Event: 355.306 Thread 0x000001e1f4641250 Thread added: 0x000001e1f4641250
Event: 397.081 Thread 0x000001e1f463eee0 Thread added: 0x000001e1f463eee0
Event: 472.217 Thread 0x000001e1f463eee0 Thread exited: 0x000001e1f463eee0
Event: 697.081 Thread 0x000001e1f4640320 Thread added: 0x000001e1f4640320
Event: 772.275 Thread 0x000001e1f4640320 Thread exited: 0x000001e1f4640320


Dynamic libraries:
0x00007ff6dea90000 - 0x00007ff6deaa0000 	C:\Program Files\Java\jdk-17\bin\java.exe
0x00007ffc96530000 - 0x00007ffc96728000 	C:\Windows\SYSTEM32\ntdll.dll
0x00007ffc8f460000 - 0x00007ffc8f480000 	C:\Program Files\Avast Software\Avast\aswhook.dll
0x00007ffc962e0000 - 0x00007ffc9639d000 	C:\Windows\System32\KERNEL32.DLL
0x00007ffc93e00000 - 0x00007ffc940f6000 	C:\Windows\System32\KERNELBASE.dll
0x00007ffc93c90000 - 0x00007ffc93d90000 	C:\Windows\System32\ucrtbase.dll
0x00007ffc73450000 - 0x00007ffc73469000 	C:\Program Files\Java\jdk-17\bin\jli.dll
0x00007ffc95430000 - 0x00007ffc954e3000 	C:\Windows\System32\ADVAPI32.dll
0x00007ffc96040000 - 0x00007ffc960de000 	C:\Windows\System32\msvcrt.dll
0x00007ffc95700000 - 0x00007ffc9579f000 	C:\Windows\System32\sechost.dll
0x00007ffc949d0000 - 0x00007ffc94af6000 	C:\Windows\System32\RPCRT4.dll
0x00007ffc941b0000 - 0x00007ffc941d7000 	C:\Windows\System32\bcrypt.dll
0x00007ffc954f0000 - 0x00007ffc9568e000 	C:\Windows\System32\USER32.dll
0x00007ffc94420000 - 0x00007ffc94442000 	C:\Windows\System32\win32u.dll
0x00007ffc963a0000 - 0x00007ffc963cb000 	C:\Windows\System32\GDI32.dll
0x00007ffc94450000 - 0x00007ffc94567000 	C:\Windows\System32\gdi32full.dll
0x00007ffc93bf0000 - 0x00007ffc93c8d000 	C:\Windows\System32\msvcp_win.dll
0x00007ffc88640000 - 0x00007ffc8864a000 	C:\Windows\SYSTEM32\VERSION.dll
0x00007ffc73430000 - 0x00007ffc7344b000 	C:\Program Files\Java\jdk-17\bin\VCRUNTIME140.dll
0x00007ffc777c0000 - 0x00007ffc77a5a000 	C:\Windows\WinSxS\amd64_microsoft.windows.common-controls_6595b64144ccf1df_6.0.19041.3636_none_60b6a03d71f818d5\COMCTL32.dll
0x00007ffc94b00000 - 0x00007ffc94b32000 	C:\Windows\System32\IMM32.DLL
0x00007ffc722b0000 - 0x00007ffc722bc000 	C:\Program Files\Java\jdk-17\bin\vcruntime140_1.dll
0x00007ffc1e520000 - 0x00007ffc1e5ae000 	C:\Program Files\Java\jdk-17\bin\msvcp140.dll
0x00007ffbd5df0000 - 0x00007ffbd69d0000 	C:\Program Files\Java\jdk-17\bin\server\jvm.dll
0x00007ffc95300000 - 0x00007ffc95308000 	C:\Windows\System32\PSAPI.DLL
0x00007ffc73250000 - 0x00007ffc73259000 	C:\Windows\SYSTEM32\WSOCK32.dll
0x00007ffc95690000 - 0x00007ffc956fb000 	C:\Windows\System32\WS2_32.dll
0x00007ffc6bae0000 - 0x00007ffc6bb07000 	C:\Windows\SYSTEM32\WINMM.dll
0x00007ffc923f0000 - 0x00007ffc92402000 	C:\Windows\SYSTEM32\kernel.appcore.dll
0x00007ffc722a0000 - 0x00007ffc722aa000 	C:\Program Files\Java\jdk-17\bin\jimage.dll
0x00007ffc917c0000 - 0x00007ffc919a4000 	C:\Windows\SYSTEM32\DBGHELP.DLL
0x00007ffc7ab10000 - 0x00007ffc7ab44000 	C:\Windows\SYSTEM32\dbgcore.DLL
0x00007ffc941e0000 - 0x00007ffc94262000 	C:\Windows\System32\bcryptPrimitives.dll
0x00007ffc650a0000 - 0x00007ffc650ae000 	C:\Program Files\Java\jdk-17\bin\instrument.dll
0x00007ffc65b70000 - 0x00007ffc65b95000 	C:\Program Files\Java\jdk-17\bin\java.dll
0x00007ffc1e440000 - 0x00007ffc1e517000 	C:\Program Files\Java\jdk-17\bin\jsvml.dll
0x00007ffc94ba0000 - 0x00007ffc952e5000 	C:\Windows\System32\SHELL32.dll
0x00007ffc91c40000 - 0x00007ffc923dc000 	C:\Windows\SYSTEM32\windows.storage.dll
0x00007ffc945f0000 - 0x00007ffc94944000 	C:\Windows\System32\combase.dll
0x00007ffc934d0000 - 0x00007ffc934fe000 	C:\Windows\SYSTEM32\Wldp.dll
0x00007ffc96210000 - 0x00007ffc962dd000 	C:\Windows\System32\OLEAUT32.dll
0x00007ffc95910000 - 0x00007ffc959bd000 	C:\Windows\System32\SHCORE.dll
0x00007ffc94b40000 - 0x00007ffc94b95000 	C:\Windows\System32\shlwapi.dll
0x00007ffc93b20000 - 0x00007ffc93b45000 	C:\Windows\SYSTEM32\profapi.dll
0x00007ffc65800000 - 0x00007ffc65818000 	C:\Program Files\Java\jdk-17\bin\zip.dll
0x00007ffc708a0000 - 0x00007ffc708b9000 	C:\Program Files\Java\jdk-17\bin\net.dll
0x00007ffc8cb00000 - 0x00007ffc8cc0a000 	C:\Windows\SYSTEM32\WINHTTP.dll
0x00007ffc932b0000 - 0x00007ffc9331a000 	C:\Windows\system32\mswsock.dll
0x00007ffc65b00000 - 0x00007ffc65b16000 	C:\Program Files\Java\jdk-17\bin\nio.dll
0x00007ffc63680000 - 0x00007ffc6369a000 	C:\Program Files\JetBrains\IntelliJ IDEA 2021.2.3\bin\breakgen64.dll
0x00007ffc93000000 - 0x00007ffc930cb000 	C:\Windows\SYSTEM32\DNSAPI.dll
0x00007ffc92fc0000 - 0x00007ffc92ffb000 	C:\Windows\SYSTEM32\IPHLPAPI.DLL
0x00007ffc952f0000 - 0x00007ffc952f8000 	C:\Windows\System32\NSI.dll
0x00007ffc889f0000 - 0x00007ffc889fa000 	C:\Windows\System32\rasadhlp.dll
0x00007ffc84ae0000 - 0x00007ffc84b60000 	C:\Windows\System32\fwpuclnt.dll
0x00007ffc65b60000 - 0x00007ffc65b6a000 	C:\Program Files\Java\jdk-17\bin\management.dll
0x00007ffc65ab0000 - 0x00007ffc65abb000 	C:\Program Files\Java\jdk-17\bin\management_ext.dll
0x00007ffc93580000 - 0x00007ffc93598000 	C:\Windows\SYSTEM32\CRYPTSP.dll
0x00007ffc92ba0000 - 0x00007ffc92bd4000 	C:\Windows\system32\rsaenh.dll
0x00007ffc93ae0000 - 0x00007ffc93b0e000 	C:\Windows\SYSTEM32\USERENV.dll
0x00007ffc93440000 - 0x00007ffc9344c000 	C:\Windows\SYSTEM32\CRYPTBASE.dll
0x00007ffc888d0000 - 0x00007ffc888e7000 	C:\Windows\SYSTEM32\dhcpcsvc6.DLL
0x00007ffc88670000 - 0x00007ffc8868d000 	C:\Windows\SYSTEM32\dhcpcsvc.DLL
0x00007ffc65690000 - 0x00007ffc656a7000 	C:\Windows\system32\napinsp.dll
0x00007ffc644a0000 - 0x00007ffc644bb000 	C:\Windows\system32\pnrpnsp.dll
0x00007ffc8e160000 - 0x00007ffc8e175000 	C:\Windows\system32\wshbth.dll
0x00007ffc8efc0000 - 0x00007ffc8efdd000 	C:\Windows\system32\NLAapi.dll
0x00007ffc64480000 - 0x00007ffc64492000 	C:\Windows\System32\winrnr.dll
0x00007ffc650b0000 - 0x00007ffc650be000 	C:\Program Files\Java\jdk-17\bin\sunmscapi.dll
0x00007ffc94270000 - 0x00007ffc943cd000 	C:\Windows\System32\CRYPT32.dll
0x00007ffc93690000 - 0x00007ffc936b8000 	C:\Windows\SYSTEM32\ncrypt.dll
0x00007ffc93650000 - 0x00007ffc9368b000 	C:\Windows\SYSTEM32\NTASN1.dll
0x00007ffc732e0000 - 0x00007ffc732e7000 	C:\Windows\system32\wshunix.dll

dbghelp: loaded successfully - version: 4.0.5 - missing functions: none
symbol engine: initialized successfully - sym options: 0x614 - pdb path: .;C:\Program Files\Java\jdk-17\bin;C:\Windows\SYSTEM32;C:\Program Files\Avast Software\Avast;C:\Windows\WinSxS\amd64_microsoft.windows.common-controls_6595b64144ccf1df_6.0.19041.3636_none_60b6a03d71f818d5;C:\Program Files\Java\jdk-17\bin\server;C:\Program Files\JetBrains\IntelliJ IDEA 2021.2.3\bin

VM Arguments:
jvm_args: -XX:TieredStopAtLevel=1 -Xverify:none -Dspring.output.ansi.enabled=always -javaagent:C:\Program Files\JetBrains\IntelliJ IDEA 2021.2.3\lib\idea_rt.jar=10227:C:\Program Files\JetBrains\IntelliJ IDEA 2021.2.3\bin -Dcom.sun.management.jmxremote -Dspring.jmx.enabled=true -Dspring.liveBeansView.mbeanDomain -Dspring.application.admin.enabled=true -Dfile.encoding=UTF-8 
java_command: com.employeeConnect.Employee_Service.EmployeeServiceApplication
java_class_path (initial): E:\Employee-Connect\Employee-Service\target\classes;C:\Users\MANOJ\.m2\repository\org\springframework\boot\spring-boot-starter-data-jpa\2.7.14\spring-boot-starter-data-jpa-2.7.14.jar;C:\Users\MANOJ\.m2\repository\org\springframework\boot\spring-boot-starter-jdbc\2.7.14\spring-boot-starter-jdbc-2.7.14.jar;C:\Users\MANOJ\.m2\repository\com\zaxxer\HikariCP\4.0.3\HikariCP-4.0.3.jar;C:\Users\MANOJ\.m2\repository\org\springframework\spring-jdbc\5.3.29\spring-jdbc-5.3.29.jar;C:\Users\MANOJ\.m2\repository\jakarta\transaction\jakarta.transaction-api\1.3.3\jakarta.transaction-api-1.3.3.jar;C:\Users\MANOJ\.m2\repository\jakarta\persistence\jakarta.persistence-api\2.2.3\jakarta.persistence-api-2.2.3.jar;C:\Users\MANOJ\.m2\repository\org\hibernate\hibernate-core\5.6.15.Final\hibernate-core-5.6.15.Final.jar;C:\Users\MANOJ\.m2\repository\org\jboss\logging\jboss-logging\3.4.3.Final\jboss-logging-3.4.3.Final.jar;C:\Users\MANOJ\.m2\repository\net\bytebuddy\byte-buddy\1.12.23\byte-buddy-1.12.23.jar;C:\Users\MANOJ\.m2\repository\antlr\antlr\2.7.7\antlr-2.7.7.jar;C:\Users\MANOJ\.m2\repository\org\jboss\jandex\2.4.2.Final\jandex-2.4.2.Final.jar;C:\Users\MANOJ\.m2\repository\com\fasterxml\classmate\1.5.1\classmate-1.5.1.jar;C:\Users\MANOJ\.m2\repository\org\hibernate\common\hibernate-commons-annotations\5.1.2.Final\hibernate-commons-annotations-5.1.2.Final.jar;C:\Users\MANOJ\.m2\repository\org\glassfish\jaxb\jaxb-runtime\2.3.8\jaxb-runtime-2.3.8.jar;C:\Users\MANOJ\.m2\repository\org\glassfish\jaxb\txw2\2.3.8\txw2-2.3.8.jar;C:\Users\MANOJ\.m2\repository\com\sun\istack\istack-commons-runtime\3.0.12\istack-commons-runtime-3.0.12.jar;C:\Users\MANOJ\.m2\repository\com\sun\activation\jakarta.activation\1.2.2\jakarta.activation-1.2.2.jar;C:\Users\MANOJ\.m2\repository\org\springframework\data\spring-data-jpa\2.7.14\spring-data-jpa-2.7.14.jar;C:\Users\MANOJ\.m2\repository\org\springframework\data\spring-data-commons\2.7.14\spring-data-commons-2.7.14.jar;C:\Users\MANOJ\
Launcher Type: SUN_STANDARD

[Global flags]
     intx CICompilerCount                          = 3                                         {product} {ergonomic}
     uint ConcGCThreads                            = 1                                         {product} {ergonomic}
     uint G1ConcRefinementThreads                  = 4                                         {product} {ergonomic}
   size_t G1HeapRegionSize                         = 1048576                                   {product} {ergonomic}
    uintx GCDrainStackTargetSize                   = 64                                        {product} {ergonomic}
   size_t InitialHeapSize                          = 65011712                                  {product} {ergonomic}
     bool ManagementServer                         = true                                      {product} {command line}
   size_t MarkStackSize                            = 4194304                                   {product} {ergonomic}
   size_t MaxHeapSize                              = 1010827264                                {product} {ergonomic}
   size_t MaxNewSize                               = 606076928                                 {product} {ergonomic}
   size_t MinHeapDeltaBytes                        = 1048576                                   {product} {ergonomic}
   size_t MinHeapSize                              = 8388608                                   {product} {ergonomic}
    uintx NonProfiledCodeHeapSize                  = 0                                      {pd product} {ergonomic}
     bool ProfileInterpreter                       = false                                  {pd product} {command line}
    uintx ProfiledCodeHeapSize                     = 0                                      {pd product} {ergonomic}
   size_t SoftMaxHeapSize                          = 1010827264                             {manageable} {ergonomic}
     intx TieredStopAtLevel                        = 1                                         {product} {command line}
     bool UseCompressedClassPointers               = true                           {product lp64_product} {ergonomic}
     bool UseCompressedOops                        = true                           {product lp64_product} {ergonomic}
     bool UseG1GC                                  = true                                      {product} {ergonomic}
     bool UseLargePagesIndividualAllocation        = false                                  {pd product} {ergonomic}

Logging:
Log output configuration:
 #0: stdout all=warning uptime,level,tags
 #1: stderr all=off uptime,level,tags

Environment Variables:
JAVA_HOME=C:\Users\MANOJ\java\jdk-17
PATH=C:\Program Files\Common Files\Oracle\Java\javapath;C:\Program Files (x86)\Common Files\Oracle\Java\javapath;C:\Windows\system32;C:\Windows;C:\Windows\System32\Wbem;C:\Windows\System32\WindowsPowerShell\v1.0\;C:\Windows\System32\OpenSSH\;C:\Program Files\dotnet\;C:\Program Files (x86)\Microsoft SQL Server\160\Tools\Binn\;C:\Program Files\Microsoft SQL Server\160\Tools\Binn\;C:\Program Files\Microsoft SQL Server\Client SDK\ODBC\170\Tools\Binn\;C:\Program Files\Microsoft SQL Server\160\DTS\Binn\;C:\Program Files (x86)\Microsoft SQL Server\160\DTS\Binn\;C:\Program Files\Microsoft SQL Server\150\Tools\Binn\;C:\Program Files\Java\jdk-17\bin;C:\Program Files\nodejs\;C:\Program Files\Git\cmd;C:\Program Files\Docker\Docker\resources\bin;C:\Program Files\MySQL\MySQL Shell 8.0\bin\;C:\Users\MANOJ\AppData\Local\Microsoft\WindowsApps;C:\Users\MANOJ\.dotnet\tools;C:\Users\MANOJ\Java\jdk-21\bin;;C:\Program Files\JetBrains\IntelliJ IDEA 2021.2.3\bin;;C:\Users\MANOJ\AppData\Roaming\npm;C:\Users\MANOJ\AppData\Local\Programs\Microsoft VS Code\bin
USERNAME=PC Solutions
OS=Windows_NT
PROCESSOR_IDENTIFIER=Intel64 Family 6 Model 140 Stepping 1, GenuineIntel



---------------  S Y S T E M  ---------------

OS:
 Windows 10 , 64 bit Build 19041 (10.0.19041.3636)
OS uptime: 0 days 13:45 hours
Hyper-V role detected

CPU: total 4 (initial active 4) (2 cores per cpu, 2 threads per core) family 6 model 140 stepping 1 microcode 0x86, cx8, cmov, fxsr, ht, mmx, 3dnowpref, sse, sse2, sse3, ssse3, sse4.1, sse4.2, popcnt, lzcnt, tsc, tscinvbit, avx, avx2, aes, erms, clmul, bmi1, bmi2, adx, avx512f, avx512dq, avx512cd, avx512bw, avx512vl, sha, fma, vzeroupper, avx512_vpopcntdq, avx512_vpclmulqdq, avx512_vaes, avx512_vnni, clflush, clflushopt, clwb, avx512_vbmi2, avx512_vbmi, hv

Memory: 4k page, system-wide physical 3852M (99M free)
TotalPageFile size 15628M (AvailPageFile size 1M)
current process WorkingSet (physical memory assigned to process): 26M, peak: 271M
current process commit charge ("private bytes"): 531M, peak: 531M

vm_info: Java HotSpot(TM) 64-Bit Server VM (17.0.12+8-LTS-286) for windows-amd64 JRE (17.0.12+8-LTS-286), built on Jun  5 2024 06:46:59 by "mach5one" with MS VC++ 17.6 (VS2022)

END.
