#
# There is insufficient memory for the Java Runtime Environment to continue.
# Native memory allocation (mmap) failed to map 171966464 bytes for G1 virtual space
# Possible reasons:
#   The system is out of physical RAM or swap space
#   The process is running with CompressedOops enabled, and the Java Heap may be blocking the growth of the native heap
# Possible solutions:
#   Reduce memory load on the system
#   Increase physical memory or swap space
#   Check if swap backing store is full
#   Decrease Java heap size (-Xmx/-Xms)
#   Decrease number of Java threads
#   Decrease Java thread stack sizes (-Xss)
#   Set larger code cache with -XX:ReservedCodeCacheSize=
#   JVM is running with Unscaled Compressed Oops mode in which the Java heap is
#     placed in the first 4GB address space. The Java Heap base address is the
#     maximum limit for the native heap growth. Please use -XX:HeapBaseMinAddress
#     to set the Java Heap base and to place the Java Heap above 4GB virtual address.
# This output file may be truncated or incomplete.
#
#  Out of Memory Error (os_windows.cpp:3548), pid=8184, tid=5080
#
# JRE version: Java(TM) SE Runtime Environment (17.0.12+8) (build 17.0.12+8-LTS-286)
# Java VM: Java HotSpot(TM) 64-Bit Server VM (17.0.12+8-LTS-286, mixed mode, emulated-client, sharing, tiered, compressed oops, compressed class ptrs, g1 gc, windows-amd64)
# No core dump will be written. Minidumps are not enabled by default on client versions of Windows
#

---------------  S U M M A R Y ------------

Command Line: -XX:TieredStopAtLevel=1 -Xverify:none -Dspring.output.ansi.enabled=always -javaagent:C:\Program Files\JetBrains\IntelliJ IDEA 2021.2.3\lib\idea_rt.jar=7622:C:\Program Files\JetBrains\IntelliJ IDEA 2021.2.3\bin -Dcom.sun.management.jmxremote -Dspring.jmx.enabled=true -Dspring.liveBeansView.mbeanDomain -Dspring.application.admin.enabled=true -Dfile.encoding=UTF-8 com.employeeConnect.Employee_Service.EmployeeServiceApplication

Host: 11th Gen Intel(R) Core(TM) i3-1115G4 @ 3.00GHz, 4 cores, 3G,  Windows 10 , 64 bit Build 19041 (10.0.19041.3636)
Time: Tue Sep  2 13:21:10 2025 Sri Lanka Standard Time elapsed time: 30.920580 seconds (0d 0h 0m 30s)

---------------  T H R E A D  ---------------

Current thread (0x0000029aca9c9100):  VMThread "VM Thread" [stack: 0x000000e87b200000,0x000000e87b300000] [id=5080]

Stack: [0x000000e87b200000,0x000000e87b300000]
Native frames: (J=compiled Java code, j=interpreted, Vv=VM code, C=native code)
V  [jvm.dll+0x67a04a]
V  [jvm.dll+0x7da4ed]
V  [jvm.dll+0x7dbe33]
V  [jvm.dll+0x7dc4a3]
V  [jvm.dll+0x24508f]
V  [jvm.dll+0x677089]
V  [jvm.dll+0x66bd32]
V  [jvm.dll+0x301fa6]
V  [jvm.dll+0x309546]
V  [jvm.dll+0x359d2e]
V  [jvm.dll+0x359f5f]
V  [jvm.dll+0x2d9078]
V  [jvm.dll+0x2d74ad]
V  [jvm.dll+0x2d6afc]
V  [jvm.dll+0x31a65b]
V  [jvm.dll+0x7e0d9b]
V  [jvm.dll+0x7e1ad4]
V  [jvm.dll+0x7e1fed]
V  [jvm.dll+0x7e23c4]
V  [jvm.dll+0x7e2490]
V  [jvm.dll+0x78abea]
V  [jvm.dll+0x678f35]
C  [ucrtbase.dll+0x21bb2]
C  [KERNEL32.DLL+0x17344]
C  [ntdll.dll+0x526b1]

VM_Operation (0x000000e87acfa9c0): G1CollectForAllocation, mode: safepoint, requested by thread 0x0000029aca915e40


---------------  P R O C E S S  ---------------

Threads class SMR info:
_java_thread_list=0x0000029ae08042a0, length=43, elements={
0x0000029aca915e40, 0x0000029ad9845bd0, 0x0000029ad9846790, 0x0000029ad9853170,
0x0000029ad9853d30, 0x0000029ad9856700, 0x0000029ad98590d0, 0x0000029ad985bb50,
0x0000029ad985c550, 0x0000029aca9ba9c0, 0x0000029ade2f6320, 0x0000029ad9e1ce20,
0x0000029ade4b7880, 0x0000029aded581e0, 0x0000029adecf67c0, 0x0000029adedddfa0,
0x0000029adeddfe00, 0x0000029adeddeed0, 0x0000029adeddd070, 0x0000029adeddd580,
0x0000029adeddda90, 0x0000029adede0820, 0x0000029ade69d230, 0x0000029ade69e670,
0x0000029ade69dc50, 0x0000029ade6a04d0, 0x0000029ade69d740, 0x0000029ade69e160,
0x0000029ade69a9b0, 0x0000029ade699f90, 0x0000029ade69f5a0, 0x0000029ade69eb80,
0x0000029ade699a80, 0x0000029ade69a4a0, 0x0000029ade69f090, 0x0000029ade69aec0,
0x0000029ade69bdf0, 0x0000029ade69b3d0, 0x0000029ade69cd20, 0x0000029ade69fab0,
0x0000029ade69ffc0, 0x0000029ade69b8e0, 0x0000029ade69c300
}

Java Threads: ( => current thread )
  0x0000029aca915e40 JavaThread "main" [_thread_blocked, id=6888, stack(0x000000e87ac00000,0x000000e87ad00000)]
  0x0000029ad9845bd0 JavaThread "Reference Handler" daemon [_thread_blocked, id=10984, stack(0x000000e87b300000,0x000000e87b400000)]
  0x0000029ad9846790 JavaThread "Finalizer" daemon [_thread_blocked, id=5480, stack(0x000000e87b400000,0x000000e87b500000)]
  0x0000029ad9853170 JavaThread "Signal Dispatcher" daemon [_thread_blocked, id=252, stack(0x000000e87b500000,0x000000e87b600000)]
  0x0000029ad9853d30 JavaThread "Attach Listener" daemon [_thread_blocked, id=14668, stack(0x000000e87b600000,0x000000e87b700000)]
  0x0000029ad9856700 JavaThread "Service Thread" daemon [_thread_blocked, id=16396, stack(0x000000e87b700000,0x000000e87b800000)]
  0x0000029ad98590d0 JavaThread "Monitor Deflation Thread" daemon [_thread_blocked, id=16652, stack(0x000000e87b800000,0x000000e87b900000)]
  0x0000029ad985bb50 JavaThread "C1 CompilerThread0" daemon [_thread_blocked, id=3504, stack(0x000000e87b900000,0x000000e87ba00000)]
  0x0000029ad985c550 JavaThread "Sweeper thread" daemon [_thread_blocked, id=6288, stack(0x000000e87ba00000,0x000000e87bb00000)]
  0x0000029aca9ba9c0 JavaThread "Common-Cleaner" daemon [_thread_blocked, id=18224, stack(0x000000e87bb00000,0x000000e87bc00000)]
  0x0000029ade2f6320 JavaThread "Monitor Ctrl-Break" daemon [_thread_in_native, id=16536, stack(0x000000e87bc00000,0x000000e87bd00000)]
  0x0000029ad9e1ce20 JavaThread "Notification Thread" daemon [_thread_blocked, id=6848, stack(0x000000e87bd00000,0x000000e87be00000)]
  0x0000029ade4b7880 JavaThread "RMI TCP Accept-0" daemon [_thread_in_native, id=7384, stack(0x000000e87c200000,0x000000e87c300000)]
  0x0000029aded581e0 JavaThread "RMI TCP Connection(1)-192.168.1.21" daemon [_thread_in_native, id=13816, stack(0x000000e87c400000,0x000000e87c500000)]
  0x0000029adecf67c0 JavaThread "RMI Scheduler(0)" daemon [_thread_blocked, id=11252, stack(0x000000e87c500000,0x000000e87c600000)]
  0x0000029adedddfa0 JavaThread "Keep-Alive-Timer" daemon [_thread_blocked, id=12764, stack(0x000000e87c600000,0x000000e87c700000)]
  0x0000029adeddfe00 JavaThread "mysql-cj-abandoned-connection-cleanup" daemon [_thread_blocked, id=3556, stack(0x000000e87c800000,0x000000e87c900000)]
  0x0000029adeddeed0 JavaThread "Catalina-utility-1" [_thread_blocked, id=6708, stack(0x000000e87c900000,0x000000e87ca00000)]
  0x0000029adeddd070 JavaThread "Catalina-utility-2" [_thread_blocked, id=9744, stack(0x000000e87ca00000,0x000000e87cb00000)]
  0x0000029adeddd580 JavaThread "container-0" [_thread_blocked, id=9284, stack(0x000000e87cb00000,0x000000e87cc00000)]
  0x0000029adeddda90 JavaThread "HikariPool-1 housekeeper" daemon [_thread_blocked, id=17992, stack(0x000000e87cc00000,0x000000e87cd00000)]
  0x0000029adede0820 JavaThread "HikariPool-1 connection adder" daemon [_thread_blocked, id=16024, stack(0x000000e87cd00000,0x000000e87ce00000)]
  0x0000029ade69d230 JavaThread "spring.cloud.inetutils" daemon [_thread_blocked, id=432, stack(0x000000e87ce00000,0x000000e87cf00000)]
  0x0000029ade69e670 JavaThread "AsyncResolver-bootstrap-0" daemon [_thread_blocked, id=17436, stack(0x000000e87cf00000,0x000000e87d000000)]
  0x0000029ade69dc50 JavaThread "DiscoveryClient-0" daemon [_thread_blocked, id=17924, stack(0x000000e87d000000,0x000000e87d100000)]
  0x0000029ade6a04d0 JavaThread "DiscoveryClient-1" daemon [_thread_blocked, id=12468, stack(0x000000e87d100000,0x000000e87d200000)]
  0x0000029ade69d740 JavaThread "DiscoveryClient-InstanceInfoReplicator-0" daemon [_thread_blocked, id=15836, stack(0x000000e87d200000,0x000000e87d300000)]
  0x0000029ade69e160 JavaThread "AMQP Connection 127.0.0.1:5672" [_thread_in_native, id=18304, stack(0x000000e87d300000,0x000000e87d400000)]
  0x0000029ade69a9b0 JavaThread "pool-1-thread-2" [_thread_blocked, id=12296, stack(0x000000e87d400000,0x000000e87d500000)]
  0x0000029ade699f90 JavaThread "springCloudBus.anonymous.OsYK8kWATMCvD5EKTmk9PA-1" [_thread_blocked, id=17236, stack(0x000000e87d500000,0x000000e87d600000)]
  0x0000029ade69f5a0 JavaThread "pool-1-thread-3" [_thread_blocked, id=9252, stack(0x000000e87d600000,0x000000e87d700000)]
  0x0000029ade69eb80 JavaThread "http-nio-8087-exec-1" daemon [_thread_blocked, id=17496, stack(0x000000e87d700000,0x000000e87d800000)]
  0x0000029ade699a80 JavaThread "http-nio-8087-exec-2" daemon [_thread_blocked, id=16308, stack(0x000000e87d800000,0x000000e87d900000)]
  0x0000029ade69a4a0 JavaThread "http-nio-8087-exec-3" daemon [_thread_blocked, id=17312, stack(0x000000e87d900000,0x000000e87da00000)]
  0x0000029ade69f090 JavaThread "http-nio-8087-exec-4" daemon [_thread_blocked, id=6448, stack(0x000000e87da00000,0x000000e87db00000)]
  0x0000029ade69aec0 JavaThread "http-nio-8087-exec-5" daemon [_thread_blocked, id=5416, stack(0x000000e87db00000,0x000000e87dc00000)]
  0x0000029ade69bdf0 JavaThread "http-nio-8087-exec-6" daemon [_thread_blocked, id=14796, stack(0x000000e87dc00000,0x000000e87dd00000)]
  0x0000029ade69b3d0 JavaThread "http-nio-8087-exec-7" daemon [_thread_blocked, id=15480, stack(0x000000e87dd00000,0x000000e87de00000)]
  0x0000029ade69cd20 JavaThread "http-nio-8087-exec-8" daemon [_thread_blocked, id=12408, stack(0x000000e87de00000,0x000000e87df00000)]
  0x0000029ade69fab0 JavaThread "http-nio-8087-exec-9" daemon [_thread_blocked, id=9260, stack(0x000000e87df00000,0x000000e87e000000)]
  0x0000029ade69ffc0 JavaThread "http-nio-8087-exec-10" daemon [_thread_blocked, id=1160, stack(0x000000e87e000000,0x000000e87e100000)]
  0x0000029ade69b8e0 JavaThread "http-nio-8087-Poller" daemon [_thread_in_native, id=6276, stack(0x000000e87e100000,0x000000e87e200000)]
  0x0000029ade69c300 JavaThread "http-nio-8087-Acceptor" daemon [_thread_in_native, id=15136, stack(0x000000e87e200000,0x000000e87e300000)]

Other Threads:
=>0x0000029aca9c9100 VMThread "VM Thread" [stack: 0x000000e87b200000,0x000000e87b300000] [id=5080]
  0x0000029ade463780 WatcherThread [stack: 0x000000e87c300000,0x000000e87c400000] [id=17828]
  0x0000029aca952270 GCTaskThread "GC Thread#0" [stack: 0x000000e87ad00000,0x000000e87ae00000] [id=17020]
  0x0000029ade38cba0 GCTaskThread "GC Thread#1" [stack: 0x000000e87be00000,0x000000e87bf00000] [id=772]
  0x0000029ade3a96c0 GCTaskThread "GC Thread#2" [stack: 0x000000e87bf00000,0x000000e87c000000] [id=9300]
  0x0000029ade3a9980 GCTaskThread "GC Thread#3" [stack: 0x000000e87c000000,0x000000e87c100000] [id=6488]
  0x0000029aca95aa40 ConcurrentGCThread "G1 Main Marker" [stack: 0x000000e87ae00000,0x000000e87af00000] [id=9592]
  0x0000029aca95b450 ConcurrentGCThread "G1 Conc#0" [stack: 0x000000e87af00000,0x000000e87b000000] [id=7720]
  0x0000029aca9a5140 ConcurrentGCThread "G1 Refine#0" [stack: 0x000000e87b000000,0x000000e87b100000] [id=13332]
  0x0000029ad9c1bcf0 ConcurrentGCThread "G1 Refine#1" [stack: 0x000000e87c100000,0x000000e87c200000] [id=16912]
  0x0000029aca9a5b70 ConcurrentGCThread "G1 Service" [stack: 0x000000e87b100000,0x000000e87b200000] [id=2728]

Threads with active compile tasks:

VM state: at safepoint (normal execution)

VM Mutex/Monitor currently owned by a thread:  ([mutex/lock_event])
[0x0000029aca9116d0] Threads_lock - owner thread: 0x0000029aca9c9100
[0x0000029aca910dd0] Heap_lock - owner thread: 0x0000029aca915e40

Heap address: 0x00000000c3c00000, size: 964 MB, Compressed Oops mode: 32-bit

CDS archive(s) mapped at: [0x0000029a80000000-0x0000029a80bd0000-0x0000029a80bd0000), size 12386304, SharedBaseAddress: 0x0000029a80000000, ArchiveRelocationMode: 1.
Compressed class space mapped at: 0x0000029a81000000-0x0000029ac1000000, reserved size: 1073741824
Narrow klass base: 0x0000029a80000000, Narrow klass shift: 0, Narrow klass range: 0x100000000

GC Precious Log:
 CPUs: 4 total, 4 available
 Memory: 3852M
 Large Page Support: Disabled
 NUMA Support: Disabled
 Compressed Oops: Enabled (32-bit)
 Heap Region Size: 1M
 Heap Min Capacity: 8M
 Heap Initial Capacity: 62M
 Heap Max Capacity: 964M
 Pre-touch: Disabled
 Parallel Workers: 4
 Concurrent Workers: 1
 Concurrent Refinement Workers: 4
 Periodic GC: Disabled

Heap:
 garbage-first heap   total 84992K, used 46189K [0x00000000c3c00000, 0x0000000100000000)
  region size 1024K, 1 young (1024K), 1 survivors (1024K)
 Metaspace       used 69683K, committed 70080K, reserved 1114112K
  class space    used 9913K, committed 10112K, reserved 1048576K

Heap Regions: E=young(eden), S=young(survivor), O=old, HS=humongous(starts), HC=humongous(continues), CS=collection set, F=free, OA=open archive, CA=closed archive, TAMS=top-at-mark-start (previous, next)
|   0|0x00000000c3c00000, 0x00000000c3d00000, 0x00000000c3d00000|100%|HS|  |TAMS 0x00000000c3d00000, 0x00000000c3d00000| Complete 
|   1|0x00000000c3d00000, 0x00000000c3e00000, 0x00000000c3e00000|100%| O|  |TAMS 0x00000000c3e00000, 0x00000000c3e00000| Untracked 
|   2|0x00000000c3e00000, 0x00000000c3f00000, 0x00000000c3f00000|100%| O|  |TAMS 0x00000000c3f00000, 0x00000000c3f00000| Untracked 
|   3|0x00000000c3f00000, 0x00000000c4000000, 0x00000000c4000000|100%| O|  |TAMS 0x00000000c4000000, 0x00000000c4000000| Untracked 
|   4|0x00000000c4000000, 0x00000000c4100000, 0x00000000c4100000|100%| O|  |TAMS 0x00000000c4100000, 0x00000000c4100000| Untracked 
|   5|0x00000000c4100000, 0x00000000c4200000, 0x00000000c4200000|100%| O|  |TAMS 0x00000000c4200000, 0x00000000c4200000| Untracked 
|   6|0x00000000c4200000, 0x00000000c4300000, 0x00000000c4300000|100%| O|  |TAMS 0x00000000c4300000, 0x00000000c4300000| Untracked 
|   7|0x00000000c4300000, 0x00000000c4400000, 0x00000000c4400000|100%| O|  |TAMS 0x00000000c4400000, 0x00000000c4400000| Untracked 
|   8|0x00000000c4400000, 0x00000000c4500000, 0x00000000c4500000|100%| O|  |TAMS 0x00000000c4500000, 0x00000000c4500000| Untracked 
|   9|0x00000000c4500000, 0x00000000c4600000, 0x00000000c4600000|100%| O|  |TAMS 0x00000000c4600000, 0x00000000c4600000| Untracked 
|  10|0x00000000c4600000, 0x00000000c4700000, 0x00000000c4700000|100%| O|  |TAMS 0x00000000c4700000, 0x00000000c4700000| Untracked 
|  11|0x00000000c4700000, 0x00000000c4800000, 0x00000000c4800000|100%| O|  |TAMS 0x00000000c4800000, 0x00000000c4800000| Untracked 
|  12|0x00000000c4800000, 0x00000000c4900000, 0x00000000c4900000|100%| O|  |TAMS 0x00000000c4900000, 0x00000000c4900000| Untracked 
|  13|0x00000000c4900000, 0x00000000c4a00000, 0x00000000c4a00000|100%| O|  |TAMS 0x00000000c4a00000, 0x00000000c4a00000| Untracked 
|  14|0x00000000c4a00000, 0x00000000c4b00000, 0x00000000c4b00000|100%| O|  |TAMS 0x00000000c4b00000, 0x00000000c4b00000| Untracked 
|  15|0x00000000c4b00000, 0x00000000c4c00000, 0x00000000c4c00000|100%| O|  |TAMS 0x00000000c4c00000, 0x00000000c4c00000| Untracked 
|  16|0x00000000c4c00000, 0x00000000c4d00000, 0x00000000c4d00000|100%| O|  |TAMS 0x00000000c4d00000, 0x00000000c4d00000| Untracked 
|  17|0x00000000c4d00000, 0x00000000c4e00000, 0x00000000c4e00000|100%| O|  |TAMS 0x00000000c4e00000, 0x00000000c4e00000| Untracked 
|  18|0x00000000c4e00000, 0x00000000c4f00000, 0x00000000c4f00000|100%| O|  |TAMS 0x00000000c4f00000, 0x00000000c4f00000| Untracked 
|  19|0x00000000c4f00000, 0x00000000c5000000, 0x00000000c5000000|100%| O|  |TAMS 0x00000000c5000000, 0x00000000c5000000| Untracked 
|  20|0x00000000c5000000, 0x00000000c5100000, 0x00000000c5100000|100%| O|  |TAMS 0x00000000c5100000, 0x00000000c5100000| Untracked 
|  21|0x00000000c5100000, 0x00000000c5200000, 0x00000000c5200000|100%| O|  |TAMS 0x00000000c5200000, 0x00000000c5200000| Untracked 
|  22|0x00000000c5200000, 0x00000000c5200000, 0x00000000c5300000|  0%| F|  |TAMS 0x00000000c5200000, 0x00000000c5200000| Untracked 
|  23|0x00000000c5300000, 0x00000000c5400000, 0x00000000c5400000|100%| O|  |TAMS 0x00000000c5400000, 0x00000000c5400000| Untracked 
|  24|0x00000000c5400000, 0x00000000c5500000, 0x00000000c5500000|100%| O|  |TAMS 0x00000000c5500000, 0x00000000c5500000| Untracked 
|  25|0x00000000c5500000, 0x00000000c5600000, 0x00000000c5600000|100%| O|  |TAMS 0x00000000c5600000, 0x00000000c5600000| Untracked 
|  26|0x00000000c5600000, 0x00000000c5700000, 0x00000000c5700000|100%| O|  |TAMS 0x00000000c5700000, 0x00000000c5700000| Untracked 
|  27|0x00000000c5700000, 0x00000000c5800000, 0x00000000c5800000|100%| O|  |TAMS 0x00000000c5700000, 0x00000000c5800000| Untracked 
|  28|0x00000000c5800000, 0x00000000c5900000, 0x00000000c5900000|100%| O|  |TAMS 0x00000000c5900000, 0x00000000c5900000| Untracked 
|  29|0x00000000c5900000, 0x00000000c5a00000, 0x00000000c5a00000|100%| O|  |TAMS 0x00000000c5a00000, 0x00000000c5a00000| Untracked 
|  30|0x00000000c5a00000, 0x00000000c5b00000, 0x00000000c5b00000|100%| O|  |TAMS 0x00000000c5b00000, 0x00000000c5b00000| Untracked 
|  31|0x00000000c5b00000, 0x00000000c5c00000, 0x00000000c5c00000|100%| O|  |TAMS 0x00000000c5c00000, 0x00000000c5c00000| Untracked 
|  32|0x00000000c5c00000, 0x00000000c5d00000, 0x00000000c5d00000|100%| O|  |TAMS 0x00000000c5d00000, 0x00000000c5d00000| Untracked 
|  33|0x00000000c5d00000, 0x00000000c5e00000, 0x00000000c5e00000|100%| O|  |TAMS 0x00000000c5e00000, 0x00000000c5e00000| Untracked 
|  34|0x00000000c5e00000, 0x00000000c5f00000, 0x00000000c5f00000|100%| O|  |TAMS 0x00000000c5f00000, 0x00000000c5f00000| Untracked 
|  35|0x00000000c5f00000, 0x00000000c6000000, 0x00000000c6000000|100%| O|  |TAMS 0x00000000c6000000, 0x00000000c6000000| Untracked 
|  36|0x00000000c6000000, 0x00000000c6100000, 0x00000000c6100000|100%| O|  |TAMS 0x00000000c6100000, 0x00000000c6100000| Untracked 
|  37|0x00000000c6100000, 0x00000000c6200000, 0x00000000c6200000|100%| O|  |TAMS 0x00000000c6200000, 0x00000000c6200000| Untracked 
|  38|0x00000000c6200000, 0x00000000c6300000, 0x00000000c6300000|100%| O|  |TAMS 0x00000000c6300000, 0x00000000c6300000| Untracked 
|  39|0x00000000c6300000, 0x00000000c6400000, 0x00000000c6400000|100%| O|  |TAMS 0x00000000c6400000, 0x00000000c6400000| Untracked 
|  40|0x00000000c6400000, 0x00000000c6500000, 0x00000000c6500000|100%| O|  |TAMS 0x00000000c6500000, 0x00000000c6500000| Untracked 
|  41|0x00000000c6500000, 0x00000000c6600000, 0x00000000c6600000|100%| O|  |TAMS 0x00000000c6600000, 0x00000000c6600000| Untracked 
|  42|0x00000000c6600000, 0x00000000c6700000, 0x00000000c6700000|100%| O|  |TAMS 0x00000000c666fe00, 0x00000000c6700000| Untracked 
|  43|0x00000000c6700000, 0x00000000c6800000, 0x00000000c6800000|100%| O|  |TAMS 0x00000000c6700000, 0x00000000c6800000| Untracked 
|  44|0x00000000c6800000, 0x00000000c6900000, 0x00000000c6900000|100%| O|  |TAMS 0x00000000c6800000, 0x00000000c6900000| Untracked 
|  45|0x00000000c6900000, 0x00000000c695f400, 0x00000000c6a00000| 37%| O|  |TAMS 0x00000000c6900000, 0x00000000c695f400| Untracked 
|  46|0x00000000c6a00000, 0x00000000c6a00000, 0x00000000c6b00000|  0%| F|  |TAMS 0x00000000c6a00000, 0x00000000c6a00000| Untracked 
|  47|0x00000000c6b00000, 0x00000000c6b00000, 0x00000000c6c00000|  0%| F|  |TAMS 0x00000000c6b00000, 0x00000000c6b00000| Untracked 
|  48|0x00000000c6c00000, 0x00000000c6c00000, 0x00000000c6d00000|  0%| F|  |TAMS 0x00000000c6c00000, 0x00000000c6c00000| Untracked 
|  49|0x00000000c6d00000, 0x00000000c6d00000, 0x00000000c6e00000|  0%| F|  |TAMS 0x00000000c6d00000, 0x00000000c6d00000| Untracked 
|  50|0x00000000c6e00000, 0x00000000c6e00000, 0x00000000c6f00000|  0%| F|  |TAMS 0x00000000c6e00000, 0x00000000c6e00000| Untracked 
|  51|0x00000000c6f00000, 0x00000000c6f00000, 0x00000000c7000000|  0%| F|  |TAMS 0x00000000c6f00000, 0x00000000c6f00000| Untracked 
|  52|0x00000000c7000000, 0x00000000c7000000, 0x00000000c7100000|  0%| F|  |TAMS 0x00000000c7000000, 0x00000000c7000000| Untracked 
|  53|0x00000000c7100000, 0x00000000c7100000, 0x00000000c7200000|  0%| F|  |TAMS 0x00000000c7100000, 0x00000000c7100000| Untracked 
|  54|0x00000000c7200000, 0x00000000c7200000, 0x00000000c7300000|  0%| F|  |TAMS 0x00000000c7200000, 0x00000000c7200000| Untracked 
|  55|0x00000000c7300000, 0x00000000c7300000, 0x00000000c7400000|  0%| F|  |TAMS 0x00000000c7300000, 0x00000000c7300000| Untracked 
|  56|0x00000000c7400000, 0x00000000c7400000, 0x00000000c7500000|  0%| F|  |TAMS 0x00000000c7400000, 0x00000000c7400000| Untracked 
|  57|0x00000000c7500000, 0x00000000c7500000, 0x00000000c7600000|  0%| F|  |TAMS 0x00000000c7500000, 0x00000000c7500000| Untracked 
|  58|0x00000000c7600000, 0x00000000c7600000, 0x00000000c7700000|  0%| F|  |TAMS 0x00000000c7600000, 0x00000000c7600000| Untracked 
|  59|0x00000000c7700000, 0x00000000c77bc3d8, 0x00000000c7800000| 73%| S|CS|TAMS 0x00000000c7700000, 0x00000000c7700000| Complete 
|  60|0x00000000c7800000, 0x00000000c7800000, 0x00000000c7900000|  0%| F|  |TAMS 0x00000000c7800000, 0x00000000c7800000| Untracked 
|  61|0x00000000c7900000, 0x00000000c7900000, 0x00000000c7a00000|  0%| F|  |TAMS 0x00000000c7900000, 0x00000000c7900000| Untracked 
|  62|0x00000000c7a00000, 0x00000000c7a00000, 0x00000000c7b00000|  0%| F|  |TAMS 0x00000000c7a00000, 0x00000000c7a00000| Untracked 
|  63|0x00000000c7b00000, 0x00000000c7b00000, 0x00000000c7c00000|  0%| F|  |TAMS 0x00000000c7b00000, 0x00000000c7b00000| Untracked 
|  64|0x00000000c7c00000, 0x00000000c7c00000, 0x00000000c7d00000|  0%| F|  |TAMS 0x00000000c7c00000, 0x00000000c7c00000| Untracked 
|  65|0x00000000c7d00000, 0x00000000c7d00000, 0x00000000c7e00000|  0%| F|  |TAMS 0x00000000c7d00000, 0x00000000c7d00000| Untracked 
|  66|0x00000000c7e00000, 0x00000000c7e00000, 0x00000000c7f00000|  0%| F|  |TAMS 0x00000000c7e00000, 0x00000000c7e00000| Untracked 
|  67|0x00000000c7f00000, 0x00000000c7f00000, 0x00000000c8000000|  0%| F|  |TAMS 0x00000000c7f00000, 0x00000000c7f00000| Untracked 
|  68|0x00000000c8000000, 0x00000000c8000000, 0x00000000c8100000|  0%| F|  |TAMS 0x00000000c8000000, 0x00000000c8000000| Untracked 
|  69|0x00000000c8100000, 0x00000000c8100000, 0x00000000c8200000|  0%| F|  |TAMS 0x00000000c8100000, 0x00000000c8100000| Untracked 
|  70|0x00000000c8200000, 0x00000000c8200000, 0x00000000c8300000|  0%| F|  |TAMS 0x00000000c8200000, 0x00000000c8200000| Untracked 
|  71|0x00000000c8300000, 0x00000000c8300000, 0x00000000c8400000|  0%| F|  |TAMS 0x00000000c8300000, 0x00000000c8300000| Untracked 
|  72|0x00000000c8400000, 0x00000000c8400000, 0x00000000c8500000|  0%| F|  |TAMS 0x00000000c8400000, 0x00000000c8400000| Untracked 
|  73|0x00000000c8500000, 0x00000000c8500000, 0x00000000c8600000|  0%| F|  |TAMS 0x00000000c8500000, 0x00000000c8500000| Untracked 
|  74|0x00000000c8600000, 0x00000000c8600000, 0x00000000c8700000|  0%| F|  |TAMS 0x00000000c8600000, 0x00000000c8600000| Untracked 
|  75|0x00000000c8700000, 0x00000000c8700000, 0x00000000c8800000|  0%| F|  |TAMS 0x00000000c8700000, 0x00000000c8700000| Untracked 
|  76|0x00000000c8800000, 0x00000000c8800000, 0x00000000c8900000|  0%| F|  |TAMS 0x00000000c8800000, 0x00000000c8800000| Untracked 
|  77|0x00000000c8900000, 0x00000000c8900000, 0x00000000c8a00000|  0%| F|  |TAMS 0x00000000c8900000, 0x00000000c8900000| Untracked 
|  78|0x00000000c8a00000, 0x00000000c8a00000, 0x00000000c8b00000|  0%| F|  |TAMS 0x00000000c8a00000, 0x00000000c8a00000| Untracked 
|  79|0x00000000c8b00000, 0x00000000c8b00000, 0x00000000c8c00000|  0%| F|  |TAMS 0x00000000c8b00000, 0x00000000c8b00000| Untracked 
|  80|0x00000000c8c00000, 0x00000000c8c00000, 0x00000000c8d00000|  0%| F|  |TAMS 0x00000000c8c00000, 0x00000000c8c00000| Untracked 
|  81|0x00000000c8d00000, 0x00000000c8d00000, 0x00000000c8e00000|  0%| F|  |TAMS 0x00000000c8d00000, 0x00000000c8d00000| Untracked 
|  82|0x00000000c8e00000, 0x00000000c8e00000, 0x00000000c8f00000|  0%| F|  |TAMS 0x00000000c8e00000, 0x00000000c8e00000| Untracked 

Card table byte_map: [0x0000029ad51c0000,0x0000029ad53b0000] _byte_map_base: 0x0000029ad4ba2000

Marking Bits (Prev, Next): (CMBitMap*) 0x0000029aca952890, (CMBitMap*) 0x0000029aca9528d0
 Prev Bits: [0x0000029ad55a0000, 0x0000029ad64b0000)
 Next Bits: [0x0000029ad64b0000, 0x0000029ad73c0000)

Polling page: 0x0000029aca0d0000

Metaspace:

Usage:
  Non-class:     58.37 MB used.
      Class:      9.68 MB used.
       Both:     68.05 MB used.

Virtual space:
  Non-class space:       64.00 MB reserved,      58.56 MB ( 92%) committed,  1 nodes.
      Class space:        1.00 GB reserved,       9.88 MB ( <1%) committed,  1 nodes.
             Both:        1.06 GB reserved,      68.44 MB (  6%) committed. 

Chunk freelists:
   Non-Class:  5.38 MB
       Class:  5.95 MB
        Both:  11.33 MB

MaxMetaspaceSize: unlimited
CompressedClassSpaceSize: 1.00 GB
Initial GC threshold: 21.00 MB
Current GC threshold: 108.25 MB
CDS: on
MetaspaceReclaimPolicy: balanced
 - commit_granule_bytes: 65536.
 - commit_granule_words: 8192.
 - virtual_space_node_default_size: 8388608.
 - enlarge_chunks_in_place: 1.
 - new_chunks_are_fully_committed: 0.
 - uncommit_free_chunks: 1.
 - use_allocation_guard: 0.
 - handle_deallocations: 1.


Internal statistics:

num_allocs_failed_limit: 16.
num_arena_births: 642.
num_arena_deaths: 2.
num_vsnodes_births: 2.
num_vsnodes_deaths: 0.
num_space_committed: 1095.
num_space_uncommitted: 0.
num_chunks_returned_to_freelist: 19.
num_chunks_taken_from_freelist: 3195.
num_chunk_merges: 16.
num_chunk_splits: 2233.
num_chunks_enlarged: 1729.
num_inconsistent_stats: 0.

CodeCache: size=49152Kb used=12703Kb max_used=12703Kb free=36448Kb
 bounds [0x0000029ad21c0000, 0x0000029ad2e30000, 0x0000029ad51c0000]
 total_blobs=7570 nmethods=6884 adapters=610
 compilation: enabled
              stopped_count=0, restarted_count=0
 full_count=0

Compilation events (20 events):
Event: 30.782 Thread 0x0000029ad985bb50 6875       1       org.springframework.boot.autoconfigure.condition.ConditionEvaluationReport$$Lambda$1844/0x0000029a81a0a180::<init> (15 bytes)
Event: 30.782 Thread 0x0000029ad985bb50 nmethod 6875 0x0000029ad2e24890 code [0x0000029ad2e24a20, 0x0000029ad2e24b78]
Event: 30.784 Thread 0x0000029ad985bb50 6876       1       org.springframework.core.annotation.AnnotationAwareOrderComparator::sort (20 bytes)
Event: 30.784 Thread 0x0000029ad985bb50 nmethod 6876 0x0000029ad2e24c10 code [0x0000029ad2e24dc0, 0x0000029ad2e24ed8]
Event: 30.794 Thread 0x0000029ad985bb50 6877       1       java.util.Hashtable::entrySet (28 bytes)
Event: 30.794 Thread 0x0000029ad985bb50 nmethod 6877 0x0000029ad2e24f90 code [0x0000029ad2e25140, 0x0000029ad2e25458]
Event: 30.794 Thread 0x0000029ad985bb50 6879       1       java.util.ComparableTimSort::reverseRange (32 bytes)
Event: 30.794 Thread 0x0000029ad985bb50 nmethod 6879 0x0000029ad2e25510 code [0x0000029ad2e256c0, 0x0000029ad2e25978]
Event: 30.794 Thread 0x0000029ad985bb50 6878       1       java.util.Hashtable$EntrySet::iterator (9 bytes)
Event: 30.794 Thread 0x0000029ad985bb50 nmethod 6878 0x0000029ad2e25b10 code [0x0000029ad2e25ca0, 0x0000029ad2e25e28]
Event: 30.795 Thread 0x0000029ad985bb50 6880  s    1       java.util.Hashtable::putAll (52 bytes)
Event: 30.796 Thread 0x0000029ad985bb50 nmethod 6880 0x0000029ad2e25f10 code [0x0000029ad2e26100, 0x0000029ad2e26408]
Event: 30.796 Thread 0x0000029ad985bb50 6881  s    1       java.util.Hashtable::isEmpty (13 bytes)
Event: 30.796 Thread 0x0000029ad985bb50 nmethod 6881 0x0000029ad2e26590 code [0x0000029ad2e26720, 0x0000029ad2e26898]
Event: 30.796 Thread 0x0000029ad985bb50 6882       1       java.lang.Module::isExported (15 bytes)
Event: 30.796 Thread 0x0000029ad985bb50 nmethod 6882 0x0000029ad2e26910 code [0x0000029ad2e26ac0, 0x0000029ad2e26c58]
Event: 30.797 Thread 0x0000029ad985bb50 6883       1       org.springframework.util.StringUtils::changeFirstCharacterCase (60 bytes)
Event: 30.797 Thread 0x0000029ad985bb50 nmethod 6883 0x0000029ad2e26d10 code [0x0000029ad2e26f40, 0x0000029ad2e27588]
Event: 30.798 Thread 0x0000029ad985bb50 6884       1       org.springframework.beans.CachedIntrospectionResults::isInvalidReadOnlyPropertyType (46 bytes)
Event: 30.798 Thread 0x0000029ad985bb50 nmethod 6884 0x0000029ad2e27a10 code [0x0000029ad2e27be0, 0x0000029ad2e27db8]

GC Heap History (20 events):
Event: 27.063 GC heap after
{Heap after GC invocations=24 (full 0):
 garbage-first heap   total 66560K, used 35279K [0x00000000c3c00000, 0x0000000100000000)
  region size 1024K, 3 young (3072K), 3 survivors (3072K)
 Metaspace       used 57855K, committed 58240K, reserved 1114112K
  class space    used 8164K, committed 8320K, reserved 1048576K
}
Event: 27.345 GC heap before
{Heap before GC invocations=24 (full 0):
 garbage-first heap   total 66560K, used 52687K [0x00000000c3c00000, 0x0000000100000000)
  region size 1024K, 20 young (20480K), 3 survivors (3072K)
 Metaspace       used 59297K, committed 59712K, reserved 1114112K
  class space    used 8389K, committed 8576K, reserved 1048576K
}
Event: 27.350 GC heap after
{Heap after GC invocations=25 (full 0):
 garbage-first heap   total 66560K, used 36939K [0x00000000c3c00000, 0x0000000100000000)
  region size 1024K, 3 young (3072K), 3 survivors (3072K)
 Metaspace       used 59297K, committed 59712K, reserved 1114112K
  class space    used 8389K, committed 8576K, reserved 1048576K
}
Event: 27.670 GC heap before
{Heap before GC invocations=26 (full 0):
 garbage-first heap   total 70656K, used 52299K [0x00000000c3c00000, 0x0000000100000000)
  region size 1024K, 19 young (19456K), 3 survivors (3072K)
 Metaspace       used 61017K, committed 61440K, reserved 1114112K
  class space    used 8624K, committed 8832K, reserved 1048576K
}
Event: 27.677 GC heap after
{Heap after GC invocations=27 (full 0):
 garbage-first heap   total 70656K, used 38634K [0x00000000c3c00000, 0x0000000100000000)
  region size 1024K, 2 young (2048K), 2 survivors (2048K)
 Metaspace       used 61017K, committed 61440K, reserved 1114112K
  class space    used 8624K, committed 8832K, reserved 1048576K
}
Event: 27.688 GC heap before
{Heap before GC invocations=27 (full 0):
 garbage-first heap   total 70656K, used 39658K [0x00000000c3c00000, 0x0000000100000000)
  region size 1024K, 3 young (3072K), 2 survivors (2048K)
 Metaspace       used 61108K, committed 61568K, reserved 1114112K
  class space    used 8637K, committed 8832K, reserved 1048576K
}
Event: 27.692 GC heap after
{Heap after GC invocations=28 (full 0):
 garbage-first heap   total 84992K, used 38756K [0x00000000c3c00000, 0x0000000100000000)
  region size 1024K, 1 young (1024K), 1 survivors (1024K)
 Metaspace       used 61108K, committed 61568K, reserved 1114112K
  class space    used 8637K, committed 8832K, reserved 1048576K
}
Event: 28.354 GC heap before
{Heap before GC invocations=28 (full 0):
 garbage-first heap   total 84992K, used 68452K [0x00000000c3c00000, 0x0000000100000000)
  region size 1024K, 30 young (30720K), 1 survivors (1024K)
 Metaspace       used 62717K, committed 63168K, reserved 1114112K
  class space    used 8878K, committed 9088K, reserved 1048576K
}
Event: 28.358 GC heap after
{Heap after GC invocations=29 (full 0):
 garbage-first heap   total 84992K, used 40843K [0x00000000c3c00000, 0x0000000100000000)
  region size 1024K, 3 young (3072K), 3 survivors (3072K)
 Metaspace       used 62717K, committed 63168K, reserved 1114112K
  class space    used 8878K, committed 9088K, reserved 1048576K
}
Event: 29.105 GC heap before
{Heap before GC invocations=30 (full 0):
 garbage-first heap   total 84992K, used 67467K [0x00000000c3c00000, 0x0000000100000000)
  region size 1024K, 29 young (29696K), 3 survivors (3072K)
 Metaspace       used 64301K, committed 64768K, reserved 1114112K
  class space    used 9146K, committed 9344K, reserved 1048576K
}
Event: 29.111 GC heap after
{Heap after GC invocations=31 (full 0):
 garbage-first heap   total 84992K, used 42977K [0x00000000c3c00000, 0x0000000100000000)
  region size 1024K, 3 young (3072K), 3 survivors (3072K)
 Metaspace       used 64301K, committed 64768K, reserved 1114112K
  class space    used 9146K, committed 9344K, reserved 1048576K
}
Event: 29.124 GC heap before
{Heap before GC invocations=31 (full 0):
 garbage-first heap   total 84992K, used 44001K [0x00000000c3c00000, 0x0000000100000000)
  region size 1024K, 4 young (4096K), 3 survivors (3072K)
 Metaspace       used 64346K, committed 64768K, reserved 1114112K
  class space    used 9152K, committed 9344K, reserved 1048576K
}
Event: 29.129 GC heap after
{Heap after GC invocations=32 (full 0):
 garbage-first heap   total 84992K, used 42832K [0x00000000c3c00000, 0x0000000100000000)
  region size 1024K, 1 young (1024K), 1 survivors (1024K)
 Metaspace       used 64346K, committed 64768K, reserved 1114112K
  class space    used 9152K, committed 9344K, reserved 1048576K
}
Event: 29.471 GC heap before
{Heap before GC invocations=32 (full 0):
 garbage-first heap   total 84992K, used 68432K [0x00000000c3c00000, 0x0000000100000000)
  region size 1024K, 26 young (26624K), 1 survivors (1024K)
 Metaspace       used 65410K, committed 65984K, reserved 1114112K
  class space    used 9319K, committed 9600K, reserved 1048576K
}
Event: 29.475 GC heap after
{Heap after GC invocations=33 (full 0):
 garbage-first heap   total 84992K, used 44889K [0x00000000c3c00000, 0x0000000100000000)
  region size 1024K, 3 young (3072K), 3 survivors (3072K)
 Metaspace       used 65410K, committed 65984K, reserved 1114112K
  class space    used 9319K, committed 9600K, reserved 1048576K
}
Event: 30.025 GC heap before
{Heap before GC invocations=34 (full 0):
 garbage-first heap   total 84992K, used 68441K [0x00000000c3c00000, 0x0000000100000000)
  region size 1024K, 26 young (26624K), 3 survivors (3072K)
 Metaspace       used 67824K, committed 68288K, reserved 1114112K
  class space    used 9664K, committed 9920K, reserved 1048576K
}
Event: 30.033 GC heap after
{Heap after GC invocations=35 (full 0):
 garbage-first heap   total 84992K, used 45906K [0x00000000c3c00000, 0x0000000100000000)
  region size 1024K, 3 young (3072K), 3 survivors (3072K)
 Metaspace       used 67824K, committed 68288K, reserved 1114112K
  class space    used 9664K, committed 9920K, reserved 1048576K
}
Event: 30.040 GC heap before
{Heap before GC invocations=35 (full 0):
 garbage-first heap   total 84992K, used 46930K [0x00000000c3c00000, 0x0000000100000000)
  region size 1024K, 4 young (4096K), 3 survivors (3072K)
 Metaspace       used 67828K, committed 68288K, reserved 1114112K
  class space    used 9665K, committed 9920K, reserved 1048576K
}
Event: 30.050 GC heap after
{Heap after GC invocations=36 (full 0):
 garbage-first heap   total 84992K, used 45725K [0x00000000c3c00000, 0x0000000100000000)
  region size 1024K, 1 young (1024K), 1 survivors (1024K)
 Metaspace       used 67828K, committed 68288K, reserved 1114112K
  class space    used 9665K, committed 9920K, reserved 1048576K
}
Event: 30.803 GC heap before
{Heap before GC invocations=36 (full 0):
 garbage-first heap   total 84992K, used 68253K [0x00000000c3c00000, 0x0000000100000000)
  region size 1024K, 23 young (23552K), 1 survivors (1024K)
 Metaspace       used 69683K, committed 70080K, reserved 1114112K
  class space    used 9913K, committed 10112K, reserved 1048576K
}

Deoptimization events (8 events):
Event: 6.713 Thread 0x0000029aca915e40 DEOPT PACKING pc=0x0000029ad256171c sp=0x000000e87acfddd0
Event: 6.713 Thread 0x0000029aca915e40 DEOPT UNPACKING pc=0x0000029ad22166e3 sp=0x000000e87acfd298 mode 0
Event: 22.379 Thread 0x0000029aca915e40 DEOPT PACKING pc=0x0000029ad2610224 sp=0x000000e87acfd750
Event: 22.379 Thread 0x0000029aca915e40 DEOPT UNPACKING pc=0x0000029ad22166e3 sp=0x000000e87acfcca8 mode 0
Event: 24.452 Thread 0x0000029aca915e40 DEOPT PACKING pc=0x0000029ad25cfe22 sp=0x000000e87acfbfb0
Event: 24.452 Thread 0x0000029aca915e40 DEOPT UNPACKING pc=0x0000029ad22166e3 sp=0x000000e87acfb4b8 mode 3
Event: 25.589 Thread 0x0000029adeddda90 DEOPT PACKING pc=0x0000029ad24d6097 sp=0x000000e87ccff0f0
Event: 25.589 Thread 0x0000029adeddda90 DEOPT UNPACKING pc=0x0000029ad22166e3 sp=0x000000e87ccfe548 mode 3

Classes unloaded (1 events):
Event: 26.919 Thread 0x0000029aca9c9100 Unloading class 0x0000029a81007c00 'jdk/internal/reflect/GeneratedConstructorAccessor1'

Classes redefined (0 events):
No events

Internal exceptions (20 events):
Event: 30.799 Thread 0x0000029aca915e40 Exception <a 'java/lang/ClassNotFoundException'{0x00000000c7862b38}: org/springframework/messaging/MessageChannelCustomizer> (0x00000000c7862b38) 
thrown [s\open\src\hotspot\share\classfile\systemDictionary.cpp, line 256]
Event: 30.799 Thread 0x0000029aca915e40 Exception <a 'java/lang/ClassNotFoundException'{0x00000000c786a998}: org/springframework/integration/support/management/SubscribableChannelManagementCustomizer> (0x00000000c786a998) 
thrown [s\open\src\hotspot\share\classfile\systemDictionary.cpp, line 256]
Event: 30.799 Thread 0x0000029aca915e40 Exception <a 'java/lang/ClassNotFoundException'{0x00000000c78715c0}: org/springframework/messaging/MessageChannelCustomizer> (0x00000000c78715c0) 
thrown [s\open\src\hotspot\share\classfile\systemDictionary.cpp, line 256]
Event: 30.799 Thread 0x0000029aca915e40 Exception <a 'java/lang/ClassNotFoundException'{0x00000000c78791c0}: org/springframework/integration/support/management/TrackableComponentCustomizer> (0x00000000c78791c0) 
thrown [s\open\src\hotspot\share\classfile\systemDictionary.cpp, line 256]
Event: 30.799 Thread 0x0000029aca915e40 Exception <a 'java/lang/ClassNotFoundException'{0x00000000c7880630}: org/springframework/integration/support/context/NamedComponentCustomizer> (0x00000000c7880630) 
thrown [s\open\src\hotspot\share\classfile\systemDictionary.cpp, line 256]
Event: 30.800 Thread 0x0000029aca915e40 Exception <a 'java/lang/ClassNotFoundException'{0x00000000c7888de8}: org/springframework/messaging/support/InterceptableChannelCustomizer> (0x00000000c7888de8) 
thrown [s\open\src\hotspot\share\classfile\systemDictionary.cpp, line 256]
Event: 30.800 Thread 0x0000029aca915e40 Exception <a 'java/lang/ClassNotFoundException'{0x00000000c78934f8}: org/springframework/integration/support/management/IntegrationManagementCustomizer> (0x00000000c78934f8) 
thrown [s\open\src\hotspot\share\classfile\systemDictionary.cpp, line 256]
Event: 30.800 Thread 0x0000029aca915e40 Exception <a 'java/lang/ClassNotFoundException'{0x00000000c78a3e60}: org/springframework/integration/support/context/NamedComponentCustomizer> (0x00000000c78a3e60) 
thrown [s\open\src\hotspot\share\classfile\systemDictionary.cpp, line 256]
Event: 30.800 Thread 0x0000029aca915e40 Exception <a 'java/lang/ClassNotFoundException'{0x00000000c78ac0f0}: org/springframework/beans/factory/DisposableBeanCustomizer> (0x00000000c78ac0f0) 
thrown [s\open\src\hotspot\share\classfile\systemDictionary.cpp, line 256]
Event: 30.800 Thread 0x0000029aca915e40 Exception <a 'java/lang/ClassNotFoundException'{0x00000000c78b2730}: org/springframework/integration/IntegrationPatternCustomizer> (0x00000000c78b2730) 
thrown [s\open\src\hotspot\share\classfile\systemDictionary.cpp, line 256]
Event: 30.801 Thread 0x0000029aca915e40 Exception <a 'java/lang/ClassNotFoundException'{0x00000000c78b94c8}: org/springframework/beans/factory/BeanNameAwareCustomizer> (0x00000000c78b94c8) 
thrown [s\open\src\hotspot\share\classfile\systemDictionary.cpp, line 256]
Event: 30.801 Thread 0x0000029aca915e40 Exception <a 'java/lang/ClassNotFoundException'{0x00000000c78bfd60}: org/springframework/beans/factory/AwareCustomizer> (0x00000000c78bfd60) 
thrown [s\open\src\hotspot\share\classfile\systemDictionary.cpp, line 256]
Event: 30.801 Thread 0x0000029aca915e40 Exception <a 'java/lang/ClassNotFoundException'{0x00000000c78c6238}: org/springframework/integration/support/context/NamedComponentCustomizer> (0x00000000c78c6238) 
thrown [s\open\src\hotspot\share\classfile\systemDictionary.cpp, line 256]
Event: 30.801 Thread 0x0000029aca915e40 Exception <a 'java/lang/ClassNotFoundException'{0x00000000c78ce4b8}: org/springframework/context/ApplicationContextAwareCustomizer> (0x00000000c78ce4b8) 
thrown [s\open\src\hotspot\share\classfile\systemDictionary.cpp, line 256]
Event: 30.801 Thread 0x0000029aca915e40 Exception <a 'java/lang/ClassNotFoundException'{0x00000000c78d5478}: org/springframework/beans/factory/AwareCustomizer> (0x00000000c78d5478) 
thrown [s\open\src\hotspot\share\classfile\systemDictionary.cpp, line 256]
Event: 30.802 Thread 0x0000029aca915e40 Exception <a 'java/lang/ClassNotFoundException'{0x00000000c78db2a0}: org/springframework/beans/factory/BeanFactoryAwareCustomizer> (0x00000000c78db2a0) 
thrown [s\open\src\hotspot\share\classfile\systemDictionary.cpp, line 256]
Event: 30.802 Thread 0x0000029aca915e40 Exception <a 'java/lang/ClassNotFoundException'{0x00000000c78e2260}: org/springframework/beans/factory/AwareCustomizer> (0x00000000c78e2260) 
thrown [s\open\src\hotspot\share\classfile\systemDictionary.cpp, line 256]
Event: 30.802 Thread 0x0000029aca915e40 Exception <a 'java/lang/ClassNotFoundException'{0x00000000c78e8050}: org/springframework/beans/factory/InitializingBeanCustomizer> (0x00000000c78e8050) 
thrown [s\open\src\hotspot\share\classfile\systemDictionary.cpp, line 256]
Event: 30.802 Thread 0x0000029aca915e40 Exception <a 'java/lang/ClassNotFoundException'{0x00000000c78eea08}: org/springframework/integration/context/ExpressionCapableCustomizer> (0x00000000c78eea08) 
thrown [s\open\src\hotspot\share\classfile\systemDictionary.cpp, line 256]
Event: 30.802 Thread 0x0000029aca915e40 Exception <a 'java/lang/ClassNotFoundException'{0x00000000c78f9968}: java/lang/ObjectCustomizer> (0x00000000c78f9968) 
thrown [s\open\src\hotspot\share\classfile\systemDictionary.cpp, line 256]

VM Operations (20 events):
Event: 29.582 Executing VM operation: G1Concurrent done
Event: 29.625 Executing VM operation: G1Concurrent
Event: 29.625 Executing VM operation: G1Concurrent done
Event: 29.690 Executing VM operation: HandshakeAllThreads
Event: 29.690 Executing VM operation: HandshakeAllThreads done
Event: 29.899 Executing VM operation: HandshakeAllThreads
Event: 29.899 Executing VM operation: HandshakeAllThreads done
Event: 30.024 Executing VM operation: G1CollectForAllocation
Event: 30.033 Executing VM operation: G1CollectForAllocation done
Event: 30.039 Executing VM operation: G1CollectForAllocation
Event: 30.050 Executing VM operation: G1CollectForAllocation done
Event: 30.116 Executing VM operation: HandshakeAllThreads
Event: 30.116 Executing VM operation: HandshakeAllThreads done
Event: 30.345 Executing VM operation: HandshakeAllThreads
Event: 30.345 Executing VM operation: HandshakeAllThreads done
Event: 30.351 Executing VM operation: HandshakeAllThreads
Event: 30.351 Executing VM operation: HandshakeAllThreads done
Event: 30.449 Executing VM operation: HandshakeAllThreads
Event: 30.449 Executing VM operation: HandshakeAllThreads done
Event: 30.803 Executing VM operation: G1CollectForAllocation

Events (20 events):
Event: 30.512 Thread 0x0000029ade69b8e0 Thread added: 0x0000029ade69b8e0
Event: 30.512 loading class java/nio/channels/spi/AbstractSelector$1
Event: 30.512 loading class java/nio/channels/spi/AbstractSelector$1 done
Event: 30.513 Thread 0x0000029ade69c300 Thread added: 0x0000029ade69c300
Event: 30.515 loading class java/util/TreeMap$ValueSpliterator
Event: 30.515 loading class java/util/TreeMap$ValueSpliterator done
Event: 30.606 Thread 0x0000029ade69c810 Thread added: 0x0000029ade69c810
Event: 30.634 Thread 0x0000029ade69c810 Thread exited: 0x0000029ade69c810
Event: 30.793 loading class java/lang/ObjectCustomizer
Event: 30.793 loading class java/lang/ObjectCustomizer done
Event: 30.793 loading class java/lang/ObjectCustomizer
Event: 30.793 loading class java/lang/ObjectCustomizer done
Event: 30.794 loading class java/lang/ObjectCustomizer
Event: 30.794 loading class java/lang/ObjectCustomizer done
Event: 30.794 loading class java/lang/ObjectCustomizer
Event: 30.794 loading class java/lang/ObjectCustomizer done
Event: 30.802 loading class java/lang/ObjectCustomizer
Event: 30.802 loading class java/lang/ObjectCustomizer done
Event: 30.802 loading class java/lang/ObjectCustomizer
Event: 30.802 loading class java/lang/ObjectCustomizer done


Dynamic libraries:
0x00007ff64e470000 - 0x00007ff64e480000 	C:\Program Files\Java\jdk-17\bin\java.exe
0x00007ff8a9430000 - 0x00007ff8a9628000 	C:\Windows\SYSTEM32\ntdll.dll
0x00007ff86b270000 - 0x00007ff86b290000 	C:\Program Files\Avast Software\Avast\aswhook.dll
0x00007ff8a9330000 - 0x00007ff8a93ed000 	C:\Windows\System32\KERNEL32.DLL
0x00007ff8a7010000 - 0x00007ff8a7306000 	C:\Windows\System32\KERNELBASE.dll
0x00007ff8a6af0000 - 0x00007ff8a6bf0000 	C:\Windows\System32\ucrtbase.dll
0x00007ff89f830000 - 0x00007ff89f849000 	C:\Program Files\Java\jdk-17\bin\jli.dll
0x00007ff8a74d0000 - 0x00007ff8a7583000 	C:\Windows\System32\ADVAPI32.dll
0x00007ff8a7590000 - 0x00007ff8a762e000 	C:\Windows\System32\msvcrt.dll
0x00007ff8a8c00000 - 0x00007ff8a8c9f000 	C:\Windows\System32\sechost.dll
0x00007ff8a7e90000 - 0x00007ff8a7fb6000 	C:\Windows\System32\RPCRT4.dll
0x00007ff8a7340000 - 0x00007ff8a7367000 	C:\Windows\System32\bcrypt.dll
0x00007ff8a8ca0000 - 0x00007ff8a8e3e000 	C:\Windows\System32\USER32.dll
0x00007ff893d50000 - 0x00007ff893d6b000 	C:\Program Files\Java\jdk-17\bin\VCRUNTIME140.dll
0x00007ff87b8c0000 - 0x00007ff87bb5a000 	C:\Windows\WinSxS\amd64_microsoft.windows.common-controls_6595b64144ccf1df_6.0.19041.3636_none_60b6a03d71f818d5\COMCTL32.dll
0x00007ff8a7fc0000 - 0x00007ff8a7feb000 	C:\Windows\System32\GDI32.dll
0x00007ff8a7310000 - 0x00007ff8a7332000 	C:\Windows\System32\win32u.dll
0x00007ff8a6bf0000 - 0x00007ff8a6d07000 	C:\Windows\System32\gdi32full.dll
0x00007ff8a6f20000 - 0x00007ff8a6fbd000 	C:\Windows\System32\msvcp_win.dll
0x00007ff89bf40000 - 0x00007ff89bf4a000 	C:\Windows\SYSTEM32\VERSION.dll
0x00007ff8a8070000 - 0x00007ff8a80a2000 	C:\Windows\System32\IMM32.DLL
0x00007ff88dbb0000 - 0x00007ff88dbbc000 	C:\Program Files\Java\jdk-17\bin\vcruntime140_1.dll
0x00007ff880af0000 - 0x00007ff880b7e000 	C:\Program Files\Java\jdk-17\bin\msvcp140.dll
0x00007fffff410000 - 0x00007fffffff0000 	C:\Program Files\Java\jdk-17\bin\server\jvm.dll
0x00007ff8a91f0000 - 0x00007ff8a91f8000 	C:\Windows\System32\PSAPI.DLL
0x00007ff8896f0000 - 0x00007ff8896f9000 	C:\Windows\SYSTEM32\WSOCK32.dll
0x00007ff87bb60000 - 0x00007ff87bb87000 	C:\Windows\SYSTEM32\WINMM.dll
0x00007ff8a8b90000 - 0x00007ff8a8bfb000 	C:\Windows\System32\WS2_32.dll
0x00007ff8a4b40000 - 0x00007ff8a4b52000 	C:\Windows\SYSTEM32\kernel.appcore.dll
0x00007ff889b30000 - 0x00007ff889b3a000 	C:\Program Files\Java\jdk-17\bin\jimage.dll
0x00007ff8a4850000 - 0x00007ff8a4a34000 	C:\Windows\SYSTEM32\DBGHELP.DLL
0x00007ff88d660000 - 0x00007ff88d694000 	C:\Windows\SYSTEM32\dbgcore.DLL
0x00007ff8a73e0000 - 0x00007ff8a7462000 	C:\Windows\System32\bcryptPrimitives.dll
0x00007ff880ab0000 - 0x00007ff880abe000 	C:\Program Files\Java\jdk-17\bin\instrument.dll
0x00007ff889b00000 - 0x00007ff889b25000 	C:\Program Files\Java\jdk-17\bin\java.dll
0x00007ff87d480000 - 0x00007ff87d557000 	C:\Program Files\Java\jdk-17\bin\jsvml.dll
0x00007ff8a80b0000 - 0x00007ff8a87f5000 	C:\Windows\System32\SHELL32.dll
0x00007ff8a4b60000 - 0x00007ff8a52fc000 	C:\Windows\SYSTEM32\windows.storage.dll
0x00007ff8a8830000 - 0x00007ff8a8b84000 	C:\Windows\System32\combase.dll
0x00007ff8a63d0000 - 0x00007ff8a63fe000 	C:\Windows\SYSTEM32\Wldp.dll
0x00007ff8a7630000 - 0x00007ff8a76fd000 	C:\Windows\System32\OLEAUT32.dll
0x00007ff8a7cc0000 - 0x00007ff8a7d6d000 	C:\Windows\System32\SHCORE.dll
0x00007ff8a7700000 - 0x00007ff8a7755000 	C:\Windows\System32\shlwapi.dll
0x00007ff8a6a20000 - 0x00007ff8a6a45000 	C:\Windows\SYSTEM32\profapi.dll
0x00007ff880d00000 - 0x00007ff880d18000 	C:\Program Files\Java\jdk-17\bin\zip.dll
0x00007ff889930000 - 0x00007ff889949000 	C:\Program Files\Java\jdk-17\bin\net.dll
0x00007ff8a0d60000 - 0x00007ff8a0e6a000 	C:\Windows\SYSTEM32\WINHTTP.dll
0x00007ff8a61b0000 - 0x00007ff8a621a000 	C:\Windows\system32\mswsock.dll
0x00007ff883280000 - 0x00007ff883296000 	C:\Program Files\Java\jdk-17\bin\nio.dll
0x00007ff87f820000 - 0x00007ff87f83a000 	C:\Program Files\JetBrains\IntelliJ IDEA 2021.2.3\bin\breakgen64.dll
0x00007ff8a5f00000 - 0x00007ff8a5fcb000 	C:\Windows\SYSTEM32\DNSAPI.dll
0x00007ff8a5ec0000 - 0x00007ff8a5efb000 	C:\Windows\SYSTEM32\IPHLPAPI.DLL
0x00007ff8a8800000 - 0x00007ff8a8808000 	C:\Windows\System32\NSI.dll
0x00007ff8938c0000 - 0x00007ff8938ca000 	C:\Windows\System32\rasadhlp.dll
0x00007ff8935f0000 - 0x00007ff893670000 	C:\Windows\System32\fwpuclnt.dll
0x00007ff884420000 - 0x00007ff88442a000 	C:\Program Files\Java\jdk-17\bin\management.dll
0x00007ff880cf0000 - 0x00007ff880cfb000 	C:\Program Files\Java\jdk-17\bin\management_ext.dll
0x00007ff8a6480000 - 0x00007ff8a6498000 	C:\Windows\SYSTEM32\CRYPTSP.dll
0x00007ff8a5aa0000 - 0x00007ff8a5ad4000 	C:\Windows\system32\rsaenh.dll
0x00007ff8a69a0000 - 0x00007ff8a69ce000 	C:\Windows\SYSTEM32\USERENV.dll
0x00007ff8a6340000 - 0x00007ff8a634c000 	C:\Windows\SYSTEM32\CRYPTBASE.dll
0x00007ff8938d0000 - 0x00007ff8938e7000 	C:\Windows\SYSTEM32\dhcpcsvc6.DLL
0x00007ff8943a0000 - 0x00007ff8943bd000 	C:\Windows\SYSTEM32\dhcpcsvc.DLL
0x00007ff87ce50000 - 0x00007ff87ce67000 	C:\Windows\system32\napinsp.dll
0x00007ff87ce30000 - 0x00007ff87ce4b000 	C:\Windows\system32\pnrpnsp.dll
0x00007ff89d570000 - 0x00007ff89d585000 	C:\Windows\system32\wshbth.dll
0x00007ff8a1ee0000 - 0x00007ff8a1efd000 	C:\Windows\system32\NLAapi.dll
0x00007ff87ce10000 - 0x00007ff87ce22000 	C:\Windows\System32\winrnr.dll
0x00007ff880ae0000 - 0x00007ff880aee000 	C:\Program Files\Java\jdk-17\bin\sunmscapi.dll
0x00007ff8a6d10000 - 0x00007ff8a6e6d000 	C:\Windows\System32\CRYPT32.dll
0x00007ff8a6590000 - 0x00007ff8a65b8000 	C:\Windows\SYSTEM32\ncrypt.dll
0x00007ff8a6550000 - 0x00007ff8a658b000 	C:\Windows\SYSTEM32\NTASN1.dll
0x00007ff8a1aa0000 - 0x00007ff8a1aa7000 	C:\Windows\system32\wshunix.dll

dbghelp: loaded successfully - version: 4.0.5 - missing functions: none
symbol engine: initialized successfully - sym options: 0x614 - pdb path: .;C:\Program Files\Java\jdk-17\bin;C:\Windows\SYSTEM32;C:\Program Files\Avast Software\Avast;C:\Windows\WinSxS\amd64_microsoft.windows.common-controls_6595b64144ccf1df_6.0.19041.3636_none_60b6a03d71f818d5;C:\Program Files\Java\jdk-17\bin\server;C:\Program Files\JetBrains\IntelliJ IDEA 2021.2.3\bin

VM Arguments:
jvm_args: -XX:TieredStopAtLevel=1 -Xverify:none -Dspring.output.ansi.enabled=always -javaagent:C:\Program Files\JetBrains\IntelliJ IDEA 2021.2.3\lib\idea_rt.jar=7622:C:\Program Files\JetBrains\IntelliJ IDEA 2021.2.3\bin -Dcom.sun.management.jmxremote -Dspring.jmx.enabled=true -Dspring.liveBeansView.mbeanDomain -Dspring.application.admin.enabled=true -Dfile.encoding=UTF-8 
java_command: com.employeeConnect.Employee_Service.EmployeeServiceApplication
java_class_path (initial): E:\Employee-Connect\Employee-Service\target\classes;C:\Users\MANOJ\.m2\repository\org\springframework\boot\spring-boot-starter-data-jpa\2.7.14\spring-boot-starter-data-jpa-2.7.14.jar;C:\Users\MANOJ\.m2\repository\org\springframework\boot\spring-boot-starter-aop\2.7.14\spring-boot-starter-aop-2.7.14.jar;C:\Users\MANOJ\.m2\repository\org\springframework\spring-aop\5.3.29\spring-aop-5.3.29.jar;C:\Users\MANOJ\.m2\repository\org\aspectj\aspectjweaver\1.9.7\aspectjweaver-1.9.7.jar;C:\Users\MANOJ\.m2\repository\org\springframework\boot\spring-boot-starter-jdbc\2.7.14\spring-boot-starter-jdbc-2.7.14.jar;C:\Users\MANOJ\.m2\repository\com\zaxxer\HikariCP\4.0.3\HikariCP-4.0.3.jar;C:\Users\MANOJ\.m2\repository\org\springframework\spring-jdbc\5.3.29\spring-jdbc-5.3.29.jar;C:\Users\MANOJ\.m2\repository\jakarta\transaction\jakarta.transaction-api\1.3.3\jakarta.transaction-api-1.3.3.jar;C:\Users\MANOJ\.m2\repository\jakarta\persistence\jakarta.persistence-api\2.2.3\jakarta.persistence-api-2.2.3.jar;C:\Users\MANOJ\.m2\repository\org\hibernate\hibernate-core\5.6.15.Final\hibernate-core-5.6.15.Final.jar;C:\Users\MANOJ\.m2\repository\org\jboss\logging\jboss-logging\3.4.3.Final\jboss-logging-3.4.3.Final.jar;C:\Users\MANOJ\.m2\repository\net\bytebuddy\byte-buddy\1.12.23\byte-buddy-1.12.23.jar;C:\Users\MANOJ\.m2\repository\antlr\antlr\2.7.7\antlr-2.7.7.jar;C:\Users\MANOJ\.m2\repository\org\jboss\jandex\2.4.2.Final\jandex-2.4.2.Final.jar;C:\Users\MANOJ\.m2\repository\com\fasterxml\classmate\1.5.1\classmate-1.5.1.jar;C:\Users\MANOJ\.m2\repository\org\hibernate\common\hibernate-commons-annotations\5.1.2.Final\hibernate-commons-annotations-5.1.2.Final.jar;C:\Users\MANOJ\.m2\repository\org\glassfish\jaxb\jaxb-runtime\2.3.8\jaxb-runtime-2.3.8.jar;C:\Users\MANOJ\.m2\repository\org\glassfish\jaxb\txw2\2.3.8\txw2-2.3.8.jar;C:\Users\MANOJ\.m2\repository\com\sun\istack\istack-commons-runtime\3.0.12\istack-commons-runtime-3.0.12.jar;C:\Users\MANOJ\.m2\repository\com\sun\a
Launcher Type: SUN_STANDARD

[Global flags]
     intx CICompilerCount                          = 3                                         {product} {ergonomic}
     uint ConcGCThreads                            = 1                                         {product} {ergonomic}
     uint G1ConcRefinementThreads                  = 4                                         {product} {ergonomic}
   size_t G1HeapRegionSize                         = 1048576                                   {product} {ergonomic}
    uintx GCDrainStackTargetSize                   = 64                                        {product} {ergonomic}
   size_t InitialHeapSize                          = 65011712                                  {product} {ergonomic}
     bool ManagementServer                         = true                                      {product} {command line}
   size_t MarkStackSize                            = 4194304                                   {product} {ergonomic}
   size_t MaxHeapSize                              = 1010827264                                {product} {ergonomic}
   size_t MaxNewSize                               = 606076928                                 {product} {ergonomic}
   size_t MinHeapDeltaBytes                        = 1048576                                   {product} {ergonomic}
   size_t MinHeapSize                              = 8388608                                   {product} {ergonomic}
    uintx NonProfiledCodeHeapSize                  = 0                                      {pd product} {ergonomic}
     bool ProfileInterpreter                       = false                                  {pd product} {command line}
    uintx ProfiledCodeHeapSize                     = 0                                      {pd product} {ergonomic}
   size_t SoftMaxHeapSize                          = 1010827264                             {manageable} {ergonomic}
     intx TieredStopAtLevel                        = 1                                         {product} {command line}
     bool UseCompressedClassPointers               = true                           {product lp64_product} {ergonomic}
     bool UseCompressedOops                        = true                           {product lp64_product} {ergonomic}
     bool UseG1GC                                  = true                                      {product} {ergonomic}
     bool UseLargePagesIndividualAllocation        = false                                  {pd product} {ergonomic}

Logging:
Log output configuration:
 #0: stdout all=warning uptime,level,tags
 #1: stderr all=off uptime,level,tags

Environment Variables:
JAVA_HOME=C:\Users\MANOJ\java\jdk-17
PATH=C:\Program Files\Common Files\Oracle\Java\javapath;C:\Program Files (x86)\Common Files\Oracle\Java\javapath;C:\Windows\system32;C:\Windows;C:\Windows\System32\Wbem;C:\Windows\System32\WindowsPowerShell\v1.0\;C:\Windows\System32\OpenSSH\;C:\Program Files\dotnet\;C:\Program Files (x86)\Microsoft SQL Server\160\Tools\Binn\;C:\Program Files\Microsoft SQL Server\160\Tools\Binn\;C:\Program Files\Microsoft SQL Server\Client SDK\ODBC\170\Tools\Binn\;C:\Program Files\Microsoft SQL Server\160\DTS\Binn\;C:\Program Files (x86)\Microsoft SQL Server\160\DTS\Binn\;C:\Program Files\Microsoft SQL Server\150\Tools\Binn\;C:\Program Files\Java\jdk-17\bin;C:\Program Files\nodejs\;C:\Program Files\Git\cmd;C:\Program Files\Docker\Docker\resources\bin;C:\Program Files\MySQL\MySQL Shell 8.0\bin\;C:\Users\MANOJ\AppData\Local\Microsoft\WindowsApps;C:\Users\MANOJ\.dotnet\tools;C:\Users\MANOJ\Java\jdk-21\bin;;C:\Program Files\JetBrains\IntelliJ IDEA 2021.2.3\bin;;C:\Users\MANOJ\AppData\Roaming\npm;C:\Users\MANOJ\AppData\Local\Programs\Microsoft VS Code\bin
USERNAME=PC Solutions
OS=Windows_NT
PROCESSOR_IDENTIFIER=Intel64 Family 6 Model 140 Stepping 1, GenuineIntel



---------------  S Y S T E M  ---------------

OS:
 Windows 10 , 64 bit Build 19041 (10.0.19041.3636)
OS uptime: 0 days 1:29 hours
Hyper-V role detected

CPU: total 4 (initial active 4) (2 cores per cpu, 2 threads per core) family 6 model 140 stepping 1 microcode 0x86, cx8, cmov, fxsr, ht, mmx, 3dnowpref, sse, sse2, sse3, ssse3, sse4.1, sse4.2, popcnt, lzcnt, tsc, tscinvbit, avx, avx2, aes, erms, clmul, bmi1, bmi2, adx, avx512f, avx512dq, avx512cd, avx512bw, avx512vl, sha, fma, vzeroupper, avx512_vpopcntdq, avx512_vpclmulqdq, avx512_vaes, avx512_vnni, clflush, clflushopt, clwb, avx512_vbmi2, avx512_vbmi, hv

Memory: 4k page, system-wide physical 3852M (111M free)
TotalPageFile size 15610M (AvailPageFile size 99M)
current process WorkingSet (physical memory assigned to process): 191M, peak: 208M
current process commit charge ("private bytes"): 271M, peak: 435M

vm_info: Java HotSpot(TM) 64-Bit Server VM (17.0.12+8-LTS-286) for windows-amd64 JRE (17.0.12+8-LTS-286), built on Jun  5 2024 06:46:59 by "mach5one" with MS VC++ 17.6 (VS2022)

END.
